[ 2015-11-18T22:54:22+08:00 ] ::1 /luntan/discuss/index.php/Home/Login/index
INFO: [ app_init ] --START--
INFO: [ app_init ] --END-- [ RunTime:0.025002s ]
INFO: [ path_info ] --START--
INFO: [ path_info ] --END-- [ RunTime:0.000000s ]
INFO: [ app_begin ] --START--
INFO: Run Behavior\ReadHtmlCache [ RunTime:0.001000s ]
INFO: [ app_begin ] --END-- [ RunTime:0.001000s ]
INFO: [ action_begin ] --START--
INFO: [ action_begin ] --END-- [ RunTime:0.000000s ]
NOTIC: [8192] mysql_connect(): The mysql extension is deprecated and will be removed in the future: use mysqli or PDO instead F:\orange\luntan\ThinkPHP\Library\Think\Db\Driver\Mysql.class.php 第 52 行.
SQL: SHOW COLUMNS FROM `user` [ RunTime:0.395022s ]
INFO: [ view_begin ] --START--
INFO: [ view_begin ] --END-- [ RunTime:0.001001s ]
INFO: [ view_parse ] --START--
INFO: Run Behavior\ParseTemplate [ RunTime:0.500028s ]
INFO: [ view_parse ] --END-- [ RunTime:0.500028s ]
INFO: [ view_filter ] --START--
INFO: Run Behavior\WriteHtmlCache [ RunTime:0.000000s ]
INFO: [ view_filter ] --END-- [ RunTime:0.001000s ]
INFO: [ view_end ] --START--
INFO: [ view_end ] --END-- [ RunTime:0.000000s ]
INFO: [ app_end ] --START--
INFO: Run Behavior\ShowPageTrace [ RunTime:0.000000s ]
INFO: [ app_end ] --END-- [ RunTime:0.000000s ]

[ 2015-11-18T22:54:25+08:00 ] ::1 /luntan/discuss/index.php/Home/Article/index?tag=2
INFO: [ app_init ] --START--
INFO: [ app_init ] --END-- [ RunTime:0.001000s ]
INFO: [ path_info ] --START--
INFO: [ path_info ] --END-- [ RunTime:0.000000s ]
INFO: [ app_begin ] --START--
INFO: Run Behavior\ReadHtmlCache [ RunTime:0.001001s ]
INFO: [ app_begin ] --END-- [ RunTime:0.001001s ]
INFO: [ action_begin ] --START--
INFO: [ action_begin ] --END-- [ RunTime:0.000000s ]
NOTIC: [8192] mysql_connect(): The mysql extension is deprecated and will be removed in the future: use mysqli or PDO instead F:\orange\luntan\ThinkPHP\Library\Think\Db\Driver\Mysql.class.php 第 52 行.
SQL: SHOW COLUMNS FROM `article` [ RunTime:0.037002s ]
SQL: SHOW COLUMNS FROM `reply` [ RunTime:0.012001s ]
SQL: SHOW COLUMNS FROM `user` [ RunTime:0.006000s ]
SQL: SELECT COUNT(*) AS tp_count FROM `article` WHERE ( states=1 and tag='2' ) LIMIT 1   [ RunTime:0.077005s ]
SQL: select * from article where ( states=1 and tag='2') order by time desc Limit 0, 8 [ RunTime:0.001000s ]
SQL: SELECT COUNT(*) AS tp_count FROM `reply` WHERE ( a_id=6 and r_id==0 ) LIMIT 1   [ RunTime:0.001000s ]
ERR: 1064:You have an error in your SQL syntax; check the manual that corresponds to your MySQL server version for the right syntax to use near '==0 ) LIMIT 1' at line 1
 [ SQL语句 ] : SELECT COUNT(*) AS tp_count FROM `reply` WHERE ( a_id=6 and r_id==0 ) LIMIT 1  
SQL: SELECT COUNT(*) AS tp_count FROM `reply` WHERE ( a_id=3 and r_id==0 ) LIMIT 1   [ RunTime:0.000000s ]
ERR: 1064:You have an error in your SQL syntax; check the manual that corresponds to your MySQL server version for the right syntax to use near '==0 ) LIMIT 1' at line 1
 [ SQL语句 ] : SELECT COUNT(*) AS tp_count FROM `reply` WHERE ( a_id=3 and r_id==0 ) LIMIT 1  
SQL: SELECT COUNT(*) AS tp_count FROM `reply` WHERE ( a_id=2 and r_id==0 ) LIMIT 1   [ RunTime:0.001000s ]
ERR: 1064:You have an error in your SQL syntax; check the manual that corresponds to your MySQL server version for the right syntax to use near '==0 ) LIMIT 1' at line 1
 [ SQL语句 ] : SELECT COUNT(*) AS tp_count FROM `reply` WHERE ( a_id=2 and r_id==0 ) LIMIT 1  
SQL: SELECT COUNT(*) AS tp_count FROM `reply` WHERE ( a_id=1 and r_id==0 ) LIMIT 1   [ RunTime:0.001000s ]
ERR: 1064:You have an error in your SQL syntax; check the manual that corresponds to your MySQL server version for the right syntax to use near '==0 ) LIMIT 1' at line 1
 [ SQL语句 ] : SELECT COUNT(*) AS tp_count FROM `reply` WHERE ( a_id=1 and r_id==0 ) LIMIT 1  
SQL: SELECT * FROM `user` WHERE ( id=2 )  [ RunTime:0.001000s ]
SQL: SELECT * FROM `user` WHERE ( id=2 )  [ RunTime:0.001000s ]
SQL: SELECT * FROM `user` WHERE ( id=2 )  [ RunTime:0.001000s ]
SQL: SELECT * FROM `user` WHERE ( id=1 )  [ RunTime:0.001000s ]
INFO: [ view_begin ] --START--
INFO: [ view_begin ] --END-- [ RunTime:0.000000s ]
INFO: [ view_parse ] --START--
NOTIC: [2] Illegal string offset 'session' F:\orange\luntan\discuss\Runtime\Cache\2bc625079edd772d2995a98a84b128e7370d40fd.file.index.html.php 第 72 行.
NOTIC: [8] Uninitialized string offset: 0 F:\orange\luntan\discuss\Runtime\Cache\2bc625079edd772d2995a98a84b128e7370d40fd.file.index.html.php 第 72 行.
NOTIC: [2] Illegal string offset 'session' F:\orange\luntan\discuss\Runtime\Cache\2bc625079edd772d2995a98a84b128e7370d40fd.file.index.html.php 第 80 行.
NOTIC: [8] Uninitialized string offset: 0 F:\orange\luntan\discuss\Runtime\Cache\2bc625079edd772d2995a98a84b128e7370d40fd.file.index.html.php 第 80 行.
INFO: Run Behavior\ParseTemplate [ RunTime:0.530030s ]
INFO: [ view_parse ] --END-- [ RunTime:0.531030s ]
INFO: [ view_filter ] --START--
INFO: Run Behavior\WriteHtmlCache [ RunTime:0.000000s ]
INFO: [ view_filter ] --END-- [ RunTime:0.000000s ]
INFO: [ view_end ] --START--
INFO: [ view_end ] --END-- [ RunTime:0.000000s ]
INFO: [ app_end ] --START--
INFO: Run Behavior\ShowPageTrace [ RunTime:0.001000s ]
INFO: [ app_end ] --END-- [ RunTime:0.002000s ]

[ 2015-11-18T22:54:36+08:00 ] ::1 /luntan/discuss/index.php/Home/Article/index?tag=2
INFO: [ app_init ] --START--
INFO: [ app_init ] --END-- [ RunTime:0.000000s ]
INFO: [ path_info ] --START--
INFO: [ path_info ] --END-- [ RunTime:0.000000s ]
INFO: [ app_begin ] --START--
INFO: Run Behavior\ReadHtmlCache [ RunTime:0.000000s ]
INFO: [ app_begin ] --END-- [ RunTime:0.001000s ]
INFO: [ action_begin ] --START--
INFO: [ action_begin ] --END-- [ RunTime:0.001000s ]
NOTIC: [8192] mysql_connect(): The mysql extension is deprecated and will be removed in the future: use mysqli or PDO instead F:\orange\luntan\ThinkPHP\Library\Think\Db\Driver\Mysql.class.php 第 52 行.
SQL: SHOW COLUMNS FROM `article` [ RunTime:0.007000s ]
SQL: SHOW COLUMNS FROM `reply` [ RunTime:0.007001s ]
SQL: SHOW COLUMNS FROM `user` [ RunTime:0.008000s ]
SQL: SELECT COUNT(*) AS tp_count FROM `article` WHERE ( states=1 and tag='2' ) LIMIT 1   [ RunTime:0.000000s ]
SQL: select * from article where ( states=1 and tag='2') order by time desc Limit 0, 8 [ RunTime:0.001000s ]
SQL: SELECT COUNT(*) AS tp_count FROM `reply` WHERE ( a_id=6 and r_id=0 ) LIMIT 1   [ RunTime:0.000000s ]
SQL: SELECT COUNT(*) AS tp_count FROM `reply` WHERE ( a_id=3 and r_id=0 ) LIMIT 1   [ RunTime:0.001000s ]
SQL: SELECT COUNT(*) AS tp_count FROM `reply` WHERE ( a_id=2 and r_id=0 ) LIMIT 1   [ RunTime:0.001000s ]
SQL: SELECT COUNT(*) AS tp_count FROM `reply` WHERE ( a_id=1 and r_id=0 ) LIMIT 1   [ RunTime:0.001000s ]
SQL: SELECT * FROM `user` WHERE ( id=2 )  [ RunTime:0.001000s ]
SQL: SELECT * FROM `user` WHERE ( id=2 )  [ RunTime:0.001000s ]
SQL: SELECT * FROM `user` WHERE ( id=2 )  [ RunTime:0.000000s ]
SQL: SELECT * FROM `user` WHERE ( id=1 )  [ RunTime:0.001000s ]
INFO: [ view_begin ] --START--
INFO: [ view_begin ] --END-- [ RunTime:0.001000s ]
INFO: [ view_parse ] --START--
NOTIC: [2] Illegal string offset 'session' F:\orange\luntan\discuss\Runtime\Cache\2bc625079edd772d2995a98a84b128e7370d40fd.file.index.html.php 第 72 行.
NOTIC: [8] Uninitialized string offset: 0 F:\orange\luntan\discuss\Runtime\Cache\2bc625079edd772d2995a98a84b128e7370d40fd.file.index.html.php 第 72 行.
NOTIC: [2] Illegal string offset 'session' F:\orange\luntan\discuss\Runtime\Cache\2bc625079edd772d2995a98a84b128e7370d40fd.file.index.html.php 第 80 行.
NOTIC: [8] Uninitialized string offset: 0 F:\orange\luntan\discuss\Runtime\Cache\2bc625079edd772d2995a98a84b128e7370d40fd.file.index.html.php 第 80 行.
INFO: Run Behavior\ParseTemplate [ RunTime:0.020001s ]
INFO: [ view_parse ] --END-- [ RunTime:0.020001s ]
INFO: [ view_filter ] --START--
INFO: Run Behavior\WriteHtmlCache [ RunTime:0.000000s ]
INFO: [ view_filter ] --END-- [ RunTime:0.001000s ]
INFO: [ view_end ] --START--
INFO: [ view_end ] --END-- [ RunTime:0.001000s ]
INFO: [ app_end ] --START--
INFO: Run Behavior\ShowPageTrace [ RunTime:0.000000s ]
INFO: [ app_end ] --END-- [ RunTime:0.001000s ]

[ 2015-11-18T22:54:41+08:00 ] ::1 /luntan/discuss/index.php/Home/Article/detail?id=2
INFO: [ app_init ] --START--
INFO: [ app_init ] --END-- [ RunTime:0.002001s ]
INFO: [ path_info ] --START--
INFO: [ path_info ] --END-- [ RunTime:0.001000s ]
INFO: [ app_begin ] --START--
INFO: Run Behavior\ReadHtmlCache [ RunTime:0.001000s ]
INFO: [ app_begin ] --END-- [ RunTime:0.002000s ]
INFO: [ action_begin ] --START--
INFO: [ action_begin ] --END-- [ RunTime:0.001000s ]
NOTIC: [8192] mysql_connect(): The mysql extension is deprecated and will be removed in the future: use mysqli or PDO instead F:\orange\luntan\ThinkPHP\Library\Think\Db\Driver\Mysql.class.php 第 52 行.
SQL: SHOW COLUMNS FROM `article` [ RunTime:0.006001s ]
SQL: SHOW COLUMNS FROM `reply` [ RunTime:0.006000s ]
SQL: SHOW COLUMNS FROM `user` [ RunTime:0.007001s ]
SQL: SHOW COLUMNS FROM `picture` [ RunTime:0.049003s ]
SQL: SELECT * FROM `article` WHERE ( id=2 )  [ RunTime:0.000000s ]
SQL: SELECT COUNT(*) AS tp_count FROM `reply` WHERE ( a_id=2 and r_id =0 ) LIMIT 1   [ RunTime:0.000000s ]
SQL: SELECT * FROM `reply` WHERE ( a_id=2 and r_id =0 ) ORDER BY time desc  [ RunTime:0.001000s ]
SQL: SELECT * FROM `user` WHERE ( id=2 )  [ RunTime:0.001000s ]
SQL: SELECT * FROM `reply` WHERE ( a_id=2 and r_id!=0 ) ORDER BY time desc  [ RunTime:0.001000s ]
SQL: SELECT COUNT(*) AS tp_count FROM `reply` WHERE ( a_id=2 and r_id!=0 ) LIMIT 1   [ RunTime:0.001000s ]
SQL: SELECT * FROM `user` WHERE ( id=4 )  [ RunTime:0.000000s ]
SQL: SELECT * FROM `user` WHERE ( id=2 )  [ RunTime:0.000000s ]
SQL: SELECT * FROM `user` WHERE ( id=2 )  [ RunTime:0.001000s ]
SQL: SELECT * FROM `user` WHERE ( id=4 )  [ RunTime:0.000000s ]
SQL: SELECT * FROM `user` WHERE ( id=4 )  [ RunTime:0.001000s ]
SQL: SELECT * FROM `user` WHERE ( id=4 )  [ RunTime:0.001000s ]
INFO: [ view_begin ] --START--
INFO: [ view_begin ] --END-- [ RunTime:0.000000s ]
INFO: [ view_parse ] --START--
NOTIC: [8] Undefined index: pagelist F:\orange\luntan\discuss\Runtime\Cache\2167ef402be1945f1bdbc925f4ca71da30e26da2.file.detail.html.php 第 219 行.
NOTIC: [8] Trying to get property of non-object F:\orange\luntan\discuss\Runtime\Cache\2167ef402be1945f1bdbc925f4ca71da30e26da2.file.detail.html.php 第 219 行.
INFO: Run Behavior\ParseTemplate [ RunTime:0.742043s ]
INFO: [ view_parse ] --END-- [ RunTime:0.743043s ]
INFO: [ view_filter ] --START--
INFO: Run Behavior\WriteHtmlCache [ RunTime:0.001000s ]
INFO: [ view_filter ] --END-- [ RunTime:0.001000s ]
INFO: [ view_end ] --START--
INFO: [ view_end ] --END-- [ RunTime:0.000000s ]
INFO: [ app_end ] --START--
INFO: Run Behavior\ShowPageTrace [ RunTime:0.000000s ]
INFO: [ app_end ] --END-- [ RunTime:0.002000s ]

[ 2015-11-18T23:04:55+08:00 ] ::1 /luntan/discuss/
INFO: [ app_init ] --START--
INFO: [ app_init ] --END-- [ RunTime:0.000000s ]
INFO: [ app_begin ] --START--
INFO: Run Behavior\ReadHtmlCache [ RunTime:0.000000s ]
INFO: [ app_begin ] --END-- [ RunTime:0.000000s ]
INFO: [ action_begin ] --START--
INFO: [ action_begin ] --END-- [ RunTime:0.000000s ]
INFO: [ view_begin ] --START--
INFO: [ view_begin ] --END-- [ RunTime:0.002500s ]
INFO: [ view_parse ] --START--
INFO: Run Behavior\ParseTemplate [ RunTime:0.321005s ]
INFO: [ view_parse ] --END-- [ RunTime:0.321005s ]
INFO: [ view_filter ] --START--
INFO: Run Behavior\WriteHtmlCache [ RunTime:0.000000s ]
INFO: [ view_filter ] --END-- [ RunTime:0.002500s ]
INFO: [ view_end ] --START--
INFO: [ view_end ] --END-- [ RunTime:0.000000s ]
INFO: [ app_end ] --START--
INFO: Run Behavior\ShowPageTrace [ RunTime:0.002500s ]
INFO: [ app_end ] --END-- [ RunTime:0.002500s ]

[ 2015-11-18T23:06:44+08:00 ] ::1 /luntan/discuss/
INFO: [ app_init ] --START--
INFO: [ app_init ] --END-- [ RunTime:0.000000s ]
INFO: [ app_begin ] --START--
INFO: Run Behavior\ReadHtmlCache [ RunTime:0.000000s ]
INFO: [ app_begin ] --END-- [ RunTime:0.002500s ]
INFO: [ action_begin ] --START--
INFO: [ action_begin ] --END-- [ RunTime:0.002500s ]
INFO: [ view_begin ] --START--
INFO: [ view_begin ] --END-- [ RunTime:0.000000s ]
INFO: [ view_parse ] --START--
INFO: Run Behavior\ParseTemplate [ RunTime:0.039501s ]
INFO: [ view_parse ] --END-- [ RunTime:0.039501s ]
INFO: [ view_filter ] --START--
INFO: Run Behavior\WriteHtmlCache [ RunTime:0.000000s ]
INFO: [ view_filter ] --END-- [ RunTime:0.002501s ]
INFO: [ view_end ] --START--
INFO: [ view_end ] --END-- [ RunTime:0.002500s ]
INFO: [ app_end ] --START--
INFO: Run Behavior\ShowPageTrace [ RunTime:0.001000s ]
INFO: [ app_end ] --END-- [ RunTime:0.002000s ]

[ 2015-11-18T23:06:52+08:00 ] ::1 /luntan/discuss/
INFO: [ app_init ] --START--
INFO: [ app_init ] --END-- [ RunTime:0.000000s ]
INFO: [ app_begin ] --START--
INFO: Run Behavior\ReadHtmlCache [ RunTime:0.002500s ]
INFO: [ app_begin ] --END-- [ RunTime:0.002500s ]
INFO: [ action_begin ] --START--
INFO: [ action_begin ] --END-- [ RunTime:0.000000s ]
INFO: [ view_begin ] --START--
INFO: [ view_begin ] --END-- [ RunTime:0.000000s ]
INFO: [ view_parse ] --START--
INFO: Run Behavior\ParseTemplate [ RunTime:0.030001s ]
INFO: [ view_parse ] --END-- [ RunTime:0.030001s ]
INFO: [ view_filter ] --START--
INFO: Run Behavior\WriteHtmlCache [ RunTime:0.000000s ]
INFO: [ view_filter ] --END-- [ RunTime:0.000000s ]
INFO: [ view_end ] --START--
INFO: [ view_end ] --END-- [ RunTime:0.000000s ]
INFO: [ app_end ] --START--
INFO: Run Behavior\ShowPageTrace [ RunTime:0.000000s ]
INFO: [ app_end ] --END-- [ RunTime:0.000000s ]

[ 2015-11-18T23:13:05+08:00 ] ::1 /luntan/discuss/
INFO: [ app_init ] --START--
INFO: [ app_init ] --END-- [ RunTime:0.000000s ]
INFO: [ app_begin ] --START--
INFO: Run Behavior\ReadHtmlCache [ RunTime:0.000000s ]
INFO: [ app_begin ] --END-- [ RunTime:0.002500s ]
INFO: [ action_begin ] --START--
INFO: [ action_begin ] --END-- [ RunTime:0.002500s ]
INFO: [ view_begin ] --START--
INFO: [ view_begin ] --END-- [ RunTime:0.000000s ]
INFO: [ view_parse ] --START--
INFO: Run Behavior\ParseTemplate [ RunTime:0.030000s ]
INFO: [ view_parse ] --END-- [ RunTime:0.032500s ]
INFO: [ view_filter ] --START--
INFO: Run Behavior\WriteHtmlCache [ RunTime:0.000000s ]
INFO: [ view_filter ] --END-- [ RunTime:0.000000s ]
INFO: [ view_end ] --START--
INFO: [ view_end ] --END-- [ RunTime:0.000000s ]
INFO: [ app_end ] --START--
INFO: Run Behavior\ShowPageTrace [ RunTime:0.002500s ]
INFO: [ app_end ] --END-- [ RunTime:0.002500s ]

[ 2015-11-18T23:25:35+08:00 ] ::1 /luntan/discuss/
INFO: [ app_init ] --START--
INFO: [ app_init ] --END-- [ RunTime:0.002500s ]
INFO: [ app_begin ] --START--
INFO: Run Behavior\ReadHtmlCache [ RunTime:0.001000s ]
INFO: [ app_begin ] --END-- [ RunTime:0.004001s ]
INFO: [ action_begin ] --START--
INFO: [ action_begin ] --END-- [ RunTime:0.000000s ]
INFO: [ view_begin ] --START--
INFO: [ view_begin ] --END-- [ RunTime:0.000000s ]
INFO: [ view_parse ] --START--
INFO: Run Behavior\ParseTemplate [ RunTime:0.403511s ]
INFO: [ view_parse ] --END-- [ RunTime:0.404511s ]
INFO: [ view_filter ] --START--
INFO: Run Behavior\WriteHtmlCache [ RunTime:0.000000s ]
INFO: [ view_filter ] --END-- [ RunTime:0.002500s ]
INFO: [ view_end ] --START--
INFO: [ view_end ] --END-- [ RunTime:0.000000s ]
INFO: [ app_end ] --START--
INFO: Run Behavior\ShowPageTrace [ RunTime:0.000000s ]
INFO: [ app_end ] --END-- [ RunTime:0.000000s ]

