[ 2015-12-01T11:00:56+08:00 ] ::1 /luntan/discuss/index.php/Home/Login/index
INFO: [ app_init ] --START--
INFO: [ app_init ] --END-- [ RunTime:0.036003s ]
INFO: [ path_info ] --START--
INFO: [ path_info ] --END-- [ RunTime:0.001000s ]
INFO: [ app_begin ] --START--
INFO: Run Behavior\ReadHtmlCache [ RunTime:0.001000s ]
INFO: [ app_begin ] --END-- [ RunTime:0.001000s ]
INFO: [ action_begin ] --START--
INFO: [ action_begin ] --END-- [ RunTime:0.001000s ]
NOTIC: [8192] mysql_connect(): The mysql extension is deprecated and will be removed in the future: use mysqli or PDO instead F:\orange\luntan\ThinkPHP\Library\Think\Db\Driver\Mysql.class.php 第 52 行.
SQL: SHOW COLUMNS FROM `user` [ RunTime:0.084005s ]
INFO: [ view_begin ] --START--
INFO: [ view_begin ] --END-- [ RunTime:0.001000s ]
INFO: [ view_parse ] --START--
INFO: Run Behavior\ParseTemplate [ RunTime:0.185011s ]
INFO: [ view_parse ] --END-- [ RunTime:0.186011s ]
INFO: [ view_filter ] --START--
INFO: Run Behavior\WriteHtmlCache [ RunTime:0.001000s ]
INFO: [ view_filter ] --END-- [ RunTime:0.001000s ]
INFO: [ view_end ] --START--
INFO: [ view_end ] --END-- [ RunTime:0.001000s ]
INFO: [ app_end ] --START--
INFO: Run Behavior\ShowPageTrace [ RunTime:0.001000s ]
INFO: [ app_end ] --END-- [ RunTime:0.002000s ]

[ 2015-12-01T11:00:58+08:00 ] ::1 /luntan/discuss/index.php/Home/Article/index?tag=3
INFO: [ app_init ] --START--
INFO: [ app_init ] --END-- [ RunTime:0.002000s ]
INFO: [ path_info ] --START--
INFO: [ path_info ] --END-- [ RunTime:0.000000s ]
INFO: [ app_begin ] --START--
INFO: Run Behavior\ReadHtmlCache [ RunTime:0.001000s ]
INFO: [ app_begin ] --END-- [ RunTime:0.001000s ]
INFO: [ action_begin ] --START--
INFO: [ action_begin ] --END-- [ RunTime:0.001000s ]
NOTIC: [8192] mysql_connect(): The mysql extension is deprecated and will be removed in the future: use mysqli or PDO instead F:\orange\luntan\ThinkPHP\Library\Think\Db\Driver\Mysql.class.php 第 52 行.
SQL: SHOW COLUMNS FROM `article` [ RunTime:0.038002s ]
SQL: SHOW COLUMNS FROM `reply` [ RunTime:0.021001s ]
SQL: SHOW COLUMNS FROM `user` [ RunTime:0.012001s ]
SQL: SELECT COUNT(*) AS tp_count FROM `article` WHERE ( states=1 and tag='3' ) LIMIT 1   [ RunTime:0.077004s ]
SQL: select * from article where ( states=1 and tag='3') order by time desc Limit 0, 8 [ RunTime:0.001000s ]
SQL: SELECT COUNT(*) AS tp_count FROM `reply` WHERE ( a_id=7 and r_id=0 ) LIMIT 1   [ RunTime:0.001000s ]
SQL: SELECT COUNT(*) AS tp_count FROM `reply` WHERE ( a_id=5 and r_id=0 ) LIMIT 1   [ RunTime:0.001000s ]
SQL: SELECT * FROM `user` WHERE ( id=2 )  [ RunTime:0.001000s ]
SQL: SELECT * FROM `user` WHERE ( id=4 )  [ RunTime:0.001000s ]
INFO: [ view_begin ] --START--
INFO: [ view_begin ] --END-- [ RunTime:0.000000s ]
INFO: [ view_parse ] --START--
NOTIC: [2] Illegal string offset 'session' F:\orange\luntan\discuss\Runtime\Cache\2bc625079edd772d2995a98a84b128e7370d40fd.file.index.html.php 第 116 行.
NOTIC: [8] Uninitialized string offset: 0 F:\orange\luntan\discuss\Runtime\Cache\2bc625079edd772d2995a98a84b128e7370d40fd.file.index.html.php 第 116 行.
NOTIC: [2] Illegal string offset 'session' F:\orange\luntan\discuss\Runtime\Cache\2bc625079edd772d2995a98a84b128e7370d40fd.file.index.html.php 第 124 行.
NOTIC: [8] Uninitialized string offset: 0 F:\orange\luntan\discuss\Runtime\Cache\2bc625079edd772d2995a98a84b128e7370d40fd.file.index.html.php 第 124 行.
NOTIC: [2] Illegal string offset 'session' F:\orange\luntan\discuss\Runtime\Cache\2bc625079edd772d2995a98a84b128e7370d40fd.file.index.html.php 第 132 行.
NOTIC: [8] Uninitialized string offset: 0 F:\orange\luntan\discuss\Runtime\Cache\2bc625079edd772d2995a98a84b128e7370d40fd.file.index.html.php 第 132 行.
INFO: Run Behavior\ParseTemplate [ RunTime:0.196011s ]
INFO: [ view_parse ] --END-- [ RunTime:0.196011s ]
INFO: [ view_filter ] --START--
INFO: Run Behavior\WriteHtmlCache [ RunTime:0.001000s ]
INFO: [ view_filter ] --END-- [ RunTime:0.001000s ]
INFO: [ view_end ] --START--
INFO: [ view_end ] --END-- [ RunTime:0.000000s ]
INFO: [ app_end ] --START--
INFO: Run Behavior\ShowPageTrace [ RunTime:0.001000s ]
INFO: [ app_end ] --END-- [ RunTime:0.002000s ]

[ 2015-12-01T11:00:59+08:00 ] ::1 /luntan/discuss/index.php/Home/Article/detail?id=7
INFO: [ app_init ] --START--
INFO: [ app_init ] --END-- [ RunTime:0.001000s ]
INFO: [ path_info ] --START--
INFO: [ path_info ] --END-- [ RunTime:0.001000s ]
INFO: [ app_begin ] --START--
INFO: Run Behavior\ReadHtmlCache [ RunTime:0.001000s ]
INFO: [ app_begin ] --END-- [ RunTime:0.002000s ]
INFO: [ action_begin ] --START--
INFO: [ action_begin ] --END-- [ RunTime:0.000000s ]
NOTIC: [8192] mysql_connect(): The mysql extension is deprecated and will be removed in the future: use mysqli or PDO instead F:\orange\luntan\ThinkPHP\Library\Think\Db\Driver\Mysql.class.php 第 52 行.
SQL: SHOW COLUMNS FROM `article` [ RunTime:0.012000s ]
SQL: SHOW COLUMNS FROM `reply` [ RunTime:0.011001s ]
SQL: SHOW COLUMNS FROM `user` [ RunTime:0.012001s ]
SQL: SHOW COLUMNS FROM `picture` [ RunTime:0.039003s ]
SQL: SELECT * FROM `article` WHERE ( id=7 )  [ RunTime:0.001000s ]
SQL: SELECT COUNT(*) AS tp_count FROM `reply` WHERE ( a_id=7 and r_id =0 ) LIMIT 1   [ RunTime:0.001000s ]
SQL: SELECT * FROM `reply` WHERE ( a_id=7 and r_id =0 ) ORDER BY time desc  [ RunTime:0.001000s ]
SQL: SELECT * FROM `user` WHERE ( id=2 )  [ RunTime:0.001000s ]
SQL: SELECT * FROM `reply` WHERE ( a_id=7 and r_id!=0 ) ORDER BY time desc  [ RunTime:0.001000s ]
SQL: SELECT COUNT(*) AS tp_count FROM `reply` WHERE ( a_id=7 and r_id!=0 ) LIMIT 1   [ RunTime:0.001000s ]
INFO: [ view_begin ] --START--
INFO: [ view_begin ] --END-- [ RunTime:0.000000s ]
INFO: [ view_parse ] --START--
NOTIC: [8] Undefined index: pagelist F:\orange\luntan\discuss\Runtime\Cache\2167ef402be1945f1bdbc925f4ca71da30e26da2.file.detail.html.php 第 270 行.
NOTIC: [8] Trying to get property of non-object F:\orange\luntan\discuss\Runtime\Cache\2167ef402be1945f1bdbc925f4ca71da30e26da2.file.detail.html.php 第 270 行.
INFO: Run Behavior\ParseTemplate [ RunTime:0.049003s ]
INFO: [ view_parse ] --END-- [ RunTime:0.050003s ]
INFO: [ view_filter ] --START--
INFO: Run Behavior\WriteHtmlCache [ RunTime:0.000000s ]
INFO: [ view_filter ] --END-- [ RunTime:0.002000s ]
INFO: [ view_end ] --START--
INFO: [ view_end ] --END-- [ RunTime:0.001000s ]
INFO: [ app_end ] --START--
INFO: Run Behavior\ShowPageTrace [ RunTime:0.001000s ]
INFO: [ app_end ] --END-- [ RunTime:0.001000s ]

[ 2015-12-01T11:01:03+08:00 ] ::1 /luntan/discuss/index.php/Home/Article/detail?id=5
INFO: [ app_init ] --START--
INFO: [ app_init ] --END-- [ RunTime:0.002000s ]
INFO: [ path_info ] --START--
INFO: [ path_info ] --END-- [ RunTime:0.001000s ]
INFO: [ app_begin ] --START--
INFO: Run Behavior\ReadHtmlCache [ RunTime:0.000000s ]
INFO: [ app_begin ] --END-- [ RunTime:0.002000s ]
INFO: [ action_begin ] --START--
INFO: [ action_begin ] --END-- [ RunTime:0.001000s ]
NOTIC: [8192] mysql_connect(): The mysql extension is deprecated and will be removed in the future: use mysqli or PDO instead F:\orange\luntan\ThinkPHP\Library\Think\Db\Driver\Mysql.class.php 第 52 行.
SQL: SHOW COLUMNS FROM `article` [ RunTime:0.012001s ]
SQL: SHOW COLUMNS FROM `reply` [ RunTime:0.011001s ]
SQL: SHOW COLUMNS FROM `user` [ RunTime:0.011001s ]
SQL: SHOW COLUMNS FROM `picture` [ RunTime:0.011001s ]
SQL: SELECT * FROM `article` WHERE ( id=5 )  [ RunTime:0.001000s ]
SQL: SELECT COUNT(*) AS tp_count FROM `reply` WHERE ( a_id=5 and r_id =0 ) LIMIT 1   [ RunTime:0.001000s ]
SQL: SELECT * FROM `reply` WHERE ( a_id=5 and r_id =0 ) ORDER BY time desc  [ RunTime:0.002000s ]
SQL: SELECT * FROM `user` WHERE ( id=4 )  [ RunTime:0.000000s ]
SQL: SELECT * FROM `reply` WHERE ( a_id=5 and r_id!=0 ) ORDER BY time desc  [ RunTime:0.001000s ]
SQL: SELECT COUNT(*) AS tp_count FROM `reply` WHERE ( a_id=5 and r_id!=0 ) LIMIT 1   [ RunTime:0.001000s ]
INFO: [ view_begin ] --START--
INFO: [ view_begin ] --END-- [ RunTime:0.001000s ]
INFO: [ view_parse ] --START--
NOTIC: [8] Undefined index: pagelist F:\orange\luntan\discuss\Runtime\Cache\2167ef402be1945f1bdbc925f4ca71da30e26da2.file.detail.html.php 第 270 行.
NOTIC: [8] Trying to get property of non-object F:\orange\luntan\discuss\Runtime\Cache\2167ef402be1945f1bdbc925f4ca71da30e26da2.file.detail.html.php 第 270 行.
INFO: Run Behavior\ParseTemplate [ RunTime:0.033002s ]
INFO: [ view_parse ] --END-- [ RunTime:0.034002s ]
INFO: [ view_filter ] --START--
INFO: Run Behavior\WriteHtmlCache [ RunTime:0.001000s ]
INFO: [ view_filter ] --END-- [ RunTime:0.001000s ]
INFO: [ view_end ] --START--
INFO: [ view_end ] --END-- [ RunTime:0.001000s ]
INFO: [ app_end ] --START--
INFO: Run Behavior\ShowPageTrace [ RunTime:0.000000s ]
INFO: [ app_end ] --END-- [ RunTime:0.002000s ]

[ 2015-12-01T11:01:09+08:00 ] ::1 /luntan/discuss/index.php/Home/Article/index?tag=2
INFO: [ app_init ] --START--
INFO: [ app_init ] --END-- [ RunTime:0.002000s ]
INFO: [ path_info ] --START--
INFO: [ path_info ] --END-- [ RunTime:0.001000s ]
INFO: [ app_begin ] --START--
INFO: Run Behavior\ReadHtmlCache [ RunTime:0.001000s ]
INFO: [ app_begin ] --END-- [ RunTime:0.002000s ]
INFO: [ action_begin ] --START--
INFO: [ action_begin ] --END-- [ RunTime:0.001000s ]
NOTIC: [8192] mysql_connect(): The mysql extension is deprecated and will be removed in the future: use mysqli or PDO instead F:\orange\luntan\ThinkPHP\Library\Think\Db\Driver\Mysql.class.php 第 52 行.
SQL: SHOW COLUMNS FROM `article` [ RunTime:0.011000s ]
SQL: SHOW COLUMNS FROM `reply` [ RunTime:0.011000s ]
SQL: SHOW COLUMNS FROM `user` [ RunTime:0.010000s ]
SQL: SELECT COUNT(*) AS tp_count FROM `article` WHERE ( states=1 and tag='2' ) LIMIT 1   [ RunTime:0.001000s ]
SQL: select * from article where ( states=1 and tag='2') order by time desc Limit 0, 8 [ RunTime:0.002001s ]
SQL: SELECT COUNT(*) AS tp_count FROM `reply` WHERE ( a_id=8 and r_id=0 ) LIMIT 1   [ RunTime:0.001000s ]
SQL: SELECT COUNT(*) AS tp_count FROM `reply` WHERE ( a_id=6 and r_id=0 ) LIMIT 1   [ RunTime:0.001000s ]
SQL: SELECT COUNT(*) AS tp_count FROM `reply` WHERE ( a_id=3 and r_id=0 ) LIMIT 1   [ RunTime:0.001000s ]
SQL: SELECT COUNT(*) AS tp_count FROM `reply` WHERE ( a_id=2 and r_id=0 ) LIMIT 1   [ RunTime:0.001000s ]
SQL: SELECT COUNT(*) AS tp_count FROM `reply` WHERE ( a_id=1 and r_id=0 ) LIMIT 1   [ RunTime:0.001000s ]
SQL: SELECT * FROM `user` WHERE ( id=2 )  [ RunTime:0.001001s ]
SQL: SELECT * FROM `user` WHERE ( id=2 )  [ RunTime:0.001000s ]
SQL: SELECT * FROM `user` WHERE ( id=2 )  [ RunTime:0.000000s ]
SQL: SELECT * FROM `user` WHERE ( id=2 )  [ RunTime:0.001000s ]
SQL: SELECT * FROM `user` WHERE ( id=1 )  [ RunTime:0.001000s ]
INFO: [ view_begin ] --START--
INFO: [ view_begin ] --END-- [ RunTime:0.000000s ]
INFO: [ view_parse ] --START--
NOTIC: [2] Illegal string offset 'session' F:\orange\luntan\discuss\Runtime\Cache\2bc625079edd772d2995a98a84b128e7370d40fd.file.index.html.php 第 116 行.
NOTIC: [8] Uninitialized string offset: 0 F:\orange\luntan\discuss\Runtime\Cache\2bc625079edd772d2995a98a84b128e7370d40fd.file.index.html.php 第 116 行.
NOTIC: [2] Illegal string offset 'session' F:\orange\luntan\discuss\Runtime\Cache\2bc625079edd772d2995a98a84b128e7370d40fd.file.index.html.php 第 124 行.
NOTIC: [8] Uninitialized string offset: 0 F:\orange\luntan\discuss\Runtime\Cache\2bc625079edd772d2995a98a84b128e7370d40fd.file.index.html.php 第 124 行.
NOTIC: [2] Illegal string offset 'session' F:\orange\luntan\discuss\Runtime\Cache\2bc625079edd772d2995a98a84b128e7370d40fd.file.index.html.php 第 132 行.
NOTIC: [8] Uninitialized string offset: 0 F:\orange\luntan\discuss\Runtime\Cache\2bc625079edd772d2995a98a84b128e7370d40fd.file.index.html.php 第 132 行.
INFO: Run Behavior\ParseTemplate [ RunTime:0.041003s ]
INFO: [ view_parse ] --END-- [ RunTime:0.042003s ]
INFO: [ view_filter ] --START--
INFO: Run Behavior\WriteHtmlCache [ RunTime:0.001000s ]
INFO: [ view_filter ] --END-- [ RunTime:0.001000s ]
INFO: [ view_end ] --START--
INFO: [ view_end ] --END-- [ RunTime:0.001000s ]
INFO: [ app_end ] --START--
INFO: Run Behavior\ShowPageTrace [ RunTime:0.001001s ]
INFO: [ app_end ] --END-- [ RunTime:0.002001s ]

[ 2015-12-01T11:01:10+08:00 ] ::1 /luntan/discuss/index.php/Home/Article/detail?id=8
INFO: [ app_init ] --START--
INFO: [ app_init ] --END-- [ RunTime:0.001000s ]
INFO: [ path_info ] --START--
INFO: [ path_info ] --END-- [ RunTime:0.001000s ]
INFO: [ app_begin ] --START--
INFO: Run Behavior\ReadHtmlCache [ RunTime:0.001000s ]
INFO: [ app_begin ] --END-- [ RunTime:0.001000s ]
INFO: [ action_begin ] --START--
INFO: [ action_begin ] --END-- [ RunTime:0.000000s ]
NOTIC: [8192] mysql_connect(): The mysql extension is deprecated and will be removed in the future: use mysqli or PDO instead F:\orange\luntan\ThinkPHP\Library\Think\Db\Driver\Mysql.class.php 第 52 行.
SQL: SHOW COLUMNS FROM `article` [ RunTime:0.012001s ]
SQL: SHOW COLUMNS FROM `reply` [ RunTime:0.011001s ]
SQL: SHOW COLUMNS FROM `user` [ RunTime:0.011000s ]
SQL: SHOW COLUMNS FROM `picture` [ RunTime:0.010000s ]
SQL: SELECT * FROM `article` WHERE ( id=8 )  [ RunTime:0.001000s ]
SQL: SELECT COUNT(*) AS tp_count FROM `reply` WHERE ( a_id=8 and r_id =0 ) LIMIT 1   [ RunTime:0.001000s ]
SQL: SELECT * FROM `reply` WHERE ( a_id=8 and r_id =0 ) ORDER BY time desc  [ RunTime:0.001000s ]
SQL: SELECT * FROM `user` WHERE ( id=2 )  [ RunTime:0.001000s ]
SQL: SELECT * FROM `reply` WHERE ( a_id=8 and r_id!=0 ) ORDER BY time desc  [ RunTime:0.001000s ]
SQL: SELECT COUNT(*) AS tp_count FROM `reply` WHERE ( a_id=8 and r_id!=0 ) LIMIT 1   [ RunTime:0.002000s ]
SQL: SELECT * FROM `user` WHERE ( id=2 )  [ RunTime:0.000000s ]
SQL: SELECT * FROM `user` WHERE ( id=2 )  [ RunTime:0.001000s ]
INFO: [ view_begin ] --START--
INFO: [ view_begin ] --END-- [ RunTime:0.000000s ]
INFO: [ view_parse ] --START--
NOTIC: [8] Undefined index: pagelist F:\orange\luntan\discuss\Runtime\Cache\2167ef402be1945f1bdbc925f4ca71da30e26da2.file.detail.html.php 第 270 行.
NOTIC: [8] Trying to get property of non-object F:\orange\luntan\discuss\Runtime\Cache\2167ef402be1945f1bdbc925f4ca71da30e26da2.file.detail.html.php 第 270 行.
INFO: Run Behavior\ParseTemplate [ RunTime:0.036002s ]
INFO: [ view_parse ] --END-- [ RunTime:0.038002s ]
INFO: [ view_filter ] --START--
INFO: Run Behavior\WriteHtmlCache [ RunTime:0.000000s ]
INFO: [ view_filter ] --END-- [ RunTime:0.002000s ]
INFO: [ view_end ] --START--
INFO: [ view_end ] --END-- [ RunTime:0.001000s ]
INFO: [ app_end ] --START--
INFO: Run Behavior\ShowPageTrace [ RunTime:0.000000s ]
INFO: [ app_end ] --END-- [ RunTime:0.002000s ]

[ 2015-12-01T11:01:14+08:00 ] ::1 /luntan/discuss/index.php/Home/Article/detail?id=3
INFO: [ app_init ] --START--
INFO: [ app_init ] --END-- [ RunTime:0.001000s ]
INFO: [ path_info ] --START--
INFO: [ path_info ] --END-- [ RunTime:0.001000s ]
INFO: [ app_begin ] --START--
INFO: Run Behavior\ReadHtmlCache [ RunTime:0.001000s ]
INFO: [ app_begin ] --END-- [ RunTime:0.002000s ]
INFO: [ action_begin ] --START--
INFO: [ action_begin ] --END-- [ RunTime:0.001000s ]
NOTIC: [8192] mysql_connect(): The mysql extension is deprecated and will be removed in the future: use mysqli or PDO instead F:\orange\luntan\ThinkPHP\Library\Think\Db\Driver\Mysql.class.php 第 52 行.
SQL: SHOW COLUMNS FROM `article` [ RunTime:0.011001s ]
SQL: SHOW COLUMNS FROM `reply` [ RunTime:0.012001s ]
SQL: SHOW COLUMNS FROM `user` [ RunTime:0.012001s ]
SQL: SHOW COLUMNS FROM `picture` [ RunTime:0.012001s ]
SQL: SELECT * FROM `article` WHERE ( id=3 )  [ RunTime:0.002000s ]
SQL: SELECT COUNT(*) AS tp_count FROM `reply` WHERE ( a_id=3 and r_id =0 ) LIMIT 1   [ RunTime:0.000000s ]
SQL: SELECT * FROM `reply` WHERE ( a_id=3 and r_id =0 ) ORDER BY time desc  [ RunTime:0.001000s ]
SQL: SELECT * FROM `user` WHERE ( id=2 )  [ RunTime:0.001000s ]
SQL: SELECT * FROM `reply` WHERE ( a_id=3 and r_id!=0 ) ORDER BY time desc  [ RunTime:0.001000s ]
SQL: SELECT COUNT(*) AS tp_count FROM `reply` WHERE ( a_id=3 and r_id!=0 ) LIMIT 1   [ RunTime:0.000000s ]
INFO: [ view_begin ] --START--
INFO: [ view_begin ] --END-- [ RunTime:0.000000s ]
INFO: [ view_parse ] --START--
NOTIC: [8] Undefined index: pagelist F:\orange\luntan\discuss\Runtime\Cache\2167ef402be1945f1bdbc925f4ca71da30e26da2.file.detail.html.php 第 270 行.
NOTIC: [8] Trying to get property of non-object F:\orange\luntan\discuss\Runtime\Cache\2167ef402be1945f1bdbc925f4ca71da30e26da2.file.detail.html.php 第 270 行.
INFO: Run Behavior\ParseTemplate [ RunTime:0.034002s ]
INFO: [ view_parse ] --END-- [ RunTime:0.034002s ]
INFO: [ view_filter ] --START--
INFO: Run Behavior\WriteHtmlCache [ RunTime:0.000000s ]
INFO: [ view_filter ] --END-- [ RunTime:0.001000s ]
INFO: [ view_end ] --START--
INFO: [ view_end ] --END-- [ RunTime:0.000000s ]
INFO: [ app_end ] --START--
INFO: Run Behavior\ShowPageTrace [ RunTime:0.000000s ]
INFO: [ app_end ] --END-- [ RunTime:0.002000s ]

[ 2015-12-01T11:01:17+08:00 ] ::1 /luntan/discuss/index.php/Home/Article/index?tag=1
INFO: [ app_init ] --START--
INFO: [ app_init ] --END-- [ RunTime:0.002000s ]
INFO: [ path_info ] --START--
INFO: [ path_info ] --END-- [ RunTime:0.000000s ]
INFO: [ app_begin ] --START--
INFO: Run Behavior\ReadHtmlCache [ RunTime:0.001000s ]
INFO: [ app_begin ] --END-- [ RunTime:0.002000s ]
INFO: [ action_begin ] --START--
INFO: [ action_begin ] --END-- [ RunTime:0.001000s ]
NOTIC: [8192] mysql_connect(): The mysql extension is deprecated and will be removed in the future: use mysqli or PDO instead F:\orange\luntan\ThinkPHP\Library\Think\Db\Driver\Mysql.class.php 第 52 行.
SQL: SHOW COLUMNS FROM `article` [ RunTime:0.013001s ]
SQL: SHOW COLUMNS FROM `reply` [ RunTime:0.011001s ]
SQL: SHOW COLUMNS FROM `user` [ RunTime:0.012000s ]
SQL: SELECT COUNT(*) AS tp_count FROM `article` WHERE ( states=1 and tag='1' ) LIMIT 1   [ RunTime:0.000000s ]
SQL: select * from article where ( states=1 and tag='1') order by time desc Limit 0, 8 [ RunTime:0.001000s ]
SQL: SELECT COUNT(*) AS tp_count FROM `reply` WHERE ( a_id=4 and r_id=0 ) LIMIT 1   [ RunTime:0.001000s ]
SQL: SELECT * FROM `user` WHERE ( id=2 )  [ RunTime:0.001000s ]
INFO: [ view_begin ] --START--
INFO: [ view_begin ] --END-- [ RunTime:0.000000s ]
INFO: [ view_parse ] --START--
NOTIC: [2] Illegal string offset 'session' F:\orange\luntan\discuss\Runtime\Cache\2bc625079edd772d2995a98a84b128e7370d40fd.file.index.html.php 第 116 行.
NOTIC: [8] Uninitialized string offset: 0 F:\orange\luntan\discuss\Runtime\Cache\2bc625079edd772d2995a98a84b128e7370d40fd.file.index.html.php 第 116 行.
NOTIC: [2] Illegal string offset 'session' F:\orange\luntan\discuss\Runtime\Cache\2bc625079edd772d2995a98a84b128e7370d40fd.file.index.html.php 第 124 行.
NOTIC: [8] Uninitialized string offset: 0 F:\orange\luntan\discuss\Runtime\Cache\2bc625079edd772d2995a98a84b128e7370d40fd.file.index.html.php 第 124 行.
NOTIC: [2] Illegal string offset 'session' F:\orange\luntan\discuss\Runtime\Cache\2bc625079edd772d2995a98a84b128e7370d40fd.file.index.html.php 第 132 行.
NOTIC: [8] Uninitialized string offset: 0 F:\orange\luntan\discuss\Runtime\Cache\2bc625079edd772d2995a98a84b128e7370d40fd.file.index.html.php 第 132 行.
INFO: Run Behavior\ParseTemplate [ RunTime:0.036002s ]
INFO: [ view_parse ] --END-- [ RunTime:0.038002s ]
INFO: [ view_filter ] --START--
INFO: Run Behavior\WriteHtmlCache [ RunTime:0.001000s ]
INFO: [ view_filter ] --END-- [ RunTime:0.001000s ]
INFO: [ view_end ] --START--
INFO: [ view_end ] --END-- [ RunTime:0.000000s ]
INFO: [ app_end ] --START--
INFO: Run Behavior\ShowPageTrace [ RunTime:0.001000s ]
INFO: [ app_end ] --END-- [ RunTime:0.001000s ]

[ 2015-12-01T11:01:18+08:00 ] ::1 /luntan/discuss/index.php/Home/Article/detail?id=4
INFO: [ app_init ] --START--
INFO: [ app_init ] --END-- [ RunTime:0.001000s ]
INFO: [ path_info ] --START--
INFO: [ path_info ] --END-- [ RunTime:0.000000s ]
INFO: [ app_begin ] --START--
INFO: Run Behavior\ReadHtmlCache [ RunTime:0.000000s ]
INFO: [ app_begin ] --END-- [ RunTime:0.002000s ]
INFO: [ action_begin ] --START--
INFO: [ action_begin ] --END-- [ RunTime:0.000000s ]
NOTIC: [8192] mysql_connect(): The mysql extension is deprecated and will be removed in the future: use mysqli or PDO instead F:\orange\luntan\ThinkPHP\Library\Think\Db\Driver\Mysql.class.php 第 52 行.
SQL: SHOW COLUMNS FROM `article` [ RunTime:0.011001s ]
SQL: SHOW COLUMNS FROM `reply` [ RunTime:0.012001s ]
SQL: SHOW COLUMNS FROM `user` [ RunTime:0.012001s ]
SQL: SHOW COLUMNS FROM `picture` [ RunTime:0.012001s ]
SQL: SELECT * FROM `article` WHERE ( id=4 )  [ RunTime:0.001000s ]
SQL: SELECT COUNT(*) AS tp_count FROM `reply` WHERE ( a_id=4 and r_id =0 ) LIMIT 1   [ RunTime:0.001000s ]
SQL: SELECT * FROM `reply` WHERE ( a_id=4 and r_id =0 ) ORDER BY time desc  [ RunTime:0.001000s ]
SQL: SELECT * FROM `user` WHERE ( id=2 )  [ RunTime:0.001000s ]
SQL: SELECT * FROM `reply` WHERE ( a_id=4 and r_id!=0 ) ORDER BY time desc  [ RunTime:0.001000s ]
SQL: SELECT COUNT(*) AS tp_count FROM `reply` WHERE ( a_id=4 and r_id!=0 ) LIMIT 1   [ RunTime:0.001000s ]
SQL: SELECT * FROM `user` WHERE ( id=4 )  [ RunTime:0.001000s ]
SQL: SELECT * FROM `user` WHERE ( id=2 )  [ RunTime:0.001000s ]
SQL: SELECT * FROM `user` WHERE ( id=2 )  [ RunTime:0.001000s ]
SQL: SELECT * FROM `user` WHERE ( id=2 )  [ RunTime:0.001000s ]
INFO: [ view_begin ] --START--
INFO: [ view_begin ] --END-- [ RunTime:0.000000s ]
INFO: [ view_parse ] --START--
NOTIC: [8] Undefined index: pagelist F:\orange\luntan\discuss\Runtime\Cache\2167ef402be1945f1bdbc925f4ca71da30e26da2.file.detail.html.php 第 270 行.
NOTIC: [8] Trying to get property of non-object F:\orange\luntan\discuss\Runtime\Cache\2167ef402be1945f1bdbc925f4ca71da30e26da2.file.detail.html.php 第 270 行.
INFO: Run Behavior\ParseTemplate [ RunTime:0.037002s ]
INFO: [ view_parse ] --END-- [ RunTime:0.039002s ]
INFO: [ view_filter ] --START--
INFO: Run Behavior\WriteHtmlCache [ RunTime:0.000000s ]
INFO: [ view_filter ] --END-- [ RunTime:0.001000s ]
INFO: [ view_end ] --START--
INFO: [ view_end ] --END-- [ RunTime:0.000000s ]
INFO: [ app_end ] --START--
INFO: Run Behavior\ShowPageTrace [ RunTime:0.001000s ]
INFO: [ app_end ] --END-- [ RunTime:0.002000s ]

