[ 2015-12-20T15:13:13+08:00 ] ::1 /luntan/discuss/index.php/Home/User/onelevel
INFO: [ app_init ] --START--
INFO: [ app_init ] --END-- [ RunTime:0.013001s ]
INFO: [ path_info ] --START--
INFO: [ path_info ] --END-- [ RunTime:0.000000s ]
INFO: [ app_begin ] --START--
INFO: Run Behavior\ReadHtmlCache [ RunTime:0.000000s ]
INFO: [ app_begin ] --END-- [ RunTime:0.002000s ]
ERR: 无法加载控制器:User

[ 2015-12-20T15:52:11+08:00 ] ::1 /luntan/discuss/index.php/Home/Article/detail?id=4
INFO: [ app_init ] --START--
INFO: [ app_init ] --END-- [ RunTime:0.002000s ]
INFO: [ path_info ] --START--
INFO: [ path_info ] --END-- [ RunTime:0.000000s ]
INFO: [ app_begin ] --START--
INFO: Run Behavior\ReadHtmlCache [ RunTime:0.001000s ]
INFO: [ app_begin ] --END-- [ RunTime:0.002000s ]
INFO: [ action_begin ] --START--
INFO: [ action_begin ] --END-- [ RunTime:0.000000s ]
NOTIC: [8192] mysql_connect(): The mysql extension is deprecated and will be removed in the future: use mysqli or PDO instead F:\orange\luntan\ThinkPHP\Library\Think\Db\Driver\Mysql.class.php 第 52 行.
SQL: SHOW COLUMNS FROM `article` [ RunTime:0.012001s ]
SQL: SHOW COLUMNS FROM `reply` [ RunTime:0.011001s ]
SQL: SHOW COLUMNS FROM `user` [ RunTime:0.013001s ]
SQL: SHOW COLUMNS FROM `picture` [ RunTime:0.010001s ]
SQL: SELECT * FROM `article` WHERE ( id=4 )  [ RunTime:0.001000s ]
SQL: SELECT COUNT(*) AS tp_count FROM `reply` WHERE ( a_id=4 and r_id =0 ) LIMIT 1   [ RunTime:0.001000s ]
SQL: SELECT * FROM `reply` WHERE ( a_id=4 and r_id =0 ) ORDER BY time desc  [ RunTime:0.001000s ]
SQL: SELECT * FROM `user` WHERE ( id=2 )  [ RunTime:0.001000s ]
SQL: SELECT * FROM `reply` WHERE ( a_id=4 and r_id!=0 ) ORDER BY time desc  [ RunTime:0.001001s ]
SQL: SELECT COUNT(*) AS tp_count FROM `reply` WHERE ( a_id=4 and r_id!=0 ) LIMIT 1   [ RunTime:0.001000s ]
SQL: SELECT * FROM `user` WHERE ( id=4 )  [ RunTime:0.001000s ]
SQL: SELECT * FROM `user` WHERE ( id=2 )  [ RunTime:0.001000s ]
SQL: SELECT * FROM `user` WHERE ( id=2 )  [ RunTime:0.000000s ]
SQL: SELECT * FROM `user` WHERE ( id=2 )  [ RunTime:0.001000s ]
INFO: [ view_begin ] --START--
INFO: [ view_begin ] --END-- [ RunTime:0.001000s ]
INFO: [ view_parse ] --START--
NOTIC: [8] Undefined index: pagelist F:\orange\luntan\discuss\Runtime\Cache\2167ef402be1945f1bdbc925f4ca71da30e26da2.file.detail.html.php 第 270 行.
NOTIC: [8] Trying to get property of non-object F:\orange\luntan\discuss\Runtime\Cache\2167ef402be1945f1bdbc925f4ca71da30e26da2.file.detail.html.php 第 270 行.
INFO: Run Behavior\ParseTemplate [ RunTime:0.317018s ]
INFO: [ view_parse ] --END-- [ RunTime:0.318018s ]
INFO: [ view_filter ] --START--
INFO: Run Behavior\WriteHtmlCache [ RunTime:0.000000s ]
INFO: [ view_filter ] --END-- [ RunTime:0.001000s ]
INFO: [ view_end ] --START--
INFO: [ view_end ] --END-- [ RunTime:0.000000s ]
INFO: [ app_end ] --START--
INFO: Run Behavior\ShowPageTrace [ RunTime:0.000000s ]
INFO: [ app_end ] --END-- [ RunTime:0.002000s ]

