[ 2015-12-21T17:55:45+08:00 ] ::1 /luntan/discuss/index.php/Home/Login/index
INFO: [ app_init ] --START--
INFO: [ app_init ] --END-- [ RunTime:0.025000s ]
INFO: [ path_info ] --START--
INFO: [ path_info ] --END-- [ RunTime:0.000000s ]
INFO: [ app_begin ] --START--
INFO: Run Behavior\ReadHtmlCache [ RunTime:0.002500s ]
INFO: [ app_begin ] --END-- [ RunTime:0.002500s ]
INFO: [ action_begin ] --START--
INFO: [ action_begin ] --END-- [ RunTime:0.000000s ]
NOTIC: [8192] mysql_connect(): The mysql extension is deprecated and will be removed in the future: use mysqli or PDO instead F:\orange\luntan\ThinkPHP\Library\Think\Db\Driver\Mysql.class.php 第 52 行.
SQL: SHOW COLUMNS FROM `user` [ RunTime:0.060001s ]
INFO: [ view_begin ] --START--
INFO: [ view_begin ] --END-- [ RunTime:0.000000s ]
INFO: [ view_parse ] --START--
INFO: Run Behavior\ParseTemplate [ RunTime:0.325005s ]
INFO: [ view_parse ] --END-- [ RunTime:0.327505s ]
INFO: [ view_filter ] --START--
INFO: Run Behavior\WriteHtmlCache [ RunTime:0.000000s ]
INFO: [ view_filter ] --END-- [ RunTime:0.002500s ]
INFO: [ view_end ] --START--
INFO: [ view_end ] --END-- [ RunTime:0.002500s ]
INFO: [ app_end ] --START--
INFO: Run Behavior\ShowPageTrace [ RunTime:0.000000s ]
INFO: [ app_end ] --END-- [ RunTime:0.000000s ]

[ 2015-12-21T20:23:14+08:00 ] ::1 /luntan/discuss/index.php/Home/Login/index
INFO: [ app_init ] --START--
INFO: [ app_init ] --END-- [ RunTime:0.010000s ]
INFO: [ path_info ] --START--
INFO: [ path_info ] --END-- [ RunTime:0.002500s ]
INFO: [ app_begin ] --START--
INFO: Run Behavior\ReadHtmlCache [ RunTime:0.000000s ]
INFO: [ app_begin ] --END-- [ RunTime:0.000000s ]
INFO: [ action_begin ] --START--
INFO: [ action_begin ] --END-- [ RunTime:0.000000s ]
NOTIC: [8192] mysql_connect(): The mysql extension is deprecated and will be removed in the future: use mysqli or PDO instead F:\orange\luntan\ThinkPHP\Library\Think\Db\Driver\Mysql.class.php 第 52 行.
SQL: SHOW COLUMNS FROM `user` [ RunTime:0.010000s ]
INFO: [ view_begin ] --START--
INFO: [ view_begin ] --END-- [ RunTime:0.000000s ]
INFO: [ view_parse ] --START--
INFO: Run Behavior\ParseTemplate [ RunTime:0.132502s ]
INFO: [ view_parse ] --END-- [ RunTime:0.132502s ]
INFO: [ view_filter ] --START--
INFO: Run Behavior\WriteHtmlCache [ RunTime:0.000000s ]
INFO: [ view_filter ] --END-- [ RunTime:0.002500s ]
INFO: [ view_end ] --START--
INFO: [ view_end ] --END-- [ RunTime:0.000000s ]
INFO: [ app_end ] --START--
INFO: Run Behavior\ShowPageTrace [ RunTime:0.000000s ]
INFO: [ app_end ] --END-- [ RunTime:0.000000s ]

[ 2015-12-21T20:23:26+08:00 ] ::1 /luntan/discuss/index.php/Home/Login/index
INFO: [ app_init ] --START--
INFO: [ app_init ] --END-- [ RunTime:0.000000s ]
INFO: [ path_info ] --START--
INFO: [ path_info ] --END-- [ RunTime:0.000000s ]
INFO: [ app_begin ] --START--
INFO: Run Behavior\ReadHtmlCache [ RunTime:0.000000s ]
INFO: [ app_begin ] --END-- [ RunTime:0.002500s ]
INFO: [ action_begin ] --START--
INFO: [ action_begin ] --END-- [ RunTime:0.000000s ]
NOTIC: [8192] mysql_connect(): The mysql extension is deprecated and will be removed in the future: use mysqli or PDO instead F:\orange\luntan\ThinkPHP\Library\Think\Db\Driver\Mysql.class.php 第 52 行.
SQL: SHOW COLUMNS FROM `user` [ RunTime:0.010000s ]
SQL: SELECT * FROM `user` WHERE ( `username` = '熊' ) LIMIT 1   [ RunTime:0.002500s ]

[ 2015-12-21T20:23:29+08:00 ] ::1 /luntan/discuss/index.php?m=Home&c=Login&a=index
INFO: [ app_init ] --START--
INFO: [ app_init ] --END-- [ RunTime:0.002500s ]
INFO: [ app_begin ] --START--
INFO: Run Behavior\ReadHtmlCache [ RunTime:0.000000s ]
INFO: [ app_begin ] --END-- [ RunTime:0.000000s ]
INFO: [ action_begin ] --START--
INFO: [ action_begin ] --END-- [ RunTime:0.000000s ]
NOTIC: [8192] mysql_connect(): The mysql extension is deprecated and will be removed in the future: use mysqli or PDO instead F:\orange\luntan\ThinkPHP\Library\Think\Db\Driver\Mysql.class.php 第 52 行.
SQL: SHOW COLUMNS FROM `user` [ RunTime:0.012500s ]
INFO: [ view_begin ] --START--
INFO: [ view_begin ] --END-- [ RunTime:0.000000s ]
INFO: [ view_parse ] --START--
INFO: Run Behavior\ParseTemplate [ RunTime:0.040000s ]
INFO: [ view_parse ] --END-- [ RunTime:0.040000s ]
INFO: [ view_filter ] --START--
INFO: Run Behavior\WriteHtmlCache [ RunTime:0.000000s ]
INFO: [ view_filter ] --END-- [ RunTime:0.000000s ]
INFO: [ view_end ] --START--
INFO: [ view_end ] --END-- [ RunTime:0.000000s ]
INFO: [ app_end ] --START--
INFO: Run Behavior\ShowPageTrace [ RunTime:0.002500s ]
INFO: [ app_end ] --END-- [ RunTime:0.002500s ]

[ 2015-12-21T20:23:31+08:00 ] ::1 /luntan/discuss/index.php/Home/Login/index
INFO: [ app_init ] --START--
INFO: [ app_init ] --END-- [ RunTime:0.002500s ]
INFO: [ path_info ] --START--
INFO: [ path_info ] --END-- [ RunTime:0.000000s ]
INFO: [ app_begin ] --START--
INFO: Run Behavior\ReadHtmlCache [ RunTime:0.000000s ]
INFO: [ app_begin ] --END-- [ RunTime:0.002500s ]
INFO: [ action_begin ] --START--
INFO: [ action_begin ] --END-- [ RunTime:0.000000s ]
NOTIC: [8192] mysql_connect(): The mysql extension is deprecated and will be removed in the future: use mysqli or PDO instead F:\orange\luntan\ThinkPHP\Library\Think\Db\Driver\Mysql.class.php 第 52 行.
SQL: SHOW COLUMNS FROM `user` [ RunTime:0.010000s ]
INFO: [ view_begin ] --START--
INFO: [ view_begin ] --END-- [ RunTime:0.002500s ]
INFO: [ view_parse ] --START--
INFO: Run Behavior\ParseTemplate [ RunTime:0.040001s ]
INFO: [ view_parse ] --END-- [ RunTime:0.040001s ]
INFO: [ view_filter ] --START--
INFO: Run Behavior\WriteHtmlCache [ RunTime:0.000000s ]
INFO: [ view_filter ] --END-- [ RunTime:0.000000s ]
INFO: [ view_end ] --START--
INFO: [ view_end ] --END-- [ RunTime:0.000000s ]
INFO: [ app_end ] --START--
INFO: Run Behavior\ShowPageTrace [ RunTime:0.000000s ]
INFO: [ app_end ] --END-- [ RunTime:0.000000s ]

[ 2015-12-21T20:23:39+08:00 ] ::1 /luntan/discuss/index.php/Home/Login/index
INFO: [ app_init ] --START--
INFO: [ app_init ] --END-- [ RunTime:0.000000s ]
INFO: [ path_info ] --START--
INFO: [ path_info ] --END-- [ RunTime:0.000000s ]
INFO: [ app_begin ] --START--
INFO: Run Behavior\ReadHtmlCache [ RunTime:0.002500s ]
INFO: [ app_begin ] --END-- [ RunTime:0.002500s ]
INFO: [ action_begin ] --START--
INFO: [ action_begin ] --END-- [ RunTime:0.000000s ]
NOTIC: [8192] mysql_connect(): The mysql extension is deprecated and will be removed in the future: use mysqli or PDO instead F:\orange\luntan\ThinkPHP\Library\Think\Db\Driver\Mysql.class.php 第 52 行.
SQL: SHOW COLUMNS FROM `user` [ RunTime:0.007500s ]
SQL: SELECT * FROM `user` WHERE ( `username` = '小熊' ) LIMIT 1   [ RunTime:0.000000s ]

[ 2015-12-21T20:23:41+08:00 ] ::1 /luntan/discuss/index.php?m=Home&c=Login&a=index
INFO: [ app_init ] --START--
INFO: [ app_init ] --END-- [ RunTime:0.003500s ]
INFO: [ app_begin ] --START--
INFO: Run Behavior\ReadHtmlCache [ RunTime:0.002500s ]
INFO: [ app_begin ] --END-- [ RunTime:0.002500s ]
INFO: [ action_begin ] --START--
INFO: [ action_begin ] --END-- [ RunTime:0.000000s ]
NOTIC: [8192] mysql_connect(): The mysql extension is deprecated and will be removed in the future: use mysqli or PDO instead F:\orange\luntan\ThinkPHP\Library\Think\Db\Driver\Mysql.class.php 第 52 行.
SQL: SHOW COLUMNS FROM `user` [ RunTime:0.010000s ]
INFO: [ view_begin ] --START--
INFO: [ view_begin ] --END-- [ RunTime:0.002500s ]
INFO: [ view_parse ] --START--
INFO: Run Behavior\ParseTemplate [ RunTime:0.045001s ]
INFO: [ view_parse ] --END-- [ RunTime:0.047501s ]
INFO: [ view_filter ] --START--
INFO: Run Behavior\WriteHtmlCache [ RunTime:0.000000s ]
INFO: [ view_filter ] --END-- [ RunTime:0.002500s ]
INFO: [ view_end ] --START--
INFO: [ view_end ] --END-- [ RunTime:0.000000s ]
INFO: [ app_end ] --START--
INFO: Run Behavior\ShowPageTrace [ RunTime:0.002500s ]
INFO: [ app_end ] --END-- [ RunTime:0.002500s ]

[ 2015-12-21T20:23:43+08:00 ] ::1 /luntan/discuss/index.php/Home/Login/index
INFO: [ app_init ] --START--
INFO: [ app_init ] --END-- [ RunTime:0.000000s ]
INFO: [ path_info ] --START--
INFO: [ path_info ] --END-- [ RunTime:0.002500s ]
INFO: [ app_begin ] --START--
INFO: Run Behavior\ReadHtmlCache [ RunTime:0.002500s ]
INFO: [ app_begin ] --END-- [ RunTime:0.002500s ]
INFO: [ action_begin ] --START--
INFO: [ action_begin ] --END-- [ RunTime:0.000000s ]
NOTIC: [8192] mysql_connect(): The mysql extension is deprecated and will be removed in the future: use mysqli or PDO instead F:\orange\luntan\ThinkPHP\Library\Think\Db\Driver\Mysql.class.php 第 52 行.
SQL: SHOW COLUMNS FROM `user` [ RunTime:0.010000s ]
INFO: [ view_begin ] --START--
INFO: [ view_begin ] --END-- [ RunTime:0.000000s ]
INFO: [ view_parse ] --START--
INFO: Run Behavior\ParseTemplate [ RunTime:0.040001s ]
INFO: [ view_parse ] --END-- [ RunTime:0.040001s ]
INFO: [ view_filter ] --START--
INFO: Run Behavior\WriteHtmlCache [ RunTime:0.000000s ]
INFO: [ view_filter ] --END-- [ RunTime:0.002500s ]
INFO: [ view_end ] --START--
INFO: [ view_end ] --END-- [ RunTime:0.000000s ]
INFO: [ app_end ] --START--
INFO: Run Behavior\ShowPageTrace [ RunTime:0.000000s ]
INFO: [ app_end ] --END-- [ RunTime:0.002500s ]

[ 2015-12-21T20:23:51+08:00 ] ::1 /luntan/discuss/index.php/Home/Login/index
INFO: [ app_init ] --START--
INFO: [ app_init ] --END-- [ RunTime:0.002500s ]
INFO: [ path_info ] --START--
INFO: [ path_info ] --END-- [ RunTime:0.000000s ]
INFO: [ app_begin ] --START--
INFO: Run Behavior\ReadHtmlCache [ RunTime:0.000000s ]
INFO: [ app_begin ] --END-- [ RunTime:0.002500s ]
INFO: [ action_begin ] --START--
INFO: [ action_begin ] --END-- [ RunTime:0.000000s ]
NOTIC: [8192] mysql_connect(): The mysql extension is deprecated and will be removed in the future: use mysqli or PDO instead F:\orange\luntan\ThinkPHP\Library\Think\Db\Driver\Mysql.class.php 第 52 行.
SQL: SHOW COLUMNS FROM `user` [ RunTime:0.010000s ]
SQL: SELECT * FROM `user` WHERE ( `username` = '熊' ) LIMIT 1   [ RunTime:0.002500s ]
NOTIC: [8] A session had already been started - ignoring session_start() F:\orange\luntan\ThinkPHP\Common\functions.php 第 1056 行.

[ 2015-12-21T20:23:52+08:00 ] ::1 /luntan/discuss/index.php?m=Home&c=Article&a=index&tag=1
INFO: [ app_init ] --START--
INFO: [ app_init ] --END-- [ RunTime:0.002500s ]
INFO: [ app_begin ] --START--
INFO: Run Behavior\ReadHtmlCache [ RunTime:0.000000s ]
INFO: [ app_begin ] --END-- [ RunTime:0.000000s ]
INFO: [ action_begin ] --START--
INFO: [ action_begin ] --END-- [ RunTime:0.000000s ]
NOTIC: [8192] mysql_connect(): The mysql extension is deprecated and will be removed in the future: use mysqli or PDO instead F:\orange\luntan\ThinkPHP\Library\Think\Db\Driver\Mysql.class.php 第 52 行.
SQL: SHOW COLUMNS FROM `article` [ RunTime:0.012500s ]
SQL: SHOW COLUMNS FROM `reply` [ RunTime:0.010000s ]
SQL: SHOW COLUMNS FROM `user` [ RunTime:0.012500s ]
SQL: SELECT COUNT(*) AS tp_count FROM `article` WHERE ( states=1 and tag='1' ) LIMIT 1   [ RunTime:0.002500s ]
SQL: select * from article where ( states=1 and tag='1') order by time desc Limit 0, 8 [ RunTime:0.002500s ]
SQL: SELECT COUNT(*) AS tp_count FROM `reply` WHERE ( a_id=4 and r_id=0 ) LIMIT 1   [ RunTime:0.002500s ]
SQL: SELECT * FROM `user` WHERE ( id=2 )  [ RunTime:0.002500s ]
INFO: [ view_begin ] --START--
INFO: [ view_begin ] --END-- [ RunTime:0.000000s ]
INFO: [ view_parse ] --START--
NOTIC: [2] Illegal string offset 'session' F:\orange\luntan\discuss\Runtime\Cache\2bc625079edd772d2995a98a84b128e7370d40fd.file.index.html.php 第 116 行.
NOTIC: [2] Illegal string offset 'session' F:\orange\luntan\discuss\Runtime\Cache\2bc625079edd772d2995a98a84b128e7370d40fd.file.index.html.php 第 124 行.
NOTIC: [2] Illegal string offset 'session' F:\orange\luntan\discuss\Runtime\Cache\2bc625079edd772d2995a98a84b128e7370d40fd.file.index.html.php 第 132 行.
INFO: Run Behavior\ParseTemplate [ RunTime:0.055001s ]
INFO: [ view_parse ] --END-- [ RunTime:0.055001s ]
INFO: [ view_filter ] --START--
INFO: Run Behavior\WriteHtmlCache [ RunTime:0.000000s ]
INFO: [ view_filter ] --END-- [ RunTime:0.002500s ]
INFO: [ view_end ] --START--
INFO: [ view_end ] --END-- [ RunTime:0.000000s ]
INFO: [ app_end ] --START--
INFO: Run Behavior\ShowPageTrace [ RunTime:0.002500s ]
INFO: [ app_end ] --END-- [ RunTime:0.002500s ]

[ 2015-12-21T20:23:59+08:00 ] ::1 /luntan/discuss/index.php/Home/Article/detail?id=4
INFO: [ app_init ] --START--
INFO: [ app_init ] --END-- [ RunTime:0.002500s ]
INFO: [ path_info ] --START--
INFO: [ path_info ] --END-- [ RunTime:0.002500s ]
INFO: [ app_begin ] --START--
INFO: Run Behavior\ReadHtmlCache [ RunTime:0.002500s ]
INFO: [ app_begin ] --END-- [ RunTime:0.002500s ]
INFO: [ action_begin ] --START--
INFO: [ action_begin ] --END-- [ RunTime:0.000000s ]
NOTIC: [8192] mysql_connect(): The mysql extension is deprecated and will be removed in the future: use mysqli or PDO instead F:\orange\luntan\ThinkPHP\Library\Think\Db\Driver\Mysql.class.php 第 52 行.
SQL: SHOW COLUMNS FROM `article` [ RunTime:0.012500s ]
SQL: SHOW COLUMNS FROM `reply` [ RunTime:0.007500s ]
SQL: SHOW COLUMNS FROM `user` [ RunTime:0.007500s ]
SQL: SHOW COLUMNS FROM `picture` [ RunTime:0.010000s ]
SQL: SELECT * FROM `article` WHERE ( id=4 )  [ RunTime:0.000000s ]
SQL: SELECT COUNT(*) AS tp_count FROM `reply` WHERE ( a_id=4 and r_id =0 ) LIMIT 1   [ RunTime:0.000000s ]
SQL: SELECT * FROM `reply` WHERE ( a_id=4 and r_id =0 ) ORDER BY time desc  [ RunTime:0.002500s ]
SQL: SELECT * FROM `user` WHERE ( id=2 )  [ RunTime:0.002500s ]
SQL: SELECT * FROM `reply` WHERE ( a_id=4 and r_id!=0 ) ORDER BY time desc  [ RunTime:0.002500s ]
SQL: SELECT COUNT(*) AS tp_count FROM `reply` WHERE ( a_id=4 and r_id!=0 ) LIMIT 1   [ RunTime:0.000000s ]
SQL: SELECT * FROM `user` WHERE ( id=4 )  [ RunTime:0.000000s ]
SQL: SELECT * FROM `user` WHERE ( id=2 )  [ RunTime:0.000000s ]
SQL: SELECT * FROM `user` WHERE ( id=2 )  [ RunTime:0.002500s ]
SQL: SELECT * FROM `user` WHERE ( id=3 )  [ RunTime:0.000000s ]
SQL: SELECT * FROM `user` WHERE ( id=2 )  [ RunTime:0.000000s ]
INFO: [ view_begin ] --START--
INFO: [ view_begin ] --END-- [ RunTime:0.000000s ]
INFO: [ view_parse ] --START--
NOTIC: [8] Undefined index: pagelist F:\orange\luntan\discuss\Runtime\Cache\2167ef402be1945f1bdbc925f4ca71da30e26da2.file.detail.html.php 第 270 行.
NOTIC: [8] Trying to get property of non-object F:\orange\luntan\discuss\Runtime\Cache\2167ef402be1945f1bdbc925f4ca71da30e26da2.file.detail.html.php 第 270 行.
INFO: Run Behavior\ParseTemplate [ RunTime:0.047501s ]
INFO: [ view_parse ] --END-- [ RunTime:0.050001s ]
INFO: [ view_filter ] --START--
INFO: Run Behavior\WriteHtmlCache [ RunTime:0.000000s ]
INFO: [ view_filter ] --END-- [ RunTime:0.000000s ]
INFO: [ view_end ] --START--
INFO: [ view_end ] --END-- [ RunTime:0.000000s ]
INFO: [ app_end ] --START--
INFO: Run Behavior\ShowPageTrace [ RunTime:0.002500s ]
INFO: [ app_end ] --END-- [ RunTime:0.002500s ]

[ 2015-12-21T20:24:44+08:00 ] ::1 /luntan/discuss/index.php/Home/Article/tuichu
INFO: [ app_init ] --START--
INFO: [ app_init ] --END-- [ RunTime:0.002500s ]
INFO: [ path_info ] --START--
INFO: [ path_info ] --END-- [ RunTime:0.000000s ]
INFO: [ app_begin ] --START--
INFO: Run Behavior\ReadHtmlCache [ RunTime:0.000000s ]
INFO: [ app_begin ] --END-- [ RunTime:0.000000s ]
INFO: [ action_begin ] --START--
INFO: [ action_begin ] --END-- [ RunTime:0.002500s ]

[ 2015-12-21T20:24:44+08:00 ] ::1 /luntan/discuss/index.php?m=Home&c=Login&a=index
INFO: [ app_init ] --START--
INFO: [ app_init ] --END-- [ RunTime:0.000000s ]
INFO: [ app_begin ] --START--
INFO: Run Behavior\ReadHtmlCache [ RunTime:0.002500s ]
INFO: [ app_begin ] --END-- [ RunTime:0.002500s ]
INFO: [ action_begin ] --START--
INFO: [ action_begin ] --END-- [ RunTime:0.000000s ]
NOTIC: [8192] mysql_connect(): The mysql extension is deprecated and will be removed in the future: use mysqli or PDO instead F:\orange\luntan\ThinkPHP\Library\Think\Db\Driver\Mysql.class.php 第 52 行.
SQL: SHOW COLUMNS FROM `user` [ RunTime:0.010000s ]
INFO: [ view_begin ] --START--
INFO: [ view_begin ] --END-- [ RunTime:0.000000s ]
INFO: [ view_parse ] --START--
INFO: Run Behavior\ParseTemplate [ RunTime:0.040001s ]
INFO: [ view_parse ] --END-- [ RunTime:0.040001s ]
INFO: [ view_filter ] --START--
INFO: Run Behavior\WriteHtmlCache [ RunTime:0.000000s ]
INFO: [ view_filter ] --END-- [ RunTime:0.000000s ]
INFO: [ view_end ] --START--
INFO: [ view_end ] --END-- [ RunTime:0.000000s ]
INFO: [ app_end ] --START--
INFO: Run Behavior\ShowPageTrace [ RunTime:0.002500s ]
INFO: [ app_end ] --END-- [ RunTime:0.002500s ]

