[ 2015-11-22T22:07:52+08:00 ] ::1 /luntan/discuss/index.php/Home/Login/index
INFO: [ app_init ] --START--
INFO: [ app_init ] --END-- [ RunTime:0.025001s ]
INFO: [ path_info ] --START--
INFO: [ path_info ] --END-- [ RunTime:0.000000s ]
INFO: [ app_begin ] --START--
INFO: Run Behavior\ReadHtmlCache [ RunTime:0.001000s ]
INFO: [ app_begin ] --END-- [ RunTime:0.002000s ]
INFO: [ action_begin ] --START--
INFO: [ action_begin ] --END-- [ RunTime:0.001000s ]
NOTIC: [8192] mysql_connect(): The mysql extension is deprecated and will be removed in the future: use mysqli or PDO instead F:\orange\luntan\ThinkPHP\Library\Think\Db\Driver\Mysql.class.php 第 52 行.
SQL: SHOW COLUMNS FROM `user` [ RunTime:0.083005s ]
INFO: [ view_begin ] --START--
INFO: [ view_begin ] --END-- [ RunTime:0.001000s ]
INFO: [ view_parse ] --START--
INFO: Run Behavior\ParseTemplate [ RunTime:0.220013s ]
INFO: [ view_parse ] --END-- [ RunTime:0.221013s ]
INFO: [ view_filter ] --START--
INFO: Run Behavior\WriteHtmlCache [ RunTime:0.000000s ]
INFO: [ view_filter ] --END-- [ RunTime:0.001000s ]
INFO: [ view_end ] --START--
INFO: [ view_end ] --END-- [ RunTime:0.000000s ]
INFO: [ app_end ] --START--
INFO: Run Behavior\ShowPageTrace [ RunTime:0.000000s ]
INFO: [ app_end ] --END-- [ RunTime:0.002000s ]

[ 2015-11-22T22:08:00+08:00 ] ::1 /luntan/discuss/index.php/Home/Login/index
INFO: [ app_init ] --START--
INFO: [ app_init ] --END-- [ RunTime:0.002000s ]
INFO: [ path_info ] --START--
INFO: [ path_info ] --END-- [ RunTime:0.000000s ]
INFO: [ app_begin ] --START--
INFO: Run Behavior\ReadHtmlCache [ RunTime:0.001000s ]
INFO: [ app_begin ] --END-- [ RunTime:0.003000s ]
INFO: [ action_begin ] --START--
INFO: [ action_begin ] --END-- [ RunTime:0.001000s ]
NOTIC: [8192] mysql_connect(): The mysql extension is deprecated and will be removed in the future: use mysqli or PDO instead F:\orange\luntan\ThinkPHP\Library\Think\Db\Driver\Mysql.class.php 第 52 行.
SQL: SHOW COLUMNS FROM `user` [ RunTime:0.010001s ]
SQL: SELECT * FROM `user` WHERE ( `username` = 'nannan' ) LIMIT 1   [ RunTime:0.067004s ]
NOTIC: [8] A session had already been started - ignoring session_start() F:\orange\luntan\ThinkPHP\Common\functions.php 第 1056 行.

[ 2015-11-22T22:08:00+08:00 ] ::1 /luntan/discuss/index.php?m=Home&c=Article&a=index&tag=1
INFO: [ app_init ] --START--
INFO: [ app_init ] --END-- [ RunTime:0.002000s ]
INFO: [ app_begin ] --START--
INFO: Run Behavior\ReadHtmlCache [ RunTime:0.001000s ]
INFO: [ app_begin ] --END-- [ RunTime:0.002000s ]
INFO: [ action_begin ] --START--
INFO: [ action_begin ] --END-- [ RunTime:0.000000s ]
NOTIC: [8192] mysql_connect(): The mysql extension is deprecated and will be removed in the future: use mysqli or PDO instead F:\orange\luntan\ThinkPHP\Library\Think\Db\Driver\Mysql.class.php 第 52 行.
SQL: SHOW COLUMNS FROM `article` [ RunTime:0.061003s ]
SQL: SHOW COLUMNS FROM `reply` [ RunTime:0.067003s ]
SQL: SHOW COLUMNS FROM `user` [ RunTime:0.008000s ]
SQL: SELECT COUNT(*) AS tp_count FROM `article` WHERE ( states=1 and tag='1' ) LIMIT 1   [ RunTime:0.060004s ]
SQL: select * from article where ( states=1 and tag='1') order by time desc Limit 0, 8 [ RunTime:0.001000s ]
SQL: SELECT COUNT(*) AS tp_count FROM `reply` WHERE ( a_id=4 and r_id=0 ) LIMIT 1   [ RunTime:0.001000s ]
SQL: SELECT * FROM `user` WHERE ( id=2 )  [ RunTime:0.001000s ]
INFO: [ view_begin ] --START--
INFO: [ view_begin ] --END-- [ RunTime:0.001000s ]
INFO: [ view_parse ] --START--
NOTIC: [2] Illegal string offset 'session' F:\orange\luntan\discuss\Runtime\Cache\2bc625079edd772d2995a98a84b128e7370d40fd.file.index.html.php 第 72 行.
NOTIC: [8] Uninitialized string offset: 0 F:\orange\luntan\discuss\Runtime\Cache\2bc625079edd772d2995a98a84b128e7370d40fd.file.index.html.php 第 72 行.
NOTIC: [2] Illegal string offset 'session' F:\orange\luntan\discuss\Runtime\Cache\2bc625079edd772d2995a98a84b128e7370d40fd.file.index.html.php 第 80 行.
NOTIC: [8] Uninitialized string offset: 0 F:\orange\luntan\discuss\Runtime\Cache\2bc625079edd772d2995a98a84b128e7370d40fd.file.index.html.php 第 80 行.
INFO: Run Behavior\ParseTemplate [ RunTime:0.056003s ]
INFO: [ view_parse ] --END-- [ RunTime:0.056003s ]
INFO: [ view_filter ] --START--
INFO: Run Behavior\WriteHtmlCache [ RunTime:0.001000s ]
INFO: [ view_filter ] --END-- [ RunTime:0.001000s ]
INFO: [ view_end ] --START--
INFO: [ view_end ] --END-- [ RunTime:0.001000s ]
INFO: [ app_end ] --START--
INFO: Run Behavior\ShowPageTrace [ RunTime:0.000000s ]
INFO: [ app_end ] --END-- [ RunTime:0.002000s ]

[ 2015-11-22T22:08:42+08:00 ] ::1 /luntan/discuss/index.php?m=Home&c=Article&a=index&tag=1
INFO: [ app_init ] --START--
INFO: [ app_init ] --END-- [ RunTime:0.002000s ]
INFO: [ app_begin ] --START--
INFO: Run Behavior\ReadHtmlCache [ RunTime:0.001000s ]
INFO: [ app_begin ] --END-- [ RunTime:0.002000s ]
INFO: [ action_begin ] --START--
INFO: [ action_begin ] --END-- [ RunTime:0.001000s ]
NOTIC: [8192] mysql_connect(): The mysql extension is deprecated and will be removed in the future: use mysqli or PDO instead F:\orange\luntan\ThinkPHP\Library\Think\Db\Driver\Mysql.class.php 第 52 行.
SQL: SHOW COLUMNS FROM `article` [ RunTime:0.008001s ]
SQL: SHOW COLUMNS FROM `reply` [ RunTime:0.009001s ]
SQL: SHOW COLUMNS FROM `user` [ RunTime:0.009000s ]
SQL: SELECT COUNT(*) AS tp_count FROM `article` WHERE ( states=1 and tag='1' ) LIMIT 1   [ RunTime:0.001001s ]
SQL: select * from article where ( states=1 and tag='1') order by time desc Limit 0, 8 [ RunTime:0.001000s ]
SQL: SELECT COUNT(*) AS tp_count FROM `reply` WHERE ( a_id=4 and r_id=0 ) LIMIT 1   [ RunTime:0.001000s ]
SQL: SELECT * FROM `user` WHERE ( id=2 )  [ RunTime:0.002000s ]
INFO: [ view_begin ] --START--
INFO: [ view_begin ] --END-- [ RunTime:0.001000s ]
INFO: [ view_parse ] --START--
NOTIC: [2] Illegal string offset 'session' F:\orange\luntan\discuss\Runtime\Cache\2bc625079edd772d2995a98a84b128e7370d40fd.file.index.html.php 第 72 行.
NOTIC: [2] Illegal string offset 'session' F:\orange\luntan\discuss\Runtime\Cache\2bc625079edd772d2995a98a84b128e7370d40fd.file.index.html.php 第 80 行.
NOTIC: [2] Illegal string offset 'session' F:\orange\luntan\discuss\Runtime\Cache\2bc625079edd772d2995a98a84b128e7370d40fd.file.index.html.php 第 88 行.
INFO: Run Behavior\ParseTemplate [ RunTime:0.967056s ]
INFO: [ view_parse ] --END-- [ RunTime:0.969056s ]
INFO: [ view_filter ] --START--
INFO: Run Behavior\WriteHtmlCache [ RunTime:0.001000s ]
INFO: [ view_filter ] --END-- [ RunTime:0.001000s ]
INFO: [ view_end ] --START--
INFO: [ view_end ] --END-- [ RunTime:0.000000s ]
INFO: [ app_end ] --START--
INFO: Run Behavior\ShowPageTrace [ RunTime:0.001000s ]
INFO: [ app_end ] --END-- [ RunTime:0.001000s ]

[ 2015-11-22T22:09:10+08:00 ] ::1 /luntan/discuss/index.php?m=Home&c=Article&a=index&tag=1
INFO: [ app_init ] --START--
INFO: [ app_init ] --END-- [ RunTime:0.002000s ]
INFO: [ app_begin ] --START--
INFO: Run Behavior\ReadHtmlCache [ RunTime:0.001000s ]
INFO: [ app_begin ] --END-- [ RunTime:0.003000s ]
INFO: [ action_begin ] --START--
INFO: [ action_begin ] --END-- [ RunTime:0.000000s ]
NOTIC: [8192] mysql_connect(): The mysql extension is deprecated and will be removed in the future: use mysqli or PDO instead F:\orange\luntan\ThinkPHP\Library\Think\Db\Driver\Mysql.class.php 第 52 行.
SQL: SHOW COLUMNS FROM `article` [ RunTime:0.009000s ]
SQL: SHOW COLUMNS FROM `reply` [ RunTime:0.009000s ]
SQL: SHOW COLUMNS FROM `user` [ RunTime:0.009000s ]
SQL: SELECT COUNT(*) AS tp_count FROM `article` WHERE ( states=1 and tag='1' ) LIMIT 1   [ RunTime:0.001000s ]
SQL: select * from article where ( states=1 and tag='1') order by time desc Limit 0, 8 [ RunTime:0.002000s ]
SQL: SELECT COUNT(*) AS tp_count FROM `reply` WHERE ( a_id=4 and r_id=0 ) LIMIT 1   [ RunTime:0.001000s ]
SQL: SELECT * FROM `user` WHERE ( id=2 )  [ RunTime:0.000000s ]
INFO: [ view_begin ] --START--
INFO: [ view_begin ] --END-- [ RunTime:0.000000s ]
INFO: [ view_parse ] --START--
NOTIC: [2] Illegal string offset 'session' F:\orange\luntan\discuss\Runtime\Cache\2bc625079edd772d2995a98a84b128e7370d40fd.file.index.html.php 第 72 行.
NOTIC: [2] Illegal string offset 'session' F:\orange\luntan\discuss\Runtime\Cache\2bc625079edd772d2995a98a84b128e7370d40fd.file.index.html.php 第 80 行.
NOTIC: [2] Illegal string offset 'session' F:\orange\luntan\discuss\Runtime\Cache\2bc625079edd772d2995a98a84b128e7370d40fd.file.index.html.php 第 88 行.
INFO: Run Behavior\ParseTemplate [ RunTime:0.050003s ]
INFO: [ view_parse ] --END-- [ RunTime:0.052003s ]
INFO: [ view_filter ] --START--
INFO: Run Behavior\WriteHtmlCache [ RunTime:0.001000s ]
INFO: [ view_filter ] --END-- [ RunTime:0.001000s ]
INFO: [ view_end ] --START--
INFO: [ view_end ] --END-- [ RunTime:0.000000s ]
INFO: [ app_end ] --START--
INFO: Run Behavior\ShowPageTrace [ RunTime:0.001000s ]
INFO: [ app_end ] --END-- [ RunTime:0.001000s ]

[ 2015-11-22T22:09:12+08:00 ] ::1 /luntan/discuss/index.php?m=Home&c=Article&a=index&tag=1
INFO: [ app_init ] --START--
INFO: [ app_init ] --END-- [ RunTime:0.002000s ]
INFO: [ app_begin ] --START--
INFO: Run Behavior\ReadHtmlCache [ RunTime:0.001000s ]
INFO: [ app_begin ] --END-- [ RunTime:0.002000s ]
INFO: [ action_begin ] --START--
INFO: [ action_begin ] --END-- [ RunTime:0.000000s ]
NOTIC: [8192] mysql_connect(): The mysql extension is deprecated and will be removed in the future: use mysqli or PDO instead F:\orange\luntan\ThinkPHP\Library\Think\Db\Driver\Mysql.class.php 第 52 行.
SQL: SHOW COLUMNS FROM `article` [ RunTime:0.009001s ]
SQL: SHOW COLUMNS FROM `reply` [ RunTime:0.009001s ]
SQL: SHOW COLUMNS FROM `user` [ RunTime:0.008000s ]
SQL: SELECT COUNT(*) AS tp_count FROM `article` WHERE ( states=1 and tag='1' ) LIMIT 1   [ RunTime:0.001000s ]
SQL: select * from article where ( states=1 and tag='1') order by time desc Limit 0, 8 [ RunTime:0.002000s ]
SQL: SELECT COUNT(*) AS tp_count FROM `reply` WHERE ( a_id=4 and r_id=0 ) LIMIT 1   [ RunTime:0.001000s ]
SQL: SELECT * FROM `user` WHERE ( id=2 )  [ RunTime:0.001000s ]
INFO: [ view_begin ] --START--
INFO: [ view_begin ] --END-- [ RunTime:0.001000s ]
INFO: [ view_parse ] --START--
NOTIC: [2] Illegal string offset 'session' F:\orange\luntan\discuss\Runtime\Cache\2bc625079edd772d2995a98a84b128e7370d40fd.file.index.html.php 第 72 行.
NOTIC: [2] Illegal string offset 'session' F:\orange\luntan\discuss\Runtime\Cache\2bc625079edd772d2995a98a84b128e7370d40fd.file.index.html.php 第 80 行.
NOTIC: [2] Illegal string offset 'session' F:\orange\luntan\discuss\Runtime\Cache\2bc625079edd772d2995a98a84b128e7370d40fd.file.index.html.php 第 88 行.
INFO: Run Behavior\ParseTemplate [ RunTime:0.055003s ]
INFO: [ view_parse ] --END-- [ RunTime:0.056003s ]
INFO: [ view_filter ] --START--
INFO: Run Behavior\WriteHtmlCache [ RunTime:0.000000s ]
INFO: [ view_filter ] --END-- [ RunTime:0.001000s ]
INFO: [ view_end ] --START--
INFO: [ view_end ] --END-- [ RunTime:0.001000s ]
INFO: [ app_end ] --START--
INFO: Run Behavior\ShowPageTrace [ RunTime:0.001000s ]
INFO: [ app_end ] --END-- [ RunTime:0.002000s ]

[ 2015-11-22T22:09:13+08:00 ] ::1 /luntan/discuss/index.php?m=Home&c=Article&a=index&tag=1
INFO: [ app_init ] --START--
INFO: [ app_init ] --END-- [ RunTime:0.003001s ]
INFO: [ app_begin ] --START--
INFO: Run Behavior\ReadHtmlCache [ RunTime:0.001000s ]
INFO: [ app_begin ] --END-- [ RunTime:0.002000s ]
INFO: [ action_begin ] --START--
INFO: [ action_begin ] --END-- [ RunTime:0.001000s ]
NOTIC: [8192] mysql_connect(): The mysql extension is deprecated and will be removed in the future: use mysqli or PDO instead F:\orange\luntan\ThinkPHP\Library\Think\Db\Driver\Mysql.class.php 第 52 行.
SQL: SHOW COLUMNS FROM `article` [ RunTime:0.009000s ]
SQL: SHOW COLUMNS FROM `reply` [ RunTime:0.009000s ]
SQL: SHOW COLUMNS FROM `user` [ RunTime:0.008001s ]
SQL: SELECT COUNT(*) AS tp_count FROM `article` WHERE ( states=1 and tag='1' ) LIMIT 1   [ RunTime:0.001000s ]
SQL: select * from article where ( states=1 and tag='1') order by time desc Limit 0, 8 [ RunTime:0.002001s ]
SQL: SELECT COUNT(*) AS tp_count FROM `reply` WHERE ( a_id=4 and r_id=0 ) LIMIT 1   [ RunTime:0.001000s ]
SQL: SELECT * FROM `user` WHERE ( id=2 )  [ RunTime:0.000000s ]
INFO: [ view_begin ] --START--
INFO: [ view_begin ] --END-- [ RunTime:0.001000s ]
INFO: [ view_parse ] --START--
NOTIC: [2] Illegal string offset 'session' F:\orange\luntan\discuss\Runtime\Cache\2bc625079edd772d2995a98a84b128e7370d40fd.file.index.html.php 第 72 行.
NOTIC: [2] Illegal string offset 'session' F:\orange\luntan\discuss\Runtime\Cache\2bc625079edd772d2995a98a84b128e7370d40fd.file.index.html.php 第 80 行.
NOTIC: [2] Illegal string offset 'session' F:\orange\luntan\discuss\Runtime\Cache\2bc625079edd772d2995a98a84b128e7370d40fd.file.index.html.php 第 88 行.
INFO: Run Behavior\ParseTemplate [ RunTime:0.052003s ]
INFO: [ view_parse ] --END-- [ RunTime:0.053003s ]
INFO: [ view_filter ] --START--
INFO: Run Behavior\WriteHtmlCache [ RunTime:0.001000s ]
INFO: [ view_filter ] --END-- [ RunTime:0.002000s ]
INFO: [ view_end ] --START--
INFO: [ view_end ] --END-- [ RunTime:0.001000s ]
INFO: [ app_end ] --START--
INFO: Run Behavior\ShowPageTrace [ RunTime:0.000000s ]
INFO: [ app_end ] --END-- [ RunTime:0.002000s ]

[ 2015-11-22T22:09:13+08:00 ] ::1 /luntan/discuss/index.php?m=Home&c=Article&a=index&tag=1
INFO: [ app_init ] --START--
INFO: [ app_init ] --END-- [ RunTime:0.001000s ]
INFO: [ app_begin ] --START--
INFO: Run Behavior\ReadHtmlCache [ RunTime:0.001000s ]
INFO: [ app_begin ] --END-- [ RunTime:0.002000s ]
INFO: [ action_begin ] --START--
INFO: [ action_begin ] --END-- [ RunTime:0.000000s ]
NOTIC: [8192] mysql_connect(): The mysql extension is deprecated and will be removed in the future: use mysqli or PDO instead F:\orange\luntan\ThinkPHP\Library\Think\Db\Driver\Mysql.class.php 第 52 行.
SQL: SHOW COLUMNS FROM `article` [ RunTime:0.008000s ]
SQL: SHOW COLUMNS FROM `reply` [ RunTime:0.009000s ]
SQL: SHOW COLUMNS FROM `user` [ RunTime:0.009000s ]
SQL: SELECT COUNT(*) AS tp_count FROM `article` WHERE ( states=1 and tag='1' ) LIMIT 1   [ RunTime:0.001000s ]
SQL: select * from article where ( states=1 and tag='1') order by time desc Limit 0, 8 [ RunTime:0.001000s ]
SQL: SELECT COUNT(*) AS tp_count FROM `reply` WHERE ( a_id=4 and r_id=0 ) LIMIT 1   [ RunTime:0.001000s ]
SQL: SELECT * FROM `user` WHERE ( id=2 )  [ RunTime:0.001000s ]
INFO: [ view_begin ] --START--
INFO: [ view_begin ] --END-- [ RunTime:0.000000s ]
INFO: [ view_parse ] --START--
NOTIC: [2] Illegal string offset 'session' F:\orange\luntan\discuss\Runtime\Cache\2bc625079edd772d2995a98a84b128e7370d40fd.file.index.html.php 第 72 行.
NOTIC: [2] Illegal string offset 'session' F:\orange\luntan\discuss\Runtime\Cache\2bc625079edd772d2995a98a84b128e7370d40fd.file.index.html.php 第 80 行.
NOTIC: [2] Illegal string offset 'session' F:\orange\luntan\discuss\Runtime\Cache\2bc625079edd772d2995a98a84b128e7370d40fd.file.index.html.php 第 88 行.
INFO: Run Behavior\ParseTemplate [ RunTime:0.054003s ]
INFO: [ view_parse ] --END-- [ RunTime:0.054003s ]
INFO: [ view_filter ] --START--
INFO: Run Behavior\WriteHtmlCache [ RunTime:0.000000s ]
INFO: [ view_filter ] --END-- [ RunTime:0.002000s ]
INFO: [ view_end ] --START--
INFO: [ view_end ] --END-- [ RunTime:0.001000s ]
INFO: [ app_end ] --START--
INFO: Run Behavior\ShowPageTrace [ RunTime:0.001000s ]
INFO: [ app_end ] --END-- [ RunTime:0.002001s ]

[ 2015-11-22T22:09:13+08:00 ] ::1 /luntan/discuss/index.php?m=Home&c=Article&a=index&tag=1
INFO: [ app_init ] --START--
INFO: [ app_init ] --END-- [ RunTime:0.001000s ]
INFO: [ app_begin ] --START--
INFO: Run Behavior\ReadHtmlCache [ RunTime:0.001000s ]
INFO: [ app_begin ] --END-- [ RunTime:0.001000s ]
INFO: [ action_begin ] --START--
INFO: [ action_begin ] --END-- [ RunTime:0.001000s ]
NOTIC: [8192] mysql_connect(): The mysql extension is deprecated and will be removed in the future: use mysqli or PDO instead F:\orange\luntan\ThinkPHP\Library\Think\Db\Driver\Mysql.class.php 第 52 行.
SQL: SHOW COLUMNS FROM `article` [ RunTime:0.012001s ]
SQL: SHOW COLUMNS FROM `reply` [ RunTime:0.009001s ]
SQL: SHOW COLUMNS FROM `user` [ RunTime:0.009001s ]
SQL: SELECT COUNT(*) AS tp_count FROM `article` WHERE ( states=1 and tag='1' ) LIMIT 1   [ RunTime:0.001000s ]
SQL: select * from article where ( states=1 and tag='1') order by time desc Limit 0, 8 [ RunTime:0.001000s ]
SQL: SELECT COUNT(*) AS tp_count FROM `reply` WHERE ( a_id=4 and r_id=0 ) LIMIT 1   [ RunTime:0.001000s ]
SQL: SELECT * FROM `user` WHERE ( id=2 )  [ RunTime:0.000000s ]
INFO: [ view_begin ] --START--
INFO: [ view_begin ] --END-- [ RunTime:0.000000s ]
INFO: [ view_parse ] --START--
NOTIC: [2] Illegal string offset 'session' F:\orange\luntan\discuss\Runtime\Cache\2bc625079edd772d2995a98a84b128e7370d40fd.file.index.html.php 第 72 行.
NOTIC: [2] Illegal string offset 'session' F:\orange\luntan\discuss\Runtime\Cache\2bc625079edd772d2995a98a84b128e7370d40fd.file.index.html.php 第 80 行.
NOTIC: [2] Illegal string offset 'session' F:\orange\luntan\discuss\Runtime\Cache\2bc625079edd772d2995a98a84b128e7370d40fd.file.index.html.php 第 88 行.
INFO: Run Behavior\ParseTemplate [ RunTime:0.063003s ]
INFO: [ view_parse ] --END-- [ RunTime:0.064003s ]
INFO: [ view_filter ] --START--
INFO: Run Behavior\WriteHtmlCache [ RunTime:0.000000s ]
INFO: [ view_filter ] --END-- [ RunTime:0.001000s ]
INFO: [ view_end ] --START--
INFO: [ view_end ] --END-- [ RunTime:0.001000s ]
INFO: [ app_end ] --START--
INFO: Run Behavior\ShowPageTrace [ RunTime:0.001000s ]
INFO: [ app_end ] --END-- [ RunTime:0.002000s ]

[ 2015-11-22T22:09:13+08:00 ] ::1 /luntan/discuss/index.php?m=Home&c=Article&a=index&tag=1
INFO: [ app_init ] --START--
INFO: [ app_init ] --END-- [ RunTime:0.004000s ]
INFO: [ app_begin ] --START--
INFO: Run Behavior\ReadHtmlCache [ RunTime:0.001000s ]
INFO: [ app_begin ] --END-- [ RunTime:0.002000s ]
INFO: [ action_begin ] --START--
INFO: [ action_begin ] --END-- [ RunTime:0.001000s ]
NOTIC: [8192] mysql_connect(): The mysql extension is deprecated and will be removed in the future: use mysqli or PDO instead F:\orange\luntan\ThinkPHP\Library\Think\Db\Driver\Mysql.class.php 第 52 行.
SQL: SHOW COLUMNS FROM `article` [ RunTime:0.008001s ]
SQL: SHOW COLUMNS FROM `reply` [ RunTime:0.009000s ]
SQL: SHOW COLUMNS FROM `user` [ RunTime:0.008001s ]
SQL: SELECT COUNT(*) AS tp_count FROM `article` WHERE ( states=1 and tag='1' ) LIMIT 1   [ RunTime:0.001000s ]
SQL: select * from article where ( states=1 and tag='1') order by time desc Limit 0, 8 [ RunTime:0.001000s ]
SQL: SELECT COUNT(*) AS tp_count FROM `reply` WHERE ( a_id=4 and r_id=0 ) LIMIT 1   [ RunTime:0.000000s ]
SQL: SELECT * FROM `user` WHERE ( id=2 )  [ RunTime:0.001000s ]
INFO: [ view_begin ] --START--
INFO: [ view_begin ] --END-- [ RunTime:0.001000s ]
INFO: [ view_parse ] --START--
NOTIC: [2] Illegal string offset 'session' F:\orange\luntan\discuss\Runtime\Cache\2bc625079edd772d2995a98a84b128e7370d40fd.file.index.html.php 第 72 行.
NOTIC: [2] Illegal string offset 'session' F:\orange\luntan\discuss\Runtime\Cache\2bc625079edd772d2995a98a84b128e7370d40fd.file.index.html.php 第 80 行.
NOTIC: [2] Illegal string offset 'session' F:\orange\luntan\discuss\Runtime\Cache\2bc625079edd772d2995a98a84b128e7370d40fd.file.index.html.php 第 88 行.
INFO: Run Behavior\ParseTemplate [ RunTime:0.033002s ]
INFO: [ view_parse ] --END-- [ RunTime:0.034002s ]
INFO: [ view_filter ] --START--
INFO: Run Behavior\WriteHtmlCache [ RunTime:0.001000s ]
INFO: [ view_filter ] --END-- [ RunTime:0.001000s ]
INFO: [ view_end ] --START--
INFO: [ view_end ] --END-- [ RunTime:0.000000s ]
INFO: [ app_end ] --START--
INFO: Run Behavior\ShowPageTrace [ RunTime:0.001000s ]
INFO: [ app_end ] --END-- [ RunTime:0.001000s ]

[ 2015-11-22T22:09:13+08:00 ] ::1 /luntan/discuss/index.php?m=Home&c=Article&a=index&tag=1
INFO: [ app_init ] --START--
INFO: [ app_init ] --END-- [ RunTime:0.001001s ]
INFO: [ app_begin ] --START--
INFO: Run Behavior\ReadHtmlCache [ RunTime:0.001000s ]
INFO: [ app_begin ] --END-- [ RunTime:0.002000s ]
INFO: [ action_begin ] --START--
INFO: [ action_begin ] --END-- [ RunTime:0.000000s ]
NOTIC: [8192] mysql_connect(): The mysql extension is deprecated and will be removed in the future: use mysqli or PDO instead F:\orange\luntan\ThinkPHP\Library\Think\Db\Driver\Mysql.class.php 第 52 行.
SQL: SHOW COLUMNS FROM `article` [ RunTime:0.011001s ]
SQL: SHOW COLUMNS FROM `reply` [ RunTime:0.009001s ]
SQL: SHOW COLUMNS FROM `user` [ RunTime:0.010001s ]
SQL: SELECT COUNT(*) AS tp_count FROM `article` WHERE ( states=1 and tag='1' ) LIMIT 1   [ RunTime:0.000000s ]
SQL: select * from article where ( states=1 and tag='1') order by time desc Limit 0, 8 [ RunTime:0.000000s ]
SQL: SELECT COUNT(*) AS tp_count FROM `reply` WHERE ( a_id=4 and r_id=0 ) LIMIT 1   [ RunTime:0.001000s ]
SQL: SELECT * FROM `user` WHERE ( id=2 )  [ RunTime:0.001000s ]
INFO: [ view_begin ] --START--
INFO: [ view_begin ] --END-- [ RunTime:0.001000s ]
INFO: [ view_parse ] --START--
NOTIC: [2] Illegal string offset 'session' F:\orange\luntan\discuss\Runtime\Cache\2bc625079edd772d2995a98a84b128e7370d40fd.file.index.html.php 第 72 行.
NOTIC: [2] Illegal string offset 'session' F:\orange\luntan\discuss\Runtime\Cache\2bc625079edd772d2995a98a84b128e7370d40fd.file.index.html.php 第 80 行.
NOTIC: [2] Illegal string offset 'session' F:\orange\luntan\discuss\Runtime\Cache\2bc625079edd772d2995a98a84b128e7370d40fd.file.index.html.php 第 88 行.
INFO: Run Behavior\ParseTemplate [ RunTime:0.030002s ]
INFO: [ view_parse ] --END-- [ RunTime:0.030002s ]
INFO: [ view_filter ] --START--
INFO: Run Behavior\WriteHtmlCache [ RunTime:0.000000s ]
INFO: [ view_filter ] --END-- [ RunTime:0.001000s ]
INFO: [ view_end ] --START--
INFO: [ view_end ] --END-- [ RunTime:0.000000s ]
INFO: [ app_end ] --START--
INFO: Run Behavior\ShowPageTrace [ RunTime:0.000000s ]
INFO: [ app_end ] --END-- [ RunTime:0.002000s ]

[ 2015-11-22T22:09:14+08:00 ] ::1 /luntan/discuss/index.php?m=Home&c=Article&a=index&tag=1
INFO: [ app_init ] --START--
INFO: [ app_init ] --END-- [ RunTime:0.003000s ]
INFO: [ app_begin ] --START--
INFO: Run Behavior\ReadHtmlCache [ RunTime:0.001001s ]
INFO: [ app_begin ] --END-- [ RunTime:0.003001s ]
INFO: [ action_begin ] --START--
INFO: [ action_begin ] --END-- [ RunTime:0.000000s ]
NOTIC: [8192] mysql_connect(): The mysql extension is deprecated and will be removed in the future: use mysqli or PDO instead F:\orange\luntan\ThinkPHP\Library\Think\Db\Driver\Mysql.class.php 第 52 行.
SQL: SHOW COLUMNS FROM `article` [ RunTime:0.009000s ]
SQL: SHOW COLUMNS FROM `reply` [ RunTime:0.008001s ]
SQL: SHOW COLUMNS FROM `user` [ RunTime:0.009001s ]
SQL: SELECT COUNT(*) AS tp_count FROM `article` WHERE ( states=1 and tag='1' ) LIMIT 1   [ RunTime:0.001000s ]
SQL: select * from article where ( states=1 and tag='1') order by time desc Limit 0, 8 [ RunTime:0.001000s ]
SQL: SELECT COUNT(*) AS tp_count FROM `reply` WHERE ( a_id=4 and r_id=0 ) LIMIT 1   [ RunTime:0.001001s ]
SQL: SELECT * FROM `user` WHERE ( id=2 )  [ RunTime:0.000000s ]
INFO: [ view_begin ] --START--
INFO: [ view_begin ] --END-- [ RunTime:0.001000s ]
INFO: [ view_parse ] --START--
NOTIC: [2] Illegal string offset 'session' F:\orange\luntan\discuss\Runtime\Cache\2bc625079edd772d2995a98a84b128e7370d40fd.file.index.html.php 第 72 行.
NOTIC: [2] Illegal string offset 'session' F:\orange\luntan\discuss\Runtime\Cache\2bc625079edd772d2995a98a84b128e7370d40fd.file.index.html.php 第 80 行.
NOTIC: [2] Illegal string offset 'session' F:\orange\luntan\discuss\Runtime\Cache\2bc625079edd772d2995a98a84b128e7370d40fd.file.index.html.php 第 88 行.
INFO: Run Behavior\ParseTemplate [ RunTime:0.049003s ]
INFO: [ view_parse ] --END-- [ RunTime:0.050003s ]
INFO: [ view_filter ] --START--
INFO: Run Behavior\WriteHtmlCache [ RunTime:0.000000s ]
INFO: [ view_filter ] --END-- [ RunTime:0.001000s ]
INFO: [ view_end ] --START--
INFO: [ view_end ] --END-- [ RunTime:0.000000s ]
INFO: [ app_end ] --START--
INFO: Run Behavior\ShowPageTrace [ RunTime:0.001000s ]
INFO: [ app_end ] --END-- [ RunTime:0.001000s ]

[ 2015-11-22T22:09:14+08:00 ] ::1 /luntan/discuss/index.php?m=Home&c=Article&a=index&tag=1
INFO: [ app_init ] --START--
INFO: [ app_init ] --END-- [ RunTime:0.002000s ]
INFO: [ app_begin ] --START--
INFO: Run Behavior\ReadHtmlCache [ RunTime:0.000000s ]
INFO: [ app_begin ] --END-- [ RunTime:0.002000s ]
INFO: [ action_begin ] --START--
INFO: [ action_begin ] --END-- [ RunTime:0.001000s ]
NOTIC: [8192] mysql_connect(): The mysql extension is deprecated and will be removed in the future: use mysqli or PDO instead F:\orange\luntan\ThinkPHP\Library\Think\Db\Driver\Mysql.class.php 第 52 行.
SQL: SHOW COLUMNS FROM `article` [ RunTime:0.008000s ]
SQL: SHOW COLUMNS FROM `reply` [ RunTime:0.009000s ]
SQL: SHOW COLUMNS FROM `user` [ RunTime:0.009001s ]
SQL: SELECT COUNT(*) AS tp_count FROM `article` WHERE ( states=1 and tag='1' ) LIMIT 1   [ RunTime:0.001000s ]
SQL: select * from article where ( states=1 and tag='1') order by time desc Limit 0, 8 [ RunTime:0.000000s ]
SQL: SELECT COUNT(*) AS tp_count FROM `reply` WHERE ( a_id=4 and r_id=0 ) LIMIT 1   [ RunTime:0.001000s ]
SQL: SELECT * FROM `user` WHERE ( id=2 )  [ RunTime:0.000000s ]
INFO: [ view_begin ] --START--
INFO: [ view_begin ] --END-- [ RunTime:0.000000s ]
INFO: [ view_parse ] --START--
NOTIC: [2] Illegal string offset 'session' F:\orange\luntan\discuss\Runtime\Cache\2bc625079edd772d2995a98a84b128e7370d40fd.file.index.html.php 第 72 行.
NOTIC: [2] Illegal string offset 'session' F:\orange\luntan\discuss\Runtime\Cache\2bc625079edd772d2995a98a84b128e7370d40fd.file.index.html.php 第 80 行.
NOTIC: [2] Illegal string offset 'session' F:\orange\luntan\discuss\Runtime\Cache\2bc625079edd772d2995a98a84b128e7370d40fd.file.index.html.php 第 88 行.
INFO: Run Behavior\ParseTemplate [ RunTime:0.046003s ]
INFO: [ view_parse ] --END-- [ RunTime:0.046003s ]
INFO: [ view_filter ] --START--
INFO: Run Behavior\WriteHtmlCache [ RunTime:0.000000s ]
INFO: [ view_filter ] --END-- [ RunTime:0.001000s ]
INFO: [ view_end ] --START--
INFO: [ view_end ] --END-- [ RunTime:0.000000s ]
INFO: [ app_end ] --START--
INFO: Run Behavior\ShowPageTrace [ RunTime:0.001000s ]
INFO: [ app_end ] --END-- [ RunTime:0.001000s ]

[ 2015-11-22T22:09:22+08:00 ] ::1 /luntan/discuss/index.php?m=Home&c=Article&a=index&tag=1
INFO: [ app_init ] --START--
INFO: [ app_init ] --END-- [ RunTime:0.001000s ]
INFO: [ app_begin ] --START--
INFO: Run Behavior\ReadHtmlCache [ RunTime:0.001000s ]
INFO: [ app_begin ] --END-- [ RunTime:0.003001s ]
INFO: [ action_begin ] --START--
INFO: [ action_begin ] --END-- [ RunTime:0.000000s ]
NOTIC: [8192] mysql_connect(): The mysql extension is deprecated and will be removed in the future: use mysqli or PDO instead F:\orange\luntan\ThinkPHP\Library\Think\Db\Driver\Mysql.class.php 第 52 行.
SQL: SHOW COLUMNS FROM `article` [ RunTime:0.009001s ]
SQL: SHOW COLUMNS FROM `reply` [ RunTime:0.008000s ]
SQL: SHOW COLUMNS FROM `user` [ RunTime:0.009000s ]
SQL: SELECT COUNT(*) AS tp_count FROM `article` WHERE ( states=1 and tag='1' ) LIMIT 1   [ RunTime:0.001000s ]
SQL: select * from article where ( states=1 and tag='1') order by time desc Limit 0, 8 [ RunTime:0.001000s ]
SQL: SELECT COUNT(*) AS tp_count FROM `reply` WHERE ( a_id=4 and r_id=0 ) LIMIT 1   [ RunTime:0.000000s ]
SQL: SELECT * FROM `user` WHERE ( id=2 )  [ RunTime:0.001000s ]
INFO: [ view_begin ] --START--
INFO: [ view_begin ] --END-- [ RunTime:0.001001s ]
INFO: [ view_parse ] --START--
NOTIC: [2] Illegal string offset 'session' F:\orange\luntan\discuss\Runtime\Cache\2bc625079edd772d2995a98a84b128e7370d40fd.file.index.html.php 第 72 行.
NOTIC: [2] Illegal string offset 'session' F:\orange\luntan\discuss\Runtime\Cache\2bc625079edd772d2995a98a84b128e7370d40fd.file.index.html.php 第 80 行.
NOTIC: [2] Illegal string offset 'session' F:\orange\luntan\discuss\Runtime\Cache\2bc625079edd772d2995a98a84b128e7370d40fd.file.index.html.php 第 88 行.
INFO: Run Behavior\ParseTemplate [ RunTime:0.033002s ]
INFO: [ view_parse ] --END-- [ RunTime:0.035002s ]
INFO: [ view_filter ] --START--
INFO: Run Behavior\WriteHtmlCache [ RunTime:0.000000s ]
INFO: [ view_filter ] --END-- [ RunTime:0.001000s ]
INFO: [ view_end ] --START--
INFO: [ view_end ] --END-- [ RunTime:0.000000s ]
INFO: [ app_end ] --START--
INFO: Run Behavior\ShowPageTrace [ RunTime:0.001000s ]
INFO: [ app_end ] --END-- [ RunTime:0.001000s ]

[ 2015-11-22T22:09:38+08:00 ] ::1 /luntan/discuss/index.php/Home/Article/tuichu
INFO: [ app_init ] --START--
INFO: [ app_init ] --END-- [ RunTime:0.001000s ]
INFO: [ path_info ] --START--
INFO: [ path_info ] --END-- [ RunTime:0.000000s ]
INFO: [ app_begin ] --START--
INFO: Run Behavior\ReadHtmlCache [ RunTime:0.001000s ]
INFO: [ app_begin ] --END-- [ RunTime:0.002000s ]
INFO: [ action_begin ] --START--
INFO: [ action_begin ] --END-- [ RunTime:0.001000s ]

[ 2015-11-22T22:09:38+08:00 ] ::1 /luntan/discuss/index.php?m=Home&c=Login&a=index
INFO: [ app_init ] --START--
INFO: [ app_init ] --END-- [ RunTime:0.001000s ]
INFO: [ app_begin ] --START--
INFO: Run Behavior\ReadHtmlCache [ RunTime:0.001000s ]
INFO: [ app_begin ] --END-- [ RunTime:0.001000s ]
INFO: [ action_begin ] --START--
INFO: [ action_begin ] --END-- [ RunTime:0.000000s ]
NOTIC: [8192] mysql_connect(): The mysql extension is deprecated and will be removed in the future: use mysqli or PDO instead F:\orange\luntan\ThinkPHP\Library\Think\Db\Driver\Mysql.class.php 第 52 行.
SQL: SHOW COLUMNS FROM `user` [ RunTime:0.008000s ]
INFO: [ view_begin ] --START--
INFO: [ view_begin ] --END-- [ RunTime:0.001001s ]
INFO: [ view_parse ] --START--
INFO: Run Behavior\ParseTemplate [ RunTime:0.047002s ]
INFO: [ view_parse ] --END-- [ RunTime:0.048002s ]
INFO: [ view_filter ] --START--
INFO: Run Behavior\WriteHtmlCache [ RunTime:0.001000s ]
INFO: [ view_filter ] --END-- [ RunTime:0.001000s ]
INFO: [ view_end ] --START--
INFO: [ view_end ] --END-- [ RunTime:0.000000s ]
INFO: [ app_end ] --START--
INFO: Run Behavior\ShowPageTrace [ RunTime:0.001000s ]
INFO: [ app_end ] --END-- [ RunTime:0.001000s ]

[ 2015-11-22T22:09:44+08:00 ] ::1 /luntan/discuss/index.php?m=Home&c=Login&a=index
INFO: [ app_init ] --START--
INFO: [ app_init ] --END-- [ RunTime:0.002000s ]
INFO: [ app_begin ] --START--
INFO: Run Behavior\ReadHtmlCache [ RunTime:0.001000s ]
INFO: [ app_begin ] --END-- [ RunTime:0.003000s ]
INFO: [ action_begin ] --START--
INFO: [ action_begin ] --END-- [ RunTime:0.001000s ]
NOTIC: [8192] mysql_connect(): The mysql extension is deprecated and will be removed in the future: use mysqli or PDO instead F:\orange\luntan\ThinkPHP\Library\Think\Db\Driver\Mysql.class.php 第 52 行.
SQL: SHOW COLUMNS FROM `user` [ RunTime:0.009000s ]
SQL: SELECT * FROM `user` WHERE ( `username` = 'nannan' ) LIMIT 1   [ RunTime:0.001001s ]
NOTIC: [8] A session had already been started - ignoring session_start() F:\orange\luntan\ThinkPHP\Common\functions.php 第 1056 行.

[ 2015-11-22T22:09:45+08:00 ] ::1 /luntan/discuss/index.php?m=Home&c=Article&a=index&tag=1
INFO: [ app_init ] --START--
INFO: [ app_init ] --END-- [ RunTime:0.002000s ]
INFO: [ app_begin ] --START--
INFO: Run Behavior\ReadHtmlCache [ RunTime:0.001000s ]
INFO: [ app_begin ] --END-- [ RunTime:0.002000s ]
INFO: [ action_begin ] --START--
INFO: [ action_begin ] --END-- [ RunTime:0.001000s ]
NOTIC: [8192] mysql_connect(): The mysql extension is deprecated and will be removed in the future: use mysqli or PDO instead F:\orange\luntan\ThinkPHP\Library\Think\Db\Driver\Mysql.class.php 第 52 行.
SQL: SHOW COLUMNS FROM `article` [ RunTime:0.010001s ]
SQL: SHOW COLUMNS FROM `reply` [ RunTime:0.009001s ]
SQL: SHOW COLUMNS FROM `user` [ RunTime:0.010001s ]
SQL: SELECT COUNT(*) AS tp_count FROM `article` WHERE ( states=1 and tag='1' ) LIMIT 1   [ RunTime:0.001000s ]
SQL: select * from article where ( states=1 and tag='1') order by time desc Limit 0, 8 [ RunTime:0.001000s ]
SQL: SELECT COUNT(*) AS tp_count FROM `reply` WHERE ( a_id=4 and r_id=0 ) LIMIT 1   [ RunTime:0.000000s ]
SQL: SELECT * FROM `user` WHERE ( id=2 )  [ RunTime:0.001000s ]
INFO: [ view_begin ] --START--
INFO: [ view_begin ] --END-- [ RunTime:0.000000s ]
INFO: [ view_parse ] --START--
NOTIC: [2] Illegal string offset 'session' F:\orange\luntan\discuss\Runtime\Cache\2bc625079edd772d2995a98a84b128e7370d40fd.file.index.html.php 第 72 行.
NOTIC: [2] Illegal string offset 'session' F:\orange\luntan\discuss\Runtime\Cache\2bc625079edd772d2995a98a84b128e7370d40fd.file.index.html.php 第 80 行.
NOTIC: [2] Illegal string offset 'session' F:\orange\luntan\discuss\Runtime\Cache\2bc625079edd772d2995a98a84b128e7370d40fd.file.index.html.php 第 88 行.
INFO: Run Behavior\ParseTemplate [ RunTime:0.049003s ]
INFO: [ view_parse ] --END-- [ RunTime:0.051003s ]
INFO: [ view_filter ] --START--
INFO: Run Behavior\WriteHtmlCache [ RunTime:0.001000s ]
INFO: [ view_filter ] --END-- [ RunTime:0.001000s ]
INFO: [ view_end ] --START--
INFO: [ view_end ] --END-- [ RunTime:0.000000s ]
INFO: [ app_end ] --START--
INFO: Run Behavior\ShowPageTrace [ RunTime:0.001000s ]
INFO: [ app_end ] --END-- [ RunTime:0.001000s ]

