[ 2016-09-05T15:10:41+08:00 ] ::1 /luntan/discuss/
INFO: [ app_init ] --START--
INFO: [ app_init ] --END-- [ RunTime:0.014001s ]
INFO: [ app_begin ] --START--
INFO: Run Behavior\ReadHtmlCache [ RunTime:0.001000s ]
INFO: [ app_begin ] --END-- [ RunTime:0.002000s ]
INFO: [ action_begin ] --START--
INFO: [ action_begin ] --END-- [ RunTime:0.000000s ]
INFO: [ view_begin ] --START--
INFO: [ view_begin ] --END-- [ RunTime:0.000000s ]
INFO: [ view_parse ] --START--
INFO: Run Behavior\ParseTemplate [ RunTime:0.171010s ]
INFO: [ view_parse ] --END-- [ RunTime:0.172010s ]
INFO: [ view_filter ] --START--
INFO: Run Behavior\WriteHtmlCache [ RunTime:0.000000s ]
INFO: [ view_filter ] --END-- [ RunTime:0.002000s ]
INFO: [ view_end ] --START--
INFO: [ view_end ] --END-- [ RunTime:0.001000s ]
INFO: [ app_end ] --START--
INFO: Run Behavior\ShowPageTrace [ RunTime:0.000000s ]
INFO: [ app_end ] --END-- [ RunTime:0.002000s ]

[ 2016-09-05T15:10:47+08:00 ] ::1 /luntan/discuss/index.php/Home/Article/index?tag=1
INFO: [ app_init ] --START--
INFO: [ app_init ] --END-- [ RunTime:0.003000s ]
INFO: [ path_info ] --START--
INFO: [ path_info ] --END-- [ RunTime:0.000000s ]
INFO: [ app_begin ] --START--
INFO: Run Behavior\ReadHtmlCache [ RunTime:0.001000s ]
INFO: [ app_begin ] --END-- [ RunTime:0.002000s ]
INFO: [ action_begin ] --START--
INFO: [ action_begin ] --END-- [ RunTime:0.000000s ]
NOTIC: [8192] mysql_connect(): The mysql extension is deprecated and will be removed in the future: use mysqli or PDO instead F:\orange\luntan\ThinkPHP\Library\Think\Db\Driver\Mysql.class.php 第 52 行.
SQL: SHOW COLUMNS FROM `article` [ RunTime:0.045003s ]
ERR: 1146:Table 'discuss.article' doesn't exist
 [ SQL语句 ] : SHOW COLUMNS FROM `article`
SQL: SHOW COLUMNS FROM `reply` [ RunTime:0.048003s ]
ERR: 1146:Table 'discuss.reply' doesn't exist
 [ SQL语句 ] : SHOW COLUMNS FROM `reply`
SQL: SHOW COLUMNS FROM `user` [ RunTime:0.032002s ]
ERR: 1146:Table 'discuss.user' doesn't exist
 [ SQL语句 ] : SHOW COLUMNS FROM `user`
SQL: SELECT COUNT(*) AS tp_count FROM `article` WHERE ( states=1 and tag='1' ) LIMIT 1   [ RunTime:0.006001s ]
ERR: 1146:Table 'discuss.article' doesn't exist
 [ SQL语句 ] : SELECT COUNT(*) AS tp_count FROM `article` WHERE ( states=1 and tag='1' ) LIMIT 1  
SQL: select * from article where ( states=1 and tag='1') order by time desc Limit 0, 8 [ RunTime:0.006000s ]
ERR: 1146:Table 'discuss.article' doesn't exist
 [ SQL语句 ] : select * from article where ( states=1 and tag='1') order by time desc Limit 0, 8
NOTIC: [8] Undefined index: id F:\orange\luntan\discuss\Home\Controller\ArticleController.class.php 第 26 行.
SQL: SELECT COUNT(*) AS tp_count FROM `reply` WHERE ( a_id=%d and r_id=0 ) LIMIT 1   [ RunTime:0.001000s ]
ERR: 1064:You have an error in your SQL syntax; check the manual that corresponds to your MySQL server version for the right syntax to use near '%d and r_id=0 ) LIMIT 1' at line 1
 [ SQL语句 ] : SELECT COUNT(*) AS tp_count FROM `reply` WHERE ( a_id=%d and r_id=0 ) LIMIT 1  
NOTIC: [8] Undefined index: u_id F:\orange\luntan\discuss\Home\Controller\ArticleController.class.php 第 32 行.
SQL: SELECT * FROM `user` WHERE ( id=%d )  [ RunTime:0.001000s ]
ERR: 1064:You have an error in your SQL syntax; check the manual that corresponds to your MySQL server version for the right syntax to use near '%d )' at line 1
 [ SQL语句 ] : SELECT * FROM `user` WHERE ( id=%d ) 
INFO: [ view_begin ] --START--
INFO: [ view_begin ] --END-- [ RunTime:0.000000s ]
INFO: [ view_parse ] --START--
NOTIC: [2] Illegal string offset 'session' F:\orange\luntan\discuss\Runtime\Cache\2bc625079edd772d2995a98a84b128e7370d40fd.file.index.html.php 第 116 行.
NOTIC: [8] Uninitialized string offset: 0 F:\orange\luntan\discuss\Runtime\Cache\2bc625079edd772d2995a98a84b128e7370d40fd.file.index.html.php 第 116 行.
NOTIC: [2] Illegal string offset 'session' F:\orange\luntan\discuss\Runtime\Cache\2bc625079edd772d2995a98a84b128e7370d40fd.file.index.html.php 第 124 行.
NOTIC: [8] Uninitialized string offset: 0 F:\orange\luntan\discuss\Runtime\Cache\2bc625079edd772d2995a98a84b128e7370d40fd.file.index.html.php 第 124 行.
NOTIC: [2] Illegal string offset 'session' F:\orange\luntan\discuss\Runtime\Cache\2bc625079edd772d2995a98a84b128e7370d40fd.file.index.html.php 第 132 行.
NOTIC: [8] Uninitialized string offset: 0 F:\orange\luntan\discuss\Runtime\Cache\2bc625079edd772d2995a98a84b128e7370d40fd.file.index.html.php 第 132 行.
NOTIC: [8] Undefined index: picture F:\orange\luntan\discuss\Runtime\Cache\2bc625079edd772d2995a98a84b128e7370d40fd.file.index.html.php 第 157 行.
NOTIC: [8] Undefined index: tag F:\orange\luntan\discuss\Runtime\Cache\2bc625079edd772d2995a98a84b128e7370d40fd.file.index.html.php 第 160 行.
NOTIC: [8] Undefined index: tag F:\orange\luntan\discuss\Runtime\Cache\2bc625079edd772d2995a98a84b128e7370d40fd.file.index.html.php 第 160 行.
NOTIC: [8] Undefined index: tag F:\orange\luntan\discuss\Runtime\Cache\2bc625079edd772d2995a98a84b128e7370d40fd.file.index.html.php 第 160 行.
NOTIC: [8] Undefined index: id F:\orange\luntan\discuss\Runtime\Cache\2bc625079edd772d2995a98a84b128e7370d40fd.file.index.html.php 第 162 行.
NOTIC: [8] Undefined index: title F:\orange\luntan\discuss\Runtime\Cache\2bc625079edd772d2995a98a84b128e7370d40fd.file.index.html.php 第 163 行.
NOTIC: [8] Undefined index: introduction F:\orange\luntan\discuss\Runtime\Cache\2bc625079edd772d2995a98a84b128e7370d40fd.file.index.html.php 第 177 行.
INFO: Run Behavior\ParseTemplate [ RunTime:0.102006s ]
INFO: [ view_parse ] --END-- [ RunTime:0.104006s ]
INFO: [ view_filter ] --START--
INFO: Run Behavior\WriteHtmlCache [ RunTime:0.000000s ]
INFO: [ view_filter ] --END-- [ RunTime:0.002000s ]
INFO: [ view_end ] --START--
INFO: [ view_end ] --END-- [ RunTime:0.001000s ]
INFO: [ app_end ] --START--
INFO: Run Behavior\ShowPageTrace [ RunTime:0.001001s ]
INFO: [ app_end ] --END-- [ RunTime:0.001001s ]

[ 2016-09-05T19:03:16+08:00 ] ::1 /luntan/discuss/
INFO: [ app_init ] --START--
INFO: [ app_init ] --END-- [ RunTime:0.014001s ]
INFO: [ app_begin ] --START--
INFO: Run Behavior\ReadHtmlCache [ RunTime:0.001000s ]
INFO: [ app_begin ] --END-- [ RunTime:0.002000s ]
INFO: [ action_begin ] --START--
INFO: [ action_begin ] --END-- [ RunTime:0.000000s ]
INFO: [ view_begin ] --START--
INFO: [ view_begin ] --END-- [ RunTime:0.001000s ]
INFO: [ view_parse ] --START--
INFO: Run Behavior\ParseTemplate [ RunTime:0.211012s ]
INFO: [ view_parse ] --END-- [ RunTime:0.212012s ]
INFO: [ view_filter ] --START--
INFO: Run Behavior\WriteHtmlCache [ RunTime:0.001000s ]
INFO: [ view_filter ] --END-- [ RunTime:0.001000s ]
INFO: [ view_end ] --START--
INFO: [ view_end ] --END-- [ RunTime:0.000000s ]
INFO: [ app_end ] --START--
INFO: Run Behavior\ShowPageTrace [ RunTime:0.001000s ]
INFO: [ app_end ] --END-- [ RunTime:0.001000s ]

[ 2016-09-05T19:03:23+08:00 ] ::1 /luntan/discuss/index.php/Home/Article/index?tag=1
INFO: [ app_init ] --START--
INFO: [ app_init ] --END-- [ RunTime:0.002000s ]
INFO: [ path_info ] --START--
INFO: [ path_info ] --END-- [ RunTime:0.000000s ]
INFO: [ app_begin ] --START--
INFO: Run Behavior\ReadHtmlCache [ RunTime:0.001000s ]
INFO: [ app_begin ] --END-- [ RunTime:0.001000s ]
INFO: [ action_begin ] --START--
INFO: [ action_begin ] --END-- [ RunTime:0.000000s ]
NOTIC: [8192] mysql_connect(): The mysql extension is deprecated and will be removed in the future: use mysqli or PDO instead F:\orange\luntan\ThinkPHP\Library\Think\Db\Driver\Mysql.class.php 第 52 行.
SQL: SHOW COLUMNS FROM `article` [ RunTime:0.120007s ]
ERR: 1146:Table 'discuss.article' doesn't exist
 [ SQL语句 ] : SHOW COLUMNS FROM `article`
SQL: SHOW COLUMNS FROM `reply` [ RunTime:0.140008s ]
ERR: 1146:Table 'discuss.reply' doesn't exist
 [ SQL语句 ] : SHOW COLUMNS FROM `reply`
SQL: SHOW COLUMNS FROM `user` [ RunTime:0.088005s ]
ERR: 1146:Table 'discuss.user' doesn't exist
 [ SQL语句 ] : SHOW COLUMNS FROM `user`
SQL: SELECT COUNT(*) AS tp_count FROM `article` WHERE ( states=1 and tag='1' ) LIMIT 1   [ RunTime:0.045003s ]
ERR: 1146:Table 'discuss.article' doesn't exist
 [ SQL语句 ] : SELECT COUNT(*) AS tp_count FROM `article` WHERE ( states=1 and tag='1' ) LIMIT 1  
SQL: select * from article where ( states=1 and tag='1') order by time desc Limit 0, 8 [ RunTime:0.007001s ]
ERR: 1146:Table 'discuss.article' doesn't exist
 [ SQL语句 ] : select * from article where ( states=1 and tag='1') order by time desc Limit 0, 8
NOTIC: [8] Undefined index: id F:\orange\luntan\discuss\Home\Controller\ArticleController.class.php 第 26 行.
SQL: SELECT COUNT(*) AS tp_count FROM `reply` WHERE ( a_id=%d and r_id=0 ) LIMIT 1   [ RunTime:0.000000s ]
ERR: 1064:You have an error in your SQL syntax; check the manual that corresponds to your MySQL server version for the right syntax to use near '%d and r_id=0 ) LIMIT 1' at line 1
 [ SQL语句 ] : SELECT COUNT(*) AS tp_count FROM `reply` WHERE ( a_id=%d and r_id=0 ) LIMIT 1  
NOTIC: [8] Undefined index: u_id F:\orange\luntan\discuss\Home\Controller\ArticleController.class.php 第 32 行.
SQL: SELECT * FROM `user` WHERE ( id=%d )  [ RunTime:0.000000s ]
ERR: 1064:You have an error in your SQL syntax; check the manual that corresponds to your MySQL server version for the right syntax to use near '%d )' at line 1
 [ SQL语句 ] : SELECT * FROM `user` WHERE ( id=%d ) 
INFO: [ view_begin ] --START--
INFO: [ view_begin ] --END-- [ RunTime:0.000000s ]
INFO: [ view_parse ] --START--
NOTIC: [2] Illegal string offset 'session' F:\orange\luntan\discuss\Runtime\Cache\2bc625079edd772d2995a98a84b128e7370d40fd.file.index.html.php 第 116 行.
NOTIC: [8] Uninitialized string offset: 0 F:\orange\luntan\discuss\Runtime\Cache\2bc625079edd772d2995a98a84b128e7370d40fd.file.index.html.php 第 116 行.
NOTIC: [2] Illegal string offset 'session' F:\orange\luntan\discuss\Runtime\Cache\2bc625079edd772d2995a98a84b128e7370d40fd.file.index.html.php 第 124 行.
NOTIC: [8] Uninitialized string offset: 0 F:\orange\luntan\discuss\Runtime\Cache\2bc625079edd772d2995a98a84b128e7370d40fd.file.index.html.php 第 124 行.
NOTIC: [2] Illegal string offset 'session' F:\orange\luntan\discuss\Runtime\Cache\2bc625079edd772d2995a98a84b128e7370d40fd.file.index.html.php 第 132 行.
NOTIC: [8] Uninitialized string offset: 0 F:\orange\luntan\discuss\Runtime\Cache\2bc625079edd772d2995a98a84b128e7370d40fd.file.index.html.php 第 132 行.
NOTIC: [8] Undefined index: picture F:\orange\luntan\discuss\Runtime\Cache\2bc625079edd772d2995a98a84b128e7370d40fd.file.index.html.php 第 157 行.
NOTIC: [8] Undefined index: tag F:\orange\luntan\discuss\Runtime\Cache\2bc625079edd772d2995a98a84b128e7370d40fd.file.index.html.php 第 160 行.
NOTIC: [8] Undefined index: tag F:\orange\luntan\discuss\Runtime\Cache\2bc625079edd772d2995a98a84b128e7370d40fd.file.index.html.php 第 160 行.
NOTIC: [8] Undefined index: tag F:\orange\luntan\discuss\Runtime\Cache\2bc625079edd772d2995a98a84b128e7370d40fd.file.index.html.php 第 160 行.
NOTIC: [8] Undefined index: id F:\orange\luntan\discuss\Runtime\Cache\2bc625079edd772d2995a98a84b128e7370d40fd.file.index.html.php 第 162 行.
NOTIC: [8] Undefined index: title F:\orange\luntan\discuss\Runtime\Cache\2bc625079edd772d2995a98a84b128e7370d40fd.file.index.html.php 第 163 行.
NOTIC: [8] Undefined index: introduction F:\orange\luntan\discuss\Runtime\Cache\2bc625079edd772d2995a98a84b128e7370d40fd.file.index.html.php 第 177 行.
INFO: Run Behavior\ParseTemplate [ RunTime:0.091005s ]
INFO: [ view_parse ] --END-- [ RunTime:0.092005s ]
INFO: [ view_filter ] --START--
INFO: Run Behavior\WriteHtmlCache [ RunTime:0.000000s ]
INFO: [ view_filter ] --END-- [ RunTime:0.002000s ]
INFO: [ view_end ] --START--
INFO: [ view_end ] --END-- [ RunTime:0.001000s ]
INFO: [ app_end ] --START--
INFO: Run Behavior\ShowPageTrace [ RunTime:0.000000s ]
INFO: [ app_end ] --END-- [ RunTime:0.002000s ]

[ 2016-09-05T19:03:26+08:00 ] ::1 /luntan/discuss/index.php/Home/Register/index
INFO: [ app_init ] --START--
INFO: [ app_init ] --END-- [ RunTime:0.001000s ]
INFO: [ path_info ] --START--
INFO: [ path_info ] --END-- [ RunTime:0.000000s ]
INFO: [ app_begin ] --START--
INFO: Run Behavior\ReadHtmlCache [ RunTime:0.001000s ]
INFO: [ app_begin ] --END-- [ RunTime:0.001000s ]
INFO: [ action_begin ] --START--
INFO: [ action_begin ] --END-- [ RunTime:0.001001s ]
NOTIC: [8192] mysql_connect(): The mysql extension is deprecated and will be removed in the future: use mysqli or PDO instead F:\orange\luntan\ThinkPHP\Library\Think\Db\Driver\Mysql.class.php 第 52 行.
SQL: SHOW COLUMNS FROM `user` [ RunTime:0.014000s ]
ERR: 1146:Table 'discuss.user' doesn't exist
 [ SQL语句 ] : SHOW COLUMNS FROM `user`
INFO: [ view_begin ] --START--
INFO: [ view_begin ] --END-- [ RunTime:0.000000s ]
INFO: [ view_parse ] --START--
INFO: Run Behavior\ParseTemplate [ RunTime:0.585034s ]
INFO: [ view_parse ] --END-- [ RunTime:0.586034s ]
INFO: [ view_filter ] --START--
INFO: Run Behavior\WriteHtmlCache [ RunTime:0.000000s ]
INFO: [ view_filter ] --END-- [ RunTime:0.001000s ]
INFO: [ view_end ] --START--
INFO: [ view_end ] --END-- [ RunTime:0.001000s ]
INFO: [ app_end ] --START--
INFO: Run Behavior\ShowPageTrace [ RunTime:0.000000s ]
INFO: [ app_end ] --END-- [ RunTime:0.002000s ]

[ 2016-09-05T19:06:49+08:00 ] ::1 /luntan/discuss/index.php/Home/Register/index
INFO: [ app_init ] --START--
INFO: [ app_init ] --END-- [ RunTime:0.001000s ]
INFO: [ path_info ] --START--
INFO: [ path_info ] --END-- [ RunTime:0.001000s ]
INFO: [ app_begin ] --START--
INFO: Run Behavior\ReadHtmlCache [ RunTime:0.000000s ]
INFO: [ app_begin ] --END-- [ RunTime:0.002001s ]
INFO: [ action_begin ] --START--
INFO: [ action_begin ] --END-- [ RunTime:0.000000s ]
NOTIC: [8192] mysql_connect(): The mysql extension is deprecated and will be removed in the future: use mysqli or PDO instead F:\orange\luntan\ThinkPHP\Library\Think\Db\Driver\Mysql.class.php 第 52 行.
SQL: SHOW COLUMNS FROM `user` [ RunTime:0.012001s ]
ERR: 1146:Table 'discuss.user' doesn't exist
 [ SQL语句 ] : SHOW COLUMNS FROM `user`
SQL: SELECT * FROM `user`  [ RunTime:0.006000s ]
ERR: 1146:Table 'discuss.user' doesn't exist
 [ SQL语句 ] : SELECT * FROM `user` 
NOTIC: [2] Invalid argument supplied for foreach() F:\orange\luntan\discuss\Home\Controller\RegisterController.class.php 第 12 行.
NOTIC: [2] in_array() expects parameter 2 to be array, boolean given F:\orange\luntan\ThinkPHP\Library\Think\Model.class.php 第 839 行.
NOTIC: [2] in_array() expects parameter 2 to be array, boolean given F:\orange\luntan\ThinkPHP\Library\Think\Model.class.php 第 839 行.
NOTIC: [2] in_array() expects parameter 2 to be array, boolean given F:\orange\luntan\ThinkPHP\Library\Think\Model.class.php 第 839 行.
NOTIC: [2] in_array() expects parameter 2 to be array, boolean given F:\orange\luntan\ThinkPHP\Library\Think\Model.class.php 第 839 行.
NOTIC: [2] in_array() expects parameter 2 to be array, boolean given F:\orange\luntan\ThinkPHP\Library\Think\Model.class.php 第 839 行.
SQL: INSERT INTO `user` (`password`,`username`,`role`,`nickname`) VALUES ('e10adc3949ba59abbe56e057f20f883e','aaapp',1,'tmac') [ RunTime:0.037002s ]
ERR: 1146:Table 'discuss.user' doesn't exist
 [ SQL语句 ] : INSERT INTO `user` (`password`,`username`,`role`,`nickname`) VALUES ('e10adc3949ba59abbe56e057f20f883e','aaapp',1,'tmac')

[ 2016-09-05T19:06:52+08:00 ] ::1 /luntan/discuss/index.php?m=Home&c=Register&a=index
INFO: [ app_init ] --START--
INFO: [ app_init ] --END-- [ RunTime:0.002000s ]
INFO: [ app_begin ] --START--
INFO: Run Behavior\ReadHtmlCache [ RunTime:0.001000s ]
INFO: [ app_begin ] --END-- [ RunTime:0.001000s ]
INFO: [ action_begin ] --START--
INFO: [ action_begin ] --END-- [ RunTime:0.000000s ]
NOTIC: [8192] mysql_connect(): The mysql extension is deprecated and will be removed in the future: use mysqli or PDO instead F:\orange\luntan\ThinkPHP\Library\Think\Db\Driver\Mysql.class.php 第 52 行.
SQL: SHOW COLUMNS FROM `user` [ RunTime:0.014001s ]
ERR: 1146:Table 'discuss.user' doesn't exist
 [ SQL语句 ] : SHOW COLUMNS FROM `user`
INFO: [ view_begin ] --START--
INFO: [ view_begin ] --END-- [ RunTime:0.000000s ]
INFO: [ view_parse ] --START--
INFO: Run Behavior\ParseTemplate [ RunTime:0.032002s ]
INFO: [ view_parse ] --END-- [ RunTime:0.033002s ]
INFO: [ view_filter ] --START--
INFO: Run Behavior\WriteHtmlCache [ RunTime:0.000000s ]
INFO: [ view_filter ] --END-- [ RunTime:0.001000s ]
INFO: [ view_end ] --START--
INFO: [ view_end ] --END-- [ RunTime:0.001000s ]
INFO: [ app_end ] --START--
INFO: Run Behavior\ShowPageTrace [ RunTime:0.001000s ]
INFO: [ app_end ] --END-- [ RunTime:0.002000s ]

[ 2016-09-05T19:16:31+08:00 ] ::1 /luntan/discuss/index.php?m=Home&c=Register&a=index
INFO: [ app_init ] --START--
INFO: [ app_init ] --END-- [ RunTime:0.002000s ]
INFO: [ app_begin ] --START--
INFO: Run Behavior\ReadHtmlCache [ RunTime:0.001000s ]
INFO: [ app_begin ] --END-- [ RunTime:0.001000s ]
INFO: [ action_begin ] --START--
INFO: [ action_begin ] --END-- [ RunTime:0.001000s ]
NOTIC: [8192] mysql_connect(): The mysql extension is deprecated and will be removed in the future: use mysqli or PDO instead F:\orange\luntan\ThinkPHP\Library\Think\Db\Driver\Mysql.class.php 第 52 行.
SQL: SHOW COLUMNS FROM `user` [ RunTime:0.009000s ]

[ 2016-09-05T19:16:34+08:00 ] ::1 /luntan/discuss/index.php?m=Home&c=Home&a=Register
INFO: [ app_init ] --START--
INFO: [ app_init ] --END-- [ RunTime:0.001000s ]
INFO: [ app_begin ] --START--
INFO: Run Behavior\ReadHtmlCache [ RunTime:0.001000s ]
INFO: [ app_begin ] --END-- [ RunTime:0.002000s ]
ERR: 无法加载控制器:Home

[ 2016-09-05T19:16:44+08:00 ] ::1 /luntan/discuss/index.php?m=Home&c=Register&a=index
INFO: [ app_init ] --START--
INFO: [ app_init ] --END-- [ RunTime:0.002000s ]
INFO: [ app_begin ] --START--
INFO: Run Behavior\ReadHtmlCache [ RunTime:0.001000s ]
INFO: [ app_begin ] --END-- [ RunTime:0.001000s ]
INFO: [ action_begin ] --START--
INFO: [ action_begin ] --END-- [ RunTime:0.001000s ]
NOTIC: [8192] mysql_connect(): The mysql extension is deprecated and will be removed in the future: use mysqli or PDO instead F:\orange\luntan\ThinkPHP\Library\Think\Db\Driver\Mysql.class.php 第 52 行.
SQL: SHOW COLUMNS FROM `user` [ RunTime:0.009000s ]
INFO: [ view_begin ] --START--
INFO: [ view_begin ] --END-- [ RunTime:0.001001s ]
INFO: [ view_parse ] --START--
INFO: Run Behavior\ParseTemplate [ RunTime:0.046002s ]
INFO: [ view_parse ] --END-- [ RunTime:0.046002s ]
INFO: [ view_filter ] --START--
INFO: Run Behavior\WriteHtmlCache [ RunTime:0.000000s ]
INFO: [ view_filter ] --END-- [ RunTime:0.001000s ]
INFO: [ view_end ] --START--
INFO: [ view_end ] --END-- [ RunTime:0.001000s ]
INFO: [ app_end ] --START--
INFO: Run Behavior\ShowPageTrace [ RunTime:0.000000s ]
INFO: [ app_end ] --END-- [ RunTime:0.002001s ]

[ 2016-09-05T19:16:51+08:00 ] ::1 /luntan/discuss/index.php?m=Home&c=Register&a=index
INFO: [ app_init ] --START--
INFO: [ app_init ] --END-- [ RunTime:0.001000s ]
INFO: [ app_begin ] --START--
INFO: Run Behavior\ReadHtmlCache [ RunTime:0.001000s ]
INFO: [ app_begin ] --END-- [ RunTime:0.001000s ]
INFO: [ action_begin ] --START--
INFO: [ action_begin ] --END-- [ RunTime:0.001000s ]
NOTIC: [8192] mysql_connect(): The mysql extension is deprecated and will be removed in the future: use mysqli or PDO instead F:\orange\luntan\ThinkPHP\Library\Think\Db\Driver\Mysql.class.php 第 52 行.
SQL: SHOW COLUMNS FROM `user` [ RunTime:0.010001s ]
SQL: SELECT * FROM `user`  [ RunTime:0.001000s ]
SQL: INSERT INTO `user` (`password`,`username`,`role`,`nickname`) VALUES ('e10adc3949ba59abbe56e057f20f883e','qqqzzzd',1,'orange11') [ RunTime:0.002000s ]

[ 2016-09-05T19:16:51+08:00 ] ::1 /luntan/discuss/index.php?m=Home&c=Login&a=index
INFO: [ app_init ] --START--
INFO: [ app_init ] --END-- [ RunTime:0.001001s ]
INFO: [ app_begin ] --START--
INFO: Run Behavior\ReadHtmlCache [ RunTime:0.001000s ]
INFO: [ app_begin ] --END-- [ RunTime:0.001000s ]
INFO: [ action_begin ] --START--
INFO: [ action_begin ] --END-- [ RunTime:0.000000s ]
NOTIC: [8192] mysql_connect(): The mysql extension is deprecated and will be removed in the future: use mysqli or PDO instead F:\orange\luntan\ThinkPHP\Library\Think\Db\Driver\Mysql.class.php 第 52 行.
SQL: SHOW COLUMNS FROM `user` [ RunTime:0.008000s ]
INFO: [ view_begin ] --START--
INFO: [ view_begin ] --END-- [ RunTime:0.001000s ]
INFO: [ view_parse ] --START--
INFO: Run Behavior\ParseTemplate [ RunTime:0.045002s ]
INFO: [ view_parse ] --END-- [ RunTime:0.047002s ]
INFO: [ view_filter ] --START--
INFO: Run Behavior\WriteHtmlCache [ RunTime:0.000000s ]
INFO: [ view_filter ] --END-- [ RunTime:0.001000s ]
INFO: [ view_end ] --START--
INFO: [ view_end ] --END-- [ RunTime:0.000000s ]
INFO: [ app_end ] --START--
INFO: Run Behavior\ShowPageTrace [ RunTime:0.000000s ]
INFO: [ app_end ] --END-- [ RunTime:0.002001s ]

[ 2016-09-05T19:16:58+08:00 ] ::1 /luntan/discuss/index.php?m=Home&c=Login&a=index
INFO: [ app_init ] --START--
INFO: [ app_init ] --END-- [ RunTime:0.002000s ]
INFO: [ app_begin ] --START--
INFO: Run Behavior\ReadHtmlCache [ RunTime:0.001000s ]
INFO: [ app_begin ] --END-- [ RunTime:0.002000s ]
INFO: [ action_begin ] --START--
INFO: [ action_begin ] --END-- [ RunTime:0.000000s ]
NOTIC: [8192] mysql_connect(): The mysql extension is deprecated and will be removed in the future: use mysqli or PDO instead F:\orange\luntan\ThinkPHP\Library\Think\Db\Driver\Mysql.class.php 第 52 行.
SQL: SHOW COLUMNS FROM `user` [ RunTime:0.010001s ]
SQL: SELECT * FROM `user` WHERE ( `username` = 'qqqzzzd' ) LIMIT 1   [ RunTime:0.001000s ]
NOTIC: [8] A session had already been started - ignoring session_start() F:\orange\luntan\ThinkPHP\Common\functions.php 第 1056 行.

[ 2016-09-05T19:16:58+08:00 ] ::1 /luntan/discuss/index.php?m=Home&c=Article&a=index&tag=1
INFO: [ app_init ] --START--
INFO: [ app_init ] --END-- [ RunTime:0.001000s ]
INFO: [ app_begin ] --START--
INFO: Run Behavior\ReadHtmlCache [ RunTime:0.000000s ]
INFO: [ app_begin ] --END-- [ RunTime:0.002000s ]
INFO: [ action_begin ] --START--
INFO: [ action_begin ] --END-- [ RunTime:0.001001s ]
NOTIC: [8192] mysql_connect(): The mysql extension is deprecated and will be removed in the future: use mysqli or PDO instead F:\orange\luntan\ThinkPHP\Library\Think\Db\Driver\Mysql.class.php 第 52 行.
SQL: SHOW COLUMNS FROM `article` [ RunTime:0.009000s ]
SQL: SHOW COLUMNS FROM `reply` [ RunTime:0.011000s ]
SQL: SHOW COLUMNS FROM `user` [ RunTime:0.010001s ]
SQL: SELECT COUNT(*) AS tp_count FROM `article` WHERE ( states=1 and tag='1' ) LIMIT 1   [ RunTime:0.001000s ]
SQL: select * from article where ( states=1 and tag='1') order by time desc Limit 0, 8 [ RunTime:0.001001s ]
SQL: SELECT COUNT(*) AS tp_count FROM `reply` WHERE ( a_id=2 and r_id=0 ) LIMIT 1   [ RunTime:0.002000s ]
SQL: SELECT * FROM `user` WHERE ( id=2 )  [ RunTime:0.001000s ]
INFO: [ view_begin ] --START--
INFO: [ view_begin ] --END-- [ RunTime:0.001000s ]
INFO: [ view_parse ] --START--
NOTIC: [2] Illegal string offset 'session' F:\orange\luntan\discuss\Runtime\Cache\2bc625079edd772d2995a98a84b128e7370d40fd.file.index.html.php 第 116 行.
NOTIC: [2] Illegal string offset 'session' F:\orange\luntan\discuss\Runtime\Cache\2bc625079edd772d2995a98a84b128e7370d40fd.file.index.html.php 第 124 行.
NOTIC: [2] Illegal string offset 'session' F:\orange\luntan\discuss\Runtime\Cache\2bc625079edd772d2995a98a84b128e7370d40fd.file.index.html.php 第 132 行.
INFO: Run Behavior\ParseTemplate [ RunTime:0.059003s ]
INFO: [ view_parse ] --END-- [ RunTime:0.061003s ]
INFO: [ view_filter ] --START--
INFO: Run Behavior\WriteHtmlCache [ RunTime:0.000000s ]
INFO: [ view_filter ] --END-- [ RunTime:0.001001s ]
INFO: [ view_end ] --START--
INFO: [ view_end ] --END-- [ RunTime:0.000000s ]
INFO: [ app_end ] --START--
INFO: Run Behavior\ShowPageTrace [ RunTime:0.001000s ]
INFO: [ app_end ] --END-- [ RunTime:0.001000s ]

[ 2016-09-05T19:17:05+08:00 ] ::1 /luntan/discuss/index.php/Home/Article/index?tag=2
INFO: [ app_init ] --START--
INFO: [ app_init ] --END-- [ RunTime:0.002001s ]
INFO: [ path_info ] --START--
INFO: [ path_info ] --END-- [ RunTime:0.000000s ]
INFO: [ app_begin ] --START--
INFO: Run Behavior\ReadHtmlCache [ RunTime:0.000000s ]
INFO: [ app_begin ] --END-- [ RunTime:0.002000s ]
INFO: [ action_begin ] --START--
INFO: [ action_begin ] --END-- [ RunTime:0.000000s ]
NOTIC: [8192] mysql_connect(): The mysql extension is deprecated and will be removed in the future: use mysqli or PDO instead F:\orange\luntan\ThinkPHP\Library\Think\Db\Driver\Mysql.class.php 第 52 行.
SQL: SHOW COLUMNS FROM `article` [ RunTime:0.010001s ]
SQL: SHOW COLUMNS FROM `reply` [ RunTime:0.009001s ]
SQL: SHOW COLUMNS FROM `user` [ RunTime:0.009001s ]
SQL: SELECT COUNT(*) AS tp_count FROM `article` WHERE ( states=1 and tag='2' ) LIMIT 1   [ RunTime:0.001000s ]
SQL: select * from article where ( states=1 and tag='2') order by time desc Limit 0, 8 [ RunTime:0.002000s ]
SQL: SELECT COUNT(*) AS tp_count FROM `reply` WHERE ( a_id=1 and r_id=0 ) LIMIT 1   [ RunTime:0.002000s ]
SQL: SELECT * FROM `user` WHERE ( id=2 )  [ RunTime:0.001000s ]
INFO: [ view_begin ] --START--
INFO: [ view_begin ] --END-- [ RunTime:0.001001s ]
INFO: [ view_parse ] --START--
NOTIC: [2] Illegal string offset 'session' F:\orange\luntan\discuss\Runtime\Cache\2bc625079edd772d2995a98a84b128e7370d40fd.file.index.html.php 第 116 行.
NOTIC: [2] Illegal string offset 'session' F:\orange\luntan\discuss\Runtime\Cache\2bc625079edd772d2995a98a84b128e7370d40fd.file.index.html.php 第 124 行.
NOTIC: [2] Illegal string offset 'session' F:\orange\luntan\discuss\Runtime\Cache\2bc625079edd772d2995a98a84b128e7370d40fd.file.index.html.php 第 132 行.
INFO: Run Behavior\ParseTemplate [ RunTime:0.034002s ]
INFO: [ view_parse ] --END-- [ RunTime:0.036002s ]
INFO: [ view_filter ] --START--
INFO: Run Behavior\WriteHtmlCache [ RunTime:0.000000s ]
INFO: [ view_filter ] --END-- [ RunTime:0.001000s ]
INFO: [ view_end ] --START--
INFO: [ view_end ] --END-- [ RunTime:0.001000s ]
INFO: [ app_end ] --START--
INFO: Run Behavior\ShowPageTrace [ RunTime:0.001000s ]
INFO: [ app_end ] --END-- [ RunTime:0.002000s ]

[ 2016-09-05T19:17:51+08:00 ] ::1 /luntan/discuss/index.php/Home/Article/index?tag=2
INFO: [ app_init ] --START--
INFO: [ app_init ] --END-- [ RunTime:0.008001s ]
INFO: [ path_info ] --START--
INFO: [ path_info ] --END-- [ RunTime:0.000000s ]
INFO: [ app_begin ] --START--
INFO: Run Behavior\ReadHtmlCache [ RunTime:0.001000s ]
INFO: [ app_begin ] --END-- [ RunTime:0.002001s ]
INFO: [ action_begin ] --START--
INFO: [ action_begin ] --END-- [ RunTime:0.001000s ]
NOTIC: [8192] mysql_connect(): The mysql extension is deprecated and will be removed in the future: use mysqli or PDO instead F:\orange\luntan\ThinkPHP\Library\Think\Db\Driver\Mysql.class.php 第 52 行.
SQL: SHOW COLUMNS FROM `article` [ RunTime:0.010001s ]
SQL: SHOW COLUMNS FROM `reply` [ RunTime:0.009000s ]
SQL: SHOW COLUMNS FROM `user` [ RunTime:0.009000s ]
SQL: SELECT COUNT(*) AS tp_count FROM `article` WHERE ( states=1 and tag='2' ) LIMIT 1   [ RunTime:0.002000s ]
SQL: select * from article where ( states=1 and tag='2') order by time desc Limit 0, 8 [ RunTime:0.002000s ]
SQL: SELECT COUNT(*) AS tp_count FROM `reply` WHERE ( a_id=1 and r_id=0 ) LIMIT 1   [ RunTime:0.001000s ]
SQL: SELECT * FROM `user` WHERE ( id=2 )  [ RunTime:0.001000s ]
INFO: [ view_begin ] --START--
INFO: [ view_begin ] --END-- [ RunTime:0.000000s ]
INFO: [ view_parse ] --START--
NOTIC: [2] Illegal string offset 'session' F:\orange\luntan\discuss\Runtime\Cache\2bc625079edd772d2995a98a84b128e7370d40fd.file.index.html.php 第 116 行.
NOTIC: [2] Illegal string offset 'session' F:\orange\luntan\discuss\Runtime\Cache\2bc625079edd772d2995a98a84b128e7370d40fd.file.index.html.php 第 124 行.
NOTIC: [2] Illegal string offset 'session' F:\orange\luntan\discuss\Runtime\Cache\2bc625079edd772d2995a98a84b128e7370d40fd.file.index.html.php 第 132 行.
INFO: Run Behavior\ParseTemplate [ RunTime:0.236013s ]
INFO: [ view_parse ] --END-- [ RunTime:0.238013s ]
INFO: [ view_filter ] --START--
INFO: Run Behavior\WriteHtmlCache [ RunTime:0.000000s ]
INFO: [ view_filter ] --END-- [ RunTime:0.002000s ]
INFO: [ view_end ] --START--
INFO: [ view_end ] --END-- [ RunTime:0.001000s ]
INFO: [ app_end ] --START--
INFO: Run Behavior\ShowPageTrace [ RunTime:0.001000s ]
INFO: [ app_end ] --END-- [ RunTime:0.002001s ]

[ 2016-09-05T19:17:53+08:00 ] ::1 /luntan/discuss/index.php/Home/Article/index?tag=2
INFO: [ app_init ] --START--
INFO: [ app_init ] --END-- [ RunTime:0.010000s ]
INFO: [ path_info ] --START--
INFO: [ path_info ] --END-- [ RunTime:0.000000s ]
INFO: [ app_begin ] --START--
INFO: Run Behavior\ReadHtmlCache [ RunTime:0.001000s ]
INFO: [ app_begin ] --END-- [ RunTime:0.002000s ]
INFO: [ action_begin ] --START--
INFO: [ action_begin ] --END-- [ RunTime:0.000000s ]
NOTIC: [8192] mysql_connect(): The mysql extension is deprecated and will be removed in the future: use mysqli or PDO instead F:\orange\luntan\ThinkPHP\Library\Think\Db\Driver\Mysql.class.php 第 52 行.
SQL: SHOW COLUMNS FROM `article` [ RunTime:0.031002s ]
SQL: SHOW COLUMNS FROM `reply` [ RunTime:0.008001s ]
SQL: SHOW COLUMNS FROM `user` [ RunTime:0.010001s ]
SQL: SELECT COUNT(*) AS tp_count FROM `article` WHERE ( states=1 and tag='2' ) LIMIT 1   [ RunTime:0.001000s ]
SQL: select * from article where ( states=1 and tag='2') order by time desc Limit 0, 8 [ RunTime:0.002000s ]
SQL: SELECT COUNT(*) AS tp_count FROM `reply` WHERE ( a_id=1 and r_id=0 ) LIMIT 1   [ RunTime:0.001000s ]
SQL: SELECT * FROM `user` WHERE ( id=2 )  [ RunTime:0.002000s ]
INFO: [ view_begin ] --START--
INFO: [ view_begin ] --END-- [ RunTime:0.000000s ]
INFO: [ view_parse ] --START--
NOTIC: [2] Illegal string offset 'session' F:\orange\luntan\discuss\Runtime\Cache\2bc625079edd772d2995a98a84b128e7370d40fd.file.index.html.php 第 116 行.
NOTIC: [2] Illegal string offset 'session' F:\orange\luntan\discuss\Runtime\Cache\2bc625079edd772d2995a98a84b128e7370d40fd.file.index.html.php 第 124 行.
NOTIC: [2] Illegal string offset 'session' F:\orange\luntan\discuss\Runtime\Cache\2bc625079edd772d2995a98a84b128e7370d40fd.file.index.html.php 第 132 行.
INFO: Run Behavior\ParseTemplate [ RunTime:0.034002s ]
INFO: [ view_parse ] --END-- [ RunTime:0.035002s ]
INFO: [ view_filter ] --START--
INFO: Run Behavior\WriteHtmlCache [ RunTime:0.000000s ]
INFO: [ view_filter ] --END-- [ RunTime:0.001000s ]
INFO: [ view_end ] --START--
INFO: [ view_end ] --END-- [ RunTime:0.000000s ]
INFO: [ app_end ] --START--
INFO: Run Behavior\ShowPageTrace [ RunTime:0.001000s ]
INFO: [ app_end ] --END-- [ RunTime:0.001000s ]

[ 2016-09-05T19:17:55+08:00 ] ::1 /luntan/discuss/index.php/Home/Article/tuichu
INFO: [ app_init ] --START--
INFO: [ app_init ] --END-- [ RunTime:0.002000s ]
INFO: [ path_info ] --START--
INFO: [ path_info ] --END-- [ RunTime:0.001000s ]
INFO: [ app_begin ] --START--
INFO: Run Behavior\ReadHtmlCache [ RunTime:0.001000s ]
INFO: [ app_begin ] --END-- [ RunTime:0.001000s ]
INFO: [ action_begin ] --START--
INFO: [ action_begin ] --END-- [ RunTime:0.001000s ]

[ 2016-09-05T19:17:55+08:00 ] ::1 /luntan/discuss/index.php?m=Home&c=Login&a=index
INFO: [ app_init ] --START--
INFO: [ app_init ] --END-- [ RunTime:0.002000s ]
INFO: [ app_begin ] --START--
INFO: Run Behavior\ReadHtmlCache [ RunTime:0.001000s ]
INFO: [ app_begin ] --END-- [ RunTime:0.002000s ]
INFO: [ action_begin ] --START--
INFO: [ action_begin ] --END-- [ RunTime:0.000000s ]
NOTIC: [8192] mysql_connect(): The mysql extension is deprecated and will be removed in the future: use mysqli or PDO instead F:\orange\luntan\ThinkPHP\Library\Think\Db\Driver\Mysql.class.php 第 52 行.
SQL: SHOW COLUMNS FROM `user` [ RunTime:0.010000s ]
INFO: [ view_begin ] --START--
INFO: [ view_begin ] --END-- [ RunTime:0.001000s ]
INFO: [ view_parse ] --START--
INFO: Run Behavior\ParseTemplate [ RunTime:0.075004s ]
INFO: [ view_parse ] --END-- [ RunTime:0.077004s ]
INFO: [ view_filter ] --START--
INFO: Run Behavior\WriteHtmlCache [ RunTime:0.000000s ]
INFO: [ view_filter ] --END-- [ RunTime:0.001000s ]
INFO: [ view_end ] --START--
INFO: [ view_end ] --END-- [ RunTime:0.001000s ]
INFO: [ app_end ] --START--
INFO: Run Behavior\ShowPageTrace [ RunTime:0.001000s ]
INFO: [ app_end ] --END-- [ RunTime:0.001000s ]

[ 2016-09-05T19:18:08+08:00 ] ::1 /luntan/discuss/index.php?m=Home&c=Login&a=index
INFO: [ app_init ] --START--
INFO: [ app_init ] --END-- [ RunTime:0.002000s ]
INFO: [ app_begin ] --START--
INFO: Run Behavior\ReadHtmlCache [ RunTime:0.001000s ]
INFO: [ app_begin ] --END-- [ RunTime:0.002000s ]
INFO: [ action_begin ] --START--
INFO: [ action_begin ] --END-- [ RunTime:0.000000s ]
NOTIC: [8192] mysql_connect(): The mysql extension is deprecated and will be removed in the future: use mysqli or PDO instead F:\orange\luntan\ThinkPHP\Library\Think\Db\Driver\Mysql.class.php 第 52 行.
SQL: SHOW COLUMNS FROM `user` [ RunTime:0.009001s ]
SQL: SELECT * FROM `user` WHERE ( `username` = 'tmac' ) LIMIT 1   [ RunTime:0.001000s ]
NOTIC: [8] A session had already been started - ignoring session_start() F:\orange\luntan\ThinkPHP\Common\functions.php 第 1056 行.

[ 2016-09-05T19:18:08+08:00 ] ::1 /luntan/discuss/index.php?m=Home&c=Article&a=index&tag=1
INFO: [ app_init ] --START--
INFO: [ app_init ] --END-- [ RunTime:0.002000s ]
INFO: [ app_begin ] --START--
INFO: Run Behavior\ReadHtmlCache [ RunTime:0.001000s ]
INFO: [ app_begin ] --END-- [ RunTime:0.001000s ]
INFO: [ action_begin ] --START--
INFO: [ action_begin ] --END-- [ RunTime:0.000000s ]
NOTIC: [8192] mysql_connect(): The mysql extension is deprecated and will be removed in the future: use mysqli or PDO instead F:\orange\luntan\ThinkPHP\Library\Think\Db\Driver\Mysql.class.php 第 52 行.
SQL: SHOW COLUMNS FROM `article` [ RunTime:0.009001s ]
SQL: SHOW COLUMNS FROM `reply` [ RunTime:0.010001s ]
SQL: SHOW COLUMNS FROM `user` [ RunTime:0.010001s ]
SQL: SELECT COUNT(*) AS tp_count FROM `article` WHERE ( states=1 and tag='1' ) LIMIT 1   [ RunTime:0.002000s ]
SQL: select * from article where ( states=1 and tag='1') order by time desc Limit 0, 8 [ RunTime:0.002000s ]
SQL: SELECT COUNT(*) AS tp_count FROM `reply` WHERE ( a_id=2 and r_id=0 ) LIMIT 1   [ RunTime:0.001000s ]
SQL: SELECT * FROM `user` WHERE ( id=2 )  [ RunTime:0.001001s ]
INFO: [ view_begin ] --START--
INFO: [ view_begin ] --END-- [ RunTime:0.000000s ]
INFO: [ view_parse ] --START--
NOTIC: [2] Illegal string offset 'session' F:\orange\luntan\discuss\Runtime\Cache\2bc625079edd772d2995a98a84b128e7370d40fd.file.index.html.php 第 116 行.
NOTIC: [2] Illegal string offset 'session' F:\orange\luntan\discuss\Runtime\Cache\2bc625079edd772d2995a98a84b128e7370d40fd.file.index.html.php 第 124 行.
NOTIC: [2] Illegal string offset 'session' F:\orange\luntan\discuss\Runtime\Cache\2bc625079edd772d2995a98a84b128e7370d40fd.file.index.html.php 第 132 行.
INFO: Run Behavior\ParseTemplate [ RunTime:0.048002s ]
INFO: [ view_parse ] --END-- [ RunTime:0.048002s ]
INFO: [ view_filter ] --START--
INFO: Run Behavior\WriteHtmlCache [ RunTime:0.000000s ]
INFO: [ view_filter ] --END-- [ RunTime:0.001000s ]
INFO: [ view_end ] --START--
INFO: [ view_end ] --END-- [ RunTime:0.000000s ]
INFO: [ app_end ] --START--
INFO: Run Behavior\ShowPageTrace [ RunTime:0.001000s ]
INFO: [ app_end ] --END-- [ RunTime:0.001000s ]

[ 2016-09-05T19:36:25+08:00 ] ::1 /luntan/discuss/index.php?m=Home&c=Login&a=index
INFO: [ app_init ] --START--
INFO: [ app_init ] --END-- [ RunTime:0.002001s ]
INFO: [ app_begin ] --START--
INFO: Run Behavior\ReadHtmlCache [ RunTime:0.001000s ]
INFO: [ app_begin ] --END-- [ RunTime:0.001000s ]
INFO: [ action_begin ] --START--
INFO: [ action_begin ] --END-- [ RunTime:0.000000s ]
NOTIC: [8192] mysql_connect(): The mysql extension is deprecated and will be removed in the future: use mysqli or PDO instead F:\orange\luntan\ThinkPHP\Library\Think\Db\Driver\Mysql.class.php 第 52 行.
SQL: SHOW COLUMNS FROM `user` [ RunTime:0.010001s ]
INFO: [ view_begin ] --START--
INFO: [ view_begin ] --END-- [ RunTime:0.000000s ]
INFO: [ view_parse ] --START--
INFO: Run Behavior\ParseTemplate [ RunTime:0.082005s ]
INFO: [ view_parse ] --END-- [ RunTime:0.083005s ]
INFO: [ view_filter ] --START--
INFO: Run Behavior\WriteHtmlCache [ RunTime:0.001000s ]
INFO: [ view_filter ] --END-- [ RunTime:0.001000s ]
INFO: [ view_end ] --START--
INFO: [ view_end ] --END-- [ RunTime:0.000000s ]
INFO: [ app_end ] --START--
INFO: Run Behavior\ShowPageTrace [ RunTime:0.001000s ]
INFO: [ app_end ] --END-- [ RunTime:0.002000s ]

[ 2016-09-05T19:36:27+08:00 ] ::1 /luntan/discuss/index.php?m=Home&c=Login&a=index
INFO: [ app_init ] --START--
INFO: [ app_init ] --END-- [ RunTime:0.002000s ]
INFO: [ app_begin ] --START--
INFO: Run Behavior\ReadHtmlCache [ RunTime:0.001000s ]
INFO: [ app_begin ] --END-- [ RunTime:0.001000s ]
INFO: [ action_begin ] --START--
INFO: [ action_begin ] --END-- [ RunTime:0.000000s ]
NOTIC: [8192] mysql_connect(): The mysql extension is deprecated and will be removed in the future: use mysqli or PDO instead F:\orange\luntan\ThinkPHP\Library\Think\Db\Driver\Mysql.class.php 第 52 行.
SQL: SHOW COLUMNS FROM `user` [ RunTime:0.009000s ]
SQL: SELECT * FROM `user` WHERE ( `username` = 'tmac' ) LIMIT 1   [ RunTime:0.001000s ]
NOTIC: [8] A session had already been started - ignoring session_start() F:\orange\luntan\ThinkPHP\Common\functions.php 第 1056 行.

[ 2016-09-05T19:36:27+08:00 ] ::1 /luntan/discuss/index.php?m=Home&c=Article&a=index&tag=1
INFO: [ app_init ] --START--
INFO: [ app_init ] --END-- [ RunTime:0.002000s ]
INFO: [ app_begin ] --START--
INFO: Run Behavior\ReadHtmlCache [ RunTime:0.001000s ]
INFO: [ app_begin ] --END-- [ RunTime:0.001000s ]
INFO: [ action_begin ] --START--
INFO: [ action_begin ] --END-- [ RunTime:0.001000s ]
NOTIC: [8192] mysql_connect(): The mysql extension is deprecated and will be removed in the future: use mysqli or PDO instead F:\orange\luntan\ThinkPHP\Library\Think\Db\Driver\Mysql.class.php 第 52 行.
SQL: SHOW COLUMNS FROM `article` [ RunTime:0.009000s ]
SQL: SHOW COLUMNS FROM `reply` [ RunTime:0.009001s ]
SQL: SHOW COLUMNS FROM `user` [ RunTime:0.010001s ]
SQL: SELECT COUNT(*) AS tp_count FROM `article` WHERE ( states=1 and tag='1' ) LIMIT 1   [ RunTime:0.001000s ]
SQL: select * from article where ( states=1 and tag='1') order by time desc Limit 0, 8 [ RunTime:0.001000s ]
SQL: SELECT COUNT(*) AS tp_count FROM `reply` WHERE ( a_id=2 and r_id=0 ) LIMIT 1   [ RunTime:0.001000s ]
SQL: SELECT * FROM `user` WHERE ( id=2 )  [ RunTime:0.001000s ]
INFO: [ view_begin ] --START--
INFO: [ view_begin ] --END-- [ RunTime:0.001000s ]
INFO: [ view_parse ] --START--
NOTIC: [2] Illegal string offset 'session' F:\orange\luntan\discuss\Runtime\Cache\2bc625079edd772d2995a98a84b128e7370d40fd.file.index.html.php 第 116 行.
NOTIC: [2] Illegal string offset 'session' F:\orange\luntan\discuss\Runtime\Cache\2bc625079edd772d2995a98a84b128e7370d40fd.file.index.html.php 第 124 行.
NOTIC: [2] Illegal string offset 'session' F:\orange\luntan\discuss\Runtime\Cache\2bc625079edd772d2995a98a84b128e7370d40fd.file.index.html.php 第 132 行.
INFO: Run Behavior\ParseTemplate [ RunTime:0.039002s ]
INFO: [ view_parse ] --END-- [ RunTime:0.041002s ]
INFO: [ view_filter ] --START--
INFO: Run Behavior\WriteHtmlCache [ RunTime:0.000000s ]
INFO: [ view_filter ] --END-- [ RunTime:0.001000s ]
INFO: [ view_end ] --START--
INFO: [ view_end ] --END-- [ RunTime:0.000000s ]
INFO: [ app_end ] --START--
INFO: Run Behavior\ShowPageTrace [ RunTime:0.001000s ]
INFO: [ app_end ] --END-- [ RunTime:0.001000s ]

[ 2016-09-05T19:36:29+08:00 ] ::1 /luntan/discuss/index.php/Home/Article/publish
INFO: [ app_init ] --START--
INFO: [ app_init ] --END-- [ RunTime:0.002000s ]
INFO: [ path_info ] --START--
INFO: [ path_info ] --END-- [ RunTime:0.000000s ]
INFO: [ app_begin ] --START--
INFO: Run Behavior\ReadHtmlCache [ RunTime:0.000000s ]
INFO: [ app_begin ] --END-- [ RunTime:0.002000s ]
INFO: [ action_begin ] --START--
INFO: [ action_begin ] --END-- [ RunTime:0.000000s ]
NOTIC: [8] Undefined variable: id F:\orange\luntan\discuss\Home\Controller\ArticleController.class.php 第 245 行.
INFO: [ view_begin ] --START--
INFO: [ view_begin ] --END-- [ RunTime:0.001000s ]
INFO: [ view_parse ] --START--
INFO: Run Behavior\ParseTemplate [ RunTime:0.781044s ]
INFO: [ view_parse ] --END-- [ RunTime:0.783044s ]
INFO: [ view_filter ] --START--
INFO: Run Behavior\WriteHtmlCache [ RunTime:0.001000s ]
INFO: [ view_filter ] --END-- [ RunTime:0.001000s ]
INFO: [ view_end ] --START--
INFO: [ view_end ] --END-- [ RunTime:0.000000s ]
INFO: [ app_end ] --START--
INFO: Run Behavior\ShowPageTrace [ RunTime:0.001001s ]
INFO: [ app_end ] --END-- [ RunTime:0.001001s ]

[ 2016-09-05T19:36:37+08:00 ] ::1 /luntan/discuss/index.php/Home/Index/index.html
INFO: [ app_init ] --START--
INFO: [ app_init ] --END-- [ RunTime:0.002000s ]
INFO: [ path_info ] --START--
INFO: [ path_info ] --END-- [ RunTime:0.000000s ]
INFO: [ app_begin ] --START--
INFO: Run Behavior\ReadHtmlCache [ RunTime:0.001000s ]
INFO: [ app_begin ] --END-- [ RunTime:0.001000s ]
INFO: [ action_begin ] --START--
INFO: [ action_begin ] --END-- [ RunTime:0.001000s ]
INFO: [ view_begin ] --START--
INFO: [ view_begin ] --END-- [ RunTime:0.000000s ]
INFO: [ view_parse ] --START--
INFO: Run Behavior\ParseTemplate [ RunTime:0.051003s ]
INFO: [ view_parse ] --END-- [ RunTime:0.053003s ]
INFO: [ view_filter ] --START--
INFO: Run Behavior\WriteHtmlCache [ RunTime:0.001000s ]
INFO: [ view_filter ] --END-- [ RunTime:0.001000s ]
INFO: [ view_end ] --START--
INFO: [ view_end ] --END-- [ RunTime:0.000000s ]
INFO: [ app_end ] --START--
INFO: Run Behavior\ShowPageTrace [ RunTime:0.001000s ]
INFO: [ app_end ] --END-- [ RunTime:0.001000s ]

[ 2016-09-05T19:36:38+08:00 ] ::1 /luntan/discuss/index.php/Home/Register/index
INFO: [ app_init ] --START--
INFO: [ app_init ] --END-- [ RunTime:0.002000s ]
INFO: [ path_info ] --START--
INFO: [ path_info ] --END-- [ RunTime:0.001000s ]
INFO: [ app_begin ] --START--
INFO: Run Behavior\ReadHtmlCache [ RunTime:0.001000s ]
INFO: [ app_begin ] --END-- [ RunTime:0.003000s ]
INFO: [ action_begin ] --START--
INFO: [ action_begin ] --END-- [ RunTime:0.001000s ]
NOTIC: [8192] mysql_connect(): The mysql extension is deprecated and will be removed in the future: use mysqli or PDO instead F:\orange\luntan\ThinkPHP\Library\Think\Db\Driver\Mysql.class.php 第 52 行.
SQL: SHOW COLUMNS FROM `user` [ RunTime:0.011000s ]
INFO: [ view_begin ] --START--
INFO: [ view_begin ] --END-- [ RunTime:0.000000s ]
INFO: [ view_parse ] --START--
INFO: Run Behavior\ParseTemplate [ RunTime:0.046002s ]
INFO: [ view_parse ] --END-- [ RunTime:0.047002s ]
INFO: [ view_filter ] --START--
INFO: Run Behavior\WriteHtmlCache [ RunTime:0.000000s ]
INFO: [ view_filter ] --END-- [ RunTime:0.001000s ]
INFO: [ view_end ] --START--
INFO: [ view_end ] --END-- [ RunTime:0.001001s ]
INFO: [ app_end ] --START--
INFO: Run Behavior\ShowPageTrace [ RunTime:0.001000s ]
INFO: [ app_end ] --END-- [ RunTime:0.002000s ]

[ 2016-09-05T19:36:40+08:00 ] ::1 /luntan/discuss/index.php/Home/Article/index?tag=1
INFO: [ app_init ] --START--
INFO: [ app_init ] --END-- [ RunTime:0.001000s ]
INFO: [ path_info ] --START--
INFO: [ path_info ] --END-- [ RunTime:0.001000s ]
INFO: [ app_begin ] --START--
INFO: Run Behavior\ReadHtmlCache [ RunTime:0.001000s ]
INFO: [ app_begin ] --END-- [ RunTime:0.002000s ]
INFO: [ action_begin ] --START--
INFO: [ action_begin ] --END-- [ RunTime:0.000000s ]
NOTIC: [8192] mysql_connect(): The mysql extension is deprecated and will be removed in the future: use mysqli or PDO instead F:\orange\luntan\ThinkPHP\Library\Think\Db\Driver\Mysql.class.php 第 52 行.
SQL: SHOW COLUMNS FROM `article` [ RunTime:0.009000s ]
SQL: SHOW COLUMNS FROM `reply` [ RunTime:0.009000s ]
SQL: SHOW COLUMNS FROM `user` [ RunTime:0.009001s ]
SQL: SELECT COUNT(*) AS tp_count FROM `article` WHERE ( states=1 and tag='1' ) LIMIT 1   [ RunTime:0.001000s ]
SQL: select * from article where ( states=1 and tag='1') order by time desc Limit 0, 8 [ RunTime:0.002000s ]
SQL: SELECT COUNT(*) AS tp_count FROM `reply` WHERE ( a_id=2 and r_id=0 ) LIMIT 1   [ RunTime:0.001000s ]
SQL: SELECT * FROM `user` WHERE ( id=2 )  [ RunTime:0.001000s ]
INFO: [ view_begin ] --START--
INFO: [ view_begin ] --END-- [ RunTime:0.000000s ]
INFO: [ view_parse ] --START--
NOTIC: [2] Illegal string offset 'session' F:\orange\luntan\discuss\Runtime\Cache\2bc625079edd772d2995a98a84b128e7370d40fd.file.index.html.php 第 116 行.
NOTIC: [2] Illegal string offset 'session' F:\orange\luntan\discuss\Runtime\Cache\2bc625079edd772d2995a98a84b128e7370d40fd.file.index.html.php 第 124 行.
NOTIC: [2] Illegal string offset 'session' F:\orange\luntan\discuss\Runtime\Cache\2bc625079edd772d2995a98a84b128e7370d40fd.file.index.html.php 第 132 行.
INFO: Run Behavior\ParseTemplate [ RunTime:0.031002s ]
INFO: [ view_parse ] --END-- [ RunTime:0.033002s ]
INFO: [ view_filter ] --START--
INFO: Run Behavior\WriteHtmlCache [ RunTime:0.000000s ]
INFO: [ view_filter ] --END-- [ RunTime:0.001000s ]
INFO: [ view_end ] --START--
INFO: [ view_end ] --END-- [ RunTime:0.001000s ]
INFO: [ app_end ] --START--
INFO: Run Behavior\ShowPageTrace [ RunTime:0.001000s ]
INFO: [ app_end ] --END-- [ RunTime:0.001000s ]

[ 2016-09-05T19:38:15+08:00 ] ::1 /luntan/discuss/index.php/Home/Article/detail?id=2
INFO: [ app_init ] --START--
INFO: [ app_init ] --END-- [ RunTime:0.001000s ]
INFO: [ path_info ] --START--
INFO: [ path_info ] --END-- [ RunTime:0.000000s ]
INFO: [ app_begin ] --START--
INFO: Run Behavior\ReadHtmlCache [ RunTime:0.001000s ]
INFO: [ app_begin ] --END-- [ RunTime:0.002000s ]
INFO: [ action_begin ] --START--
INFO: [ action_begin ] --END-- [ RunTime:0.001000s ]
NOTIC: [8192] mysql_connect(): The mysql extension is deprecated and will be removed in the future: use mysqli or PDO instead F:\orange\luntan\ThinkPHP\Library\Think\Db\Driver\Mysql.class.php 第 52 行.
SQL: SHOW COLUMNS FROM `article` [ RunTime:0.009000s ]
SQL: SHOW COLUMNS FROM `reply` [ RunTime:0.009000s ]
SQL: SHOW COLUMNS FROM `user` [ RunTime:0.010001s ]
SQL: SHOW COLUMNS FROM `picture` [ RunTime:0.010001s ]
SQL: SELECT * FROM `article` WHERE ( id=2 )  [ RunTime:0.002000s ]
SQL: SELECT COUNT(*) AS tp_count FROM `reply` WHERE ( a_id=2 and r_id =0 ) LIMIT 1   [ RunTime:0.001000s ]
SQL: SELECT * FROM `reply` WHERE ( a_id=2 and r_id =0 ) ORDER BY time desc  [ RunTime:0.001000s ]
SQL: SELECT * FROM `user` WHERE ( id=2 )  [ RunTime:0.001000s ]
SQL: SELECT * FROM `reply` WHERE ( a_id=2 and r_id!=0 ) ORDER BY time desc  [ RunTime:0.001000s ]
SQL: SELECT COUNT(*) AS tp_count FROM `reply` WHERE ( a_id=2 and r_id!=0 ) LIMIT 1   [ RunTime:0.001000s ]
INFO: [ view_begin ] --START--
INFO: [ view_begin ] --END-- [ RunTime:0.001000s ]
INFO: [ view_parse ] --START--
NOTIC: [8] Undefined index: pagelist F:\orange\luntan\discuss\Runtime\Cache\2167ef402be1945f1bdbc925f4ca71da30e26da2.file.detail.html.php 第 270 行.
NOTIC: [8] Trying to get property of non-object F:\orange\luntan\discuss\Runtime\Cache\2167ef402be1945f1bdbc925f4ca71da30e26da2.file.detail.html.php 第 270 行.
INFO: Run Behavior\ParseTemplate [ RunTime:0.037002s ]
INFO: [ view_parse ] --END-- [ RunTime:0.039002s ]
INFO: [ view_filter ] --START--
INFO: Run Behavior\WriteHtmlCache [ RunTime:0.000000s ]
INFO: [ view_filter ] --END-- [ RunTime:0.001000s ]
INFO: [ view_end ] --START--
INFO: [ view_end ] --END-- [ RunTime:0.000000s ]
INFO: [ app_end ] --START--
INFO: Run Behavior\ShowPageTrace [ RunTime:0.001000s ]
INFO: [ app_end ] --END-- [ RunTime:0.001000s ]

[ 2016-09-05T19:38:26+08:00 ] ::1 /luntan/discuss/index.php/Home/Article/detail?id=2
INFO: [ app_init ] --START--
INFO: [ app_init ] --END-- [ RunTime:0.002000s ]
INFO: [ path_info ] --START--
INFO: [ path_info ] --END-- [ RunTime:0.000000s ]
INFO: [ app_begin ] --START--
INFO: Run Behavior\ReadHtmlCache [ RunTime:0.000000s ]
INFO: [ app_begin ] --END-- [ RunTime:0.002000s ]
INFO: [ action_begin ] --START--
INFO: [ action_begin ] --END-- [ RunTime:0.000000s ]
NOTIC: [8192] mysql_connect(): The mysql extension is deprecated and will be removed in the future: use mysqli or PDO instead F:\orange\luntan\ThinkPHP\Library\Think\Db\Driver\Mysql.class.php 第 52 行.
SQL: SHOW COLUMNS FROM `article` [ RunTime:0.009000s ]
SQL: SHOW COLUMNS FROM `reply` [ RunTime:0.010000s ]
SQL: SHOW COLUMNS FROM `user` [ RunTime:0.009001s ]
SQL: SHOW COLUMNS FROM `picture` [ RunTime:0.009001s ]
SQL: INSERT INTO `reply` (`a_id`,`u_id`,`content`,`time`,`r_id`) VALUES (2,4,'哈哈哈哈哈','2016-9-5 19:38:26',0) [ RunTime:0.002000s ]

[ 2016-09-05T19:38:26+08:00 ] ::1 /luntan/discuss/index.php?m=Home&c=Article&a=detail&id=2
INFO: [ app_init ] --START--
INFO: [ app_init ] --END-- [ RunTime:0.001000s ]
INFO: [ app_begin ] --START--
INFO: Run Behavior\ReadHtmlCache [ RunTime:0.001000s ]
INFO: [ app_begin ] --END-- [ RunTime:0.001000s ]
INFO: [ action_begin ] --START--
INFO: [ action_begin ] --END-- [ RunTime:0.001000s ]
NOTIC: [8192] mysql_connect(): The mysql extension is deprecated and will be removed in the future: use mysqli or PDO instead F:\orange\luntan\ThinkPHP\Library\Think\Db\Driver\Mysql.class.php 第 52 行.
SQL: SHOW COLUMNS FROM `article` [ RunTime:0.010000s ]
SQL: SHOW COLUMNS FROM `reply` [ RunTime:0.011001s ]
SQL: SHOW COLUMNS FROM `user` [ RunTime:0.009001s ]
SQL: SHOW COLUMNS FROM `picture` [ RunTime:0.011000s ]
SQL: SELECT * FROM `article` WHERE ( id=2 )  [ RunTime:0.002000s ]
SQL: SELECT COUNT(*) AS tp_count FROM `reply` WHERE ( a_id=2 and r_id =0 ) LIMIT 1   [ RunTime:0.001000s ]
SQL: SELECT * FROM `reply` WHERE ( a_id=2 and r_id =0 ) ORDER BY time desc  [ RunTime:0.002000s ]
SQL: SELECT * FROM `user` WHERE ( id=2 )  [ RunTime:0.001000s ]
SQL: SELECT * FROM `reply` WHERE ( a_id=2 and r_id!=0 ) ORDER BY time desc  [ RunTime:0.001000s ]
SQL: SELECT COUNT(*) AS tp_count FROM `reply` WHERE ( a_id=2 and r_id!=0 ) LIMIT 1   [ RunTime:0.001000s ]
SQL: SELECT * FROM `user` WHERE ( id=4 )  [ RunTime:0.002000s ]
INFO: [ view_begin ] --START--
INFO: [ view_begin ] --END-- [ RunTime:0.000000s ]
INFO: [ view_parse ] --START--
NOTIC: [8] Undefined index: pagelist F:\orange\luntan\discuss\Runtime\Cache\2167ef402be1945f1bdbc925f4ca71da30e26da2.file.detail.html.php 第 270 行.
NOTIC: [8] Trying to get property of non-object F:\orange\luntan\discuss\Runtime\Cache\2167ef402be1945f1bdbc925f4ca71da30e26da2.file.detail.html.php 第 270 行.
INFO: Run Behavior\ParseTemplate [ RunTime:0.030002s ]
INFO: [ view_parse ] --END-- [ RunTime:0.030002s ]
INFO: [ view_filter ] --START--
INFO: Run Behavior\WriteHtmlCache [ RunTime:0.000000s ]
INFO: [ view_filter ] --END-- [ RunTime:0.002000s ]
INFO: [ view_end ] --START--
INFO: [ view_end ] --END-- [ RunTime:0.001000s ]
INFO: [ app_end ] --START--
INFO: Run Behavior\ShowPageTrace [ RunTime:0.000000s ]
INFO: [ app_end ] --END-- [ RunTime:0.002000s ]

[ 2016-09-05T19:38:50+08:00 ] ::1 /luntan/discuss/index.php/Home/Article/tuichu
INFO: [ app_init ] --START--
INFO: [ app_init ] --END-- [ RunTime:0.001000s ]
INFO: [ path_info ] --START--
INFO: [ path_info ] --END-- [ RunTime:0.001000s ]
INFO: [ app_begin ] --START--
INFO: Run Behavior\ReadHtmlCache [ RunTime:0.000000s ]
INFO: [ app_begin ] --END-- [ RunTime:0.002000s ]
INFO: [ action_begin ] --START--
INFO: [ action_begin ] --END-- [ RunTime:0.001000s ]

[ 2016-09-05T19:38:50+08:00 ] ::1 /luntan/discuss/index.php?m=Home&c=Login&a=index
INFO: [ app_init ] --START--
INFO: [ app_init ] --END-- [ RunTime:0.001000s ]
INFO: [ app_begin ] --START--
INFO: Run Behavior\ReadHtmlCache [ RunTime:0.000000s ]
INFO: [ app_begin ] --END-- [ RunTime:0.002000s ]
INFO: [ action_begin ] --START--
INFO: [ action_begin ] --END-- [ RunTime:0.000000s ]
NOTIC: [8192] mysql_connect(): The mysql extension is deprecated and will be removed in the future: use mysqli or PDO instead F:\orange\luntan\ThinkPHP\Library\Think\Db\Driver\Mysql.class.php 第 52 行.
SQL: SHOW COLUMNS FROM `user` [ RunTime:0.009001s ]
INFO: [ view_begin ] --START--
INFO: [ view_begin ] --END-- [ RunTime:0.000000s ]
INFO: [ view_parse ] --START--
INFO: Run Behavior\ParseTemplate [ RunTime:0.034002s ]
INFO: [ view_parse ] --END-- [ RunTime:0.035002s ]
INFO: [ view_filter ] --START--
INFO: Run Behavior\WriteHtmlCache [ RunTime:0.001000s ]
INFO: [ view_filter ] --END-- [ RunTime:0.001000s ]
INFO: [ view_end ] --START--
INFO: [ view_end ] --END-- [ RunTime:0.000000s ]
INFO: [ app_end ] --START--
INFO: Run Behavior\ShowPageTrace [ RunTime:0.001000s ]
INFO: [ app_end ] --END-- [ RunTime:0.001000s ]

[ 2016-09-05T19:38:54+08:00 ] ::1 /luntan/discuss/index.php?m=Home&c=Login&a=index
INFO: [ app_init ] --START--
INFO: [ app_init ] --END-- [ RunTime:0.001000s ]
INFO: [ app_begin ] --START--
INFO: Run Behavior\ReadHtmlCache [ RunTime:0.001000s ]
INFO: [ app_begin ] --END-- [ RunTime:0.002000s ]
INFO: [ action_begin ] --START--
INFO: [ action_begin ] --END-- [ RunTime:0.000000s ]
NOTIC: [8192] mysql_connect(): The mysql extension is deprecated and will be removed in the future: use mysqli or PDO instead F:\orange\luntan\ThinkPHP\Library\Think\Db\Driver\Mysql.class.php 第 52 行.
SQL: SHOW COLUMNS FROM `user` [ RunTime:0.010001s ]
SQL: SELECT * FROM `user` WHERE ( `username` = 'nannan' ) LIMIT 1   [ RunTime:0.001000s ]
NOTIC: [8] A session had already been started - ignoring session_start() F:\orange\luntan\ThinkPHP\Common\functions.php 第 1056 行.

[ 2016-09-05T19:38:54+08:00 ] ::1 /luntan/discuss/index.php?m=Home&c=Article&a=index&tag=1
INFO: [ app_init ] --START--
INFO: [ app_init ] --END-- [ RunTime:0.001000s ]
INFO: [ app_begin ] --START--
INFO: Run Behavior\ReadHtmlCache [ RunTime:0.001000s ]
INFO: [ app_begin ] --END-- [ RunTime:0.002001s ]
INFO: [ action_begin ] --START--
INFO: [ action_begin ] --END-- [ RunTime:0.001000s ]
NOTIC: [8192] mysql_connect(): The mysql extension is deprecated and will be removed in the future: use mysqli or PDO instead F:\orange\luntan\ThinkPHP\Library\Think\Db\Driver\Mysql.class.php 第 52 行.
SQL: SHOW COLUMNS FROM `article` [ RunTime:0.008001s ]
SQL: SHOW COLUMNS FROM `reply` [ RunTime:0.010000s ]
SQL: SHOW COLUMNS FROM `user` [ RunTime:0.009000s ]
SQL: SELECT COUNT(*) AS tp_count FROM `article` WHERE ( states=1 and tag='1' ) LIMIT 1   [ RunTime:0.002000s ]
SQL: select * from article where ( states=1 and tag='1') order by time desc Limit 0, 8 [ RunTime:0.001000s ]
SQL: SELECT COUNT(*) AS tp_count FROM `reply` WHERE ( a_id=2 and r_id=0 ) LIMIT 1   [ RunTime:0.001000s ]
SQL: SELECT * FROM `user` WHERE ( id=2 )  [ RunTime:0.002000s ]
INFO: [ view_begin ] --START--
INFO: [ view_begin ] --END-- [ RunTime:0.000000s ]
INFO: [ view_parse ] --START--
NOTIC: [2] Illegal string offset 'session' F:\orange\luntan\discuss\Runtime\Cache\2bc625079edd772d2995a98a84b128e7370d40fd.file.index.html.php 第 116 行.
NOTIC: [2] Illegal string offset 'session' F:\orange\luntan\discuss\Runtime\Cache\2bc625079edd772d2995a98a84b128e7370d40fd.file.index.html.php 第 124 行.
NOTIC: [2] Illegal string offset 'session' F:\orange\luntan\discuss\Runtime\Cache\2bc625079edd772d2995a98a84b128e7370d40fd.file.index.html.php 第 132 行.
INFO: Run Behavior\ParseTemplate [ RunTime:0.034002s ]
INFO: [ view_parse ] --END-- [ RunTime:0.035002s ]
INFO: [ view_filter ] --START--
INFO: Run Behavior\WriteHtmlCache [ RunTime:0.000000s ]
INFO: [ view_filter ] --END-- [ RunTime:0.001000s ]
INFO: [ view_end ] --START--
INFO: [ view_end ] --END-- [ RunTime:0.000000s ]
INFO: [ app_end ] --START--
INFO: Run Behavior\ShowPageTrace [ RunTime:0.001000s ]
INFO: [ app_end ] --END-- [ RunTime:0.001000s ]

[ 2016-09-05T19:41:18+08:00 ] ::1 /luntan/discuss/index.php?m=Home&c=Article&a=index&tag=1
INFO: [ app_init ] --START--
INFO: [ app_init ] --END-- [ RunTime:0.002000s ]
INFO: [ app_begin ] --START--
INFO: Run Behavior\ReadHtmlCache [ RunTime:0.000000s ]
INFO: [ app_begin ] --END-- [ RunTime:0.002000s ]
INFO: [ action_begin ] --START--
INFO: [ action_begin ] --END-- [ RunTime:0.001000s ]
NOTIC: [8192] mysql_connect(): The mysql extension is deprecated and will be removed in the future: use mysqli or PDO instead F:\orange\luntan\ThinkPHP\Library\Think\Db\Driver\Mysql.class.php 第 52 行.
SQL: SHOW COLUMNS FROM `article` [ RunTime:0.009001s ]
SQL: SHOW COLUMNS FROM `reply` [ RunTime:0.009001s ]
SQL: SHOW COLUMNS FROM `user` [ RunTime:0.009000s ]
SQL: SELECT COUNT(*) AS tp_count FROM `article` WHERE ( states=1 and tag='1' ) LIMIT 1   [ RunTime:0.001000s ]
SQL: select * from article where ( states=1 and tag='1') order by time desc Limit 0, 8 [ RunTime:0.001000s ]
SQL: SELECT COUNT(*) AS tp_count FROM `reply` WHERE ( a_id=2 and r_id=0 ) LIMIT 1   [ RunTime:0.002000s ]
SQL: SELECT * FROM `user` WHERE ( id=2 )  [ RunTime:0.001001s ]
INFO: [ view_begin ] --START--
INFO: [ view_begin ] --END-- [ RunTime:0.001000s ]
INFO: [ view_parse ] --START--
NOTIC: [2] Illegal string offset 'session' F:\orange\luntan\discuss\Runtime\Cache\2bc625079edd772d2995a98a84b128e7370d40fd.file.index.html.php 第 116 行.
NOTIC: [2] Illegal string offset 'session' F:\orange\luntan\discuss\Runtime\Cache\2bc625079edd772d2995a98a84b128e7370d40fd.file.index.html.php 第 124 行.
NOTIC: [2] Illegal string offset 'session' F:\orange\luntan\discuss\Runtime\Cache\2bc625079edd772d2995a98a84b128e7370d40fd.file.index.html.php 第 132 行.
INFO: Run Behavior\ParseTemplate [ RunTime:0.036002s ]
INFO: [ view_parse ] --END-- [ RunTime:0.038002s ]
INFO: [ view_filter ] --START--
INFO: Run Behavior\WriteHtmlCache [ RunTime:0.001000s ]
INFO: [ view_filter ] --END-- [ RunTime:0.001000s ]
INFO: [ view_end ] --START--
INFO: [ view_end ] --END-- [ RunTime:0.000000s ]
INFO: [ app_end ] --START--
INFO: Run Behavior\ShowPageTrace [ RunTime:0.001000s ]
INFO: [ app_end ] --END-- [ RunTime:0.001000s ]

[ 2016-09-05T19:41:19+08:00 ] ::1 /luntan/discuss/index.php?m=Home&c=Article&a=index&tag=1
INFO: [ app_init ] --START--
INFO: [ app_init ] --END-- [ RunTime:0.001000s ]
INFO: [ app_begin ] --START--
INFO: Run Behavior\ReadHtmlCache [ RunTime:0.002000s ]
INFO: [ app_begin ] --END-- [ RunTime:0.002000s ]
INFO: [ action_begin ] --START--
INFO: [ action_begin ] --END-- [ RunTime:0.001000s ]
NOTIC: [8192] mysql_connect(): The mysql extension is deprecated and will be removed in the future: use mysqli or PDO instead F:\orange\luntan\ThinkPHP\Library\Think\Db\Driver\Mysql.class.php 第 52 行.
SQL: SHOW COLUMNS FROM `article` [ RunTime:0.011000s ]
SQL: SHOW COLUMNS FROM `reply` [ RunTime:0.010000s ]
SQL: SHOW COLUMNS FROM `user` [ RunTime:0.010001s ]
SQL: SELECT COUNT(*) AS tp_count FROM `article` WHERE ( states=1 and tag='1' ) LIMIT 1   [ RunTime:0.001000s ]
SQL: select * from article where ( states=1 and tag='1') order by time desc Limit 0, 8 [ RunTime:0.001000s ]
SQL: SELECT COUNT(*) AS tp_count FROM `reply` WHERE ( a_id=2 and r_id=0 ) LIMIT 1   [ RunTime:0.001000s ]
SQL: SELECT * FROM `user` WHERE ( id=2 )  [ RunTime:0.001000s ]
INFO: [ view_begin ] --START--
INFO: [ view_begin ] --END-- [ RunTime:0.001000s ]
INFO: [ view_parse ] --START--
NOTIC: [2] Illegal string offset 'session' F:\orange\luntan\discuss\Runtime\Cache\2bc625079edd772d2995a98a84b128e7370d40fd.file.index.html.php 第 116 行.
NOTIC: [2] Illegal string offset 'session' F:\orange\luntan\discuss\Runtime\Cache\2bc625079edd772d2995a98a84b128e7370d40fd.file.index.html.php 第 124 行.
NOTIC: [2] Illegal string offset 'session' F:\orange\luntan\discuss\Runtime\Cache\2bc625079edd772d2995a98a84b128e7370d40fd.file.index.html.php 第 132 行.
INFO: Run Behavior\ParseTemplate [ RunTime:0.041003s ]
INFO: [ view_parse ] --END-- [ RunTime:0.043003s ]
INFO: [ view_filter ] --START--
INFO: Run Behavior\WriteHtmlCache [ RunTime:0.000000s ]
INFO: [ view_filter ] --END-- [ RunTime:0.001000s ]
INFO: [ view_end ] --START--
INFO: [ view_end ] --END-- [ RunTime:0.000000s ]
INFO: [ app_end ] --START--
INFO: Run Behavior\ShowPageTrace [ RunTime:0.001000s ]
INFO: [ app_end ] --END-- [ RunTime:0.002000s ]

[ 2016-09-05T19:41:19+08:00 ] ::1 /luntan/discuss/index.php?m=Home&c=Article&a=index&tag=1
INFO: [ app_init ] --START--
INFO: [ app_init ] --END-- [ RunTime:0.001000s ]
INFO: [ app_begin ] --START--
INFO: Run Behavior\ReadHtmlCache [ RunTime:0.001000s ]
INFO: [ app_begin ] --END-- [ RunTime:0.002000s ]
INFO: [ action_begin ] --START--
INFO: [ action_begin ] --END-- [ RunTime:0.001000s ]
NOTIC: [8192] mysql_connect(): The mysql extension is deprecated and will be removed in the future: use mysqli or PDO instead F:\orange\luntan\ThinkPHP\Library\Think\Db\Driver\Mysql.class.php 第 52 行.
SQL: SHOW COLUMNS FROM `article` [ RunTime:0.011001s ]
SQL: SHOW COLUMNS FROM `reply` [ RunTime:0.010001s ]
SQL: SHOW COLUMNS FROM `user` [ RunTime:0.013001s ]
SQL: SELECT COUNT(*) AS tp_count FROM `article` WHERE ( states=1 and tag='1' ) LIMIT 1   [ RunTime:0.001000s ]
SQL: select * from article where ( states=1 and tag='1') order by time desc Limit 0, 8 [ RunTime:0.002000s ]
SQL: SELECT COUNT(*) AS tp_count FROM `reply` WHERE ( a_id=2 and r_id=0 ) LIMIT 1   [ RunTime:0.002001s ]
SQL: SELECT * FROM `user` WHERE ( id=2 )  [ RunTime:0.001000s ]
INFO: [ view_begin ] --START--
INFO: [ view_begin ] --END-- [ RunTime:0.000000s ]
INFO: [ view_parse ] --START--
NOTIC: [2] Illegal string offset 'session' F:\orange\luntan\discuss\Runtime\Cache\2bc625079edd772d2995a98a84b128e7370d40fd.file.index.html.php 第 116 行.
NOTIC: [2] Illegal string offset 'session' F:\orange\luntan\discuss\Runtime\Cache\2bc625079edd772d2995a98a84b128e7370d40fd.file.index.html.php 第 124 行.
NOTIC: [2] Illegal string offset 'session' F:\orange\luntan\discuss\Runtime\Cache\2bc625079edd772d2995a98a84b128e7370d40fd.file.index.html.php 第 132 行.
INFO: Run Behavior\ParseTemplate [ RunTime:0.047003s ]
INFO: [ view_parse ] --END-- [ RunTime:0.049003s ]
INFO: [ view_filter ] --START--
INFO: Run Behavior\WriteHtmlCache [ RunTime:0.000000s ]
INFO: [ view_filter ] --END-- [ RunTime:0.001000s ]
INFO: [ view_end ] --START--
INFO: [ view_end ] --END-- [ RunTime:0.001000s ]
INFO: [ app_end ] --START--
INFO: Run Behavior\ShowPageTrace [ RunTime:0.000000s ]
INFO: [ app_end ] --END-- [ RunTime:0.002000s ]

[ 2016-09-05T19:41:50+08:00 ] ::1 /luntan/discuss/index.php?m=Home&c=Login&a=index
INFO: [ app_init ] --START--
INFO: [ app_init ] --END-- [ RunTime:0.002000s ]
INFO: [ app_begin ] --START--
INFO: Run Behavior\ReadHtmlCache [ RunTime:0.001000s ]
INFO: [ app_begin ] --END-- [ RunTime:0.002000s ]
INFO: [ action_begin ] --START--
INFO: [ action_begin ] --END-- [ RunTime:0.000000s ]
NOTIC: [8192] mysql_connect(): The mysql extension is deprecated and will be removed in the future: use mysqli or PDO instead F:\orange\luntan\ThinkPHP\Library\Think\Db\Driver\Mysql.class.php 第 52 行.
SQL: SHOW COLUMNS FROM `user` [ RunTime:0.011001s ]
INFO: [ view_begin ] --START--
INFO: [ view_begin ] --END-- [ RunTime:0.001000s ]
INFO: [ view_parse ] --START--
INFO: Run Behavior\ParseTemplate [ RunTime:0.042002s ]
INFO: [ view_parse ] --END-- [ RunTime:0.043002s ]
INFO: [ view_filter ] --START--
INFO: Run Behavior\WriteHtmlCache [ RunTime:0.000000s ]
INFO: [ view_filter ] --END-- [ RunTime:0.001000s ]
INFO: [ view_end ] --START--
INFO: [ view_end ] --END-- [ RunTime:0.001000s ]
INFO: [ app_end ] --START--
INFO: Run Behavior\ShowPageTrace [ RunTime:0.001000s ]
INFO: [ app_end ] --END-- [ RunTime:0.003000s ]

[ 2016-09-05T19:42:06+08:00 ] ::1 /luntan/discuss/index.php?m=Home&c=Login&a=index
INFO: [ app_init ] --START--
INFO: [ app_init ] --END-- [ RunTime:0.001000s ]
INFO: [ app_begin ] --START--
INFO: Run Behavior\ReadHtmlCache [ RunTime:0.001000s ]
INFO: [ app_begin ] --END-- [ RunTime:0.002000s ]
INFO: [ action_begin ] --START--
INFO: [ action_begin ] --END-- [ RunTime:0.000000s ]
NOTIC: [8192] mysql_connect(): The mysql extension is deprecated and will be removed in the future: use mysqli or PDO instead F:\orange\luntan\ThinkPHP\Library\Think\Db\Driver\Mysql.class.php 第 52 行.
SQL: SHOW COLUMNS FROM `user` [ RunTime:0.031002s ]
SQL: SELECT * FROM `user` WHERE ( `username` = 'nannan' ) LIMIT 1   [ RunTime:0.000000s ]
NOTIC: [8] A session had already been started - ignoring session_start() F:\orange\luntan\ThinkPHP\Common\functions.php 第 1056 行.

[ 2016-09-05T19:42:06+08:00 ] ::1 /luntan/discuss/index.php?m=Home&c=Article&a=index&tag=1
INFO: [ app_init ] --START--
INFO: [ app_init ] --END-- [ RunTime:0.002000s ]
INFO: [ app_begin ] --START--
INFO: Run Behavior\ReadHtmlCache [ RunTime:0.001000s ]
INFO: [ app_begin ] --END-- [ RunTime:0.002000s ]
INFO: [ action_begin ] --START--
INFO: [ action_begin ] --END-- [ RunTime:0.000000s ]
NOTIC: [8192] mysql_connect(): The mysql extension is deprecated and will be removed in the future: use mysqli or PDO instead F:\orange\luntan\ThinkPHP\Library\Think\Db\Driver\Mysql.class.php 第 52 行.
SQL: SHOW COLUMNS FROM `article` [ RunTime:0.011001s ]
SQL: SHOW COLUMNS FROM `reply` [ RunTime:0.009001s ]
SQL: SHOW COLUMNS FROM `user` [ RunTime:0.011000s ]
SQL: SELECT COUNT(*) AS tp_count FROM `article` WHERE ( states=1 and tag='1' ) LIMIT 1   [ RunTime:0.001000s ]
SQL: select * from article where ( states=1 and tag='1') order by time desc Limit 0, 8 [ RunTime:0.002000s ]
SQL: SELECT COUNT(*) AS tp_count FROM `reply` WHERE ( a_id=2 and r_id=0 ) LIMIT 1   [ RunTime:0.001000s ]
SQL: SELECT * FROM `user` WHERE ( id=2 )  [ RunTime:0.002000s ]
INFO: [ view_begin ] --START--
INFO: [ view_begin ] --END-- [ RunTime:0.001001s ]
INFO: [ view_parse ] --START--
NOTIC: [2] Illegal string offset 'session' F:\orange\luntan\discuss\Runtime\Cache\2bc625079edd772d2995a98a84b128e7370d40fd.file.index.html.php 第 116 行.
NOTIC: [2] Illegal string offset 'session' F:\orange\luntan\discuss\Runtime\Cache\2bc625079edd772d2995a98a84b128e7370d40fd.file.index.html.php 第 124 行.
NOTIC: [2] Illegal string offset 'session' F:\orange\luntan\discuss\Runtime\Cache\2bc625079edd772d2995a98a84b128e7370d40fd.file.index.html.php 第 132 行.
INFO: Run Behavior\ParseTemplate [ RunTime:0.041002s ]
INFO: [ view_parse ] --END-- [ RunTime:0.042002s ]
INFO: [ view_filter ] --START--
INFO: Run Behavior\WriteHtmlCache [ RunTime:0.000000s ]
INFO: [ view_filter ] --END-- [ RunTime:0.002000s ]
INFO: [ view_end ] --START--
INFO: [ view_end ] --END-- [ RunTime:0.001000s ]
INFO: [ app_end ] --START--
INFO: Run Behavior\ShowPageTrace [ RunTime:0.000000s ]
INFO: [ app_end ] --END-- [ RunTime:0.002000s ]

[ 2016-09-05T19:42:26+08:00 ] ::1 /luntan/discuss/index.php?m=Home&c=Login&a=index
INFO: [ app_init ] --START--
INFO: [ app_init ] --END-- [ RunTime:0.001000s ]
INFO: [ app_begin ] --START--
INFO: Run Behavior\ReadHtmlCache [ RunTime:0.001000s ]
INFO: [ app_begin ] --END-- [ RunTime:0.001000s ]
INFO: [ action_begin ] --START--
INFO: [ action_begin ] --END-- [ RunTime:0.001000s ]
NOTIC: [8192] mysql_connect(): The mysql extension is deprecated and will be removed in the future: use mysqli or PDO instead F:\orange\luntan\ThinkPHP\Library\Think\Db\Driver\Mysql.class.php 第 52 行.
SQL: SHOW COLUMNS FROM `user` [ RunTime:0.009001s ]
INFO: [ view_begin ] --START--
INFO: [ view_begin ] --END-- [ RunTime:0.000000s ]
INFO: [ view_parse ] --START--
INFO: Run Behavior\ParseTemplate [ RunTime:0.039002s ]
INFO: [ view_parse ] --END-- [ RunTime:0.039002s ]
INFO: [ view_filter ] --START--
INFO: Run Behavior\WriteHtmlCache [ RunTime:0.000000s ]
INFO: [ view_filter ] --END-- [ RunTime:0.002001s ]
INFO: [ view_end ] --START--
INFO: [ view_end ] --END-- [ RunTime:0.001000s ]
INFO: [ app_end ] --START--
INFO: Run Behavior\ShowPageTrace [ RunTime:0.001000s ]
INFO: [ app_end ] --END-- [ RunTime:0.002000s ]

[ 2016-09-05T19:42:34+08:00 ] ::1 /luntan/discuss/index.php?m=Home&c=Login&a=index
INFO: [ app_init ] --START--
INFO: [ app_init ] --END-- [ RunTime:0.002000s ]
INFO: [ app_begin ] --START--
INFO: Run Behavior\ReadHtmlCache [ RunTime:0.001000s ]
INFO: [ app_begin ] --END-- [ RunTime:0.002000s ]
INFO: [ action_begin ] --START--
INFO: [ action_begin ] --END-- [ RunTime:0.000000s ]
NOTIC: [8192] mysql_connect(): The mysql extension is deprecated and will be removed in the future: use mysqli or PDO instead F:\orange\luntan\ThinkPHP\Library\Think\Db\Driver\Mysql.class.php 第 52 行.
SQL: SHOW COLUMNS FROM `user` [ RunTime:0.010001s ]
SQL: SELECT * FROM `user` WHERE ( `username` = 'tmac' ) LIMIT 1   [ RunTime:0.001000s ]
NOTIC: [8] A session had already been started - ignoring session_start() F:\orange\luntan\ThinkPHP\Common\functions.php 第 1056 行.

[ 2016-09-05T19:42:34+08:00 ] ::1 /luntan/discuss/index.php?m=Home&c=Article&a=index&tag=1
INFO: [ app_init ] --START--
INFO: [ app_init ] --END-- [ RunTime:0.002000s ]
INFO: [ app_begin ] --START--
INFO: Run Behavior\ReadHtmlCache [ RunTime:0.001000s ]
INFO: [ app_begin ] --END-- [ RunTime:0.002000s ]
INFO: [ action_begin ] --START--
INFO: [ action_begin ] --END-- [ RunTime:0.000000s ]
NOTIC: [8192] mysql_connect(): The mysql extension is deprecated and will be removed in the future: use mysqli or PDO instead F:\orange\luntan\ThinkPHP\Library\Think\Db\Driver\Mysql.class.php 第 52 行.
SQL: SHOW COLUMNS FROM `article` [ RunTime:0.010001s ]
SQL: SHOW COLUMNS FROM `reply` [ RunTime:0.009001s ]
SQL: SHOW COLUMNS FROM `user` [ RunTime:0.010000s ]
SQL: SELECT COUNT(*) AS tp_count FROM `article` WHERE ( states=1 and tag='1' ) LIMIT 1   [ RunTime:0.001000s ]
SQL: select * from article where ( states=1 and tag='1') order by time desc Limit 0, 8 [ RunTime:0.001000s ]
SQL: SELECT COUNT(*) AS tp_count FROM `reply` WHERE ( a_id=2 and r_id=0 ) LIMIT 1   [ RunTime:0.001000s ]
SQL: SELECT * FROM `user` WHERE ( id=2 )  [ RunTime:0.001000s ]
INFO: [ view_begin ] --START--
INFO: [ view_begin ] --END-- [ RunTime:0.000000s ]
INFO: [ view_parse ] --START--
NOTIC: [2] Illegal string offset 'session' F:\orange\luntan\discuss\Runtime\Cache\2bc625079edd772d2995a98a84b128e7370d40fd.file.index.html.php 第 116 行.
NOTIC: [2] Illegal string offset 'session' F:\orange\luntan\discuss\Runtime\Cache\2bc625079edd772d2995a98a84b128e7370d40fd.file.index.html.php 第 124 行.
NOTIC: [2] Illegal string offset 'session' F:\orange\luntan\discuss\Runtime\Cache\2bc625079edd772d2995a98a84b128e7370d40fd.file.index.html.php 第 132 行.
INFO: Run Behavior\ParseTemplate [ RunTime:0.037002s ]
INFO: [ view_parse ] --END-- [ RunTime:0.037002s ]
INFO: [ view_filter ] --START--
INFO: Run Behavior\WriteHtmlCache [ RunTime:0.000000s ]
INFO: [ view_filter ] --END-- [ RunTime:0.001000s ]
INFO: [ view_end ] --START--
INFO: [ view_end ] --END-- [ RunTime:0.000000s ]
INFO: [ app_end ] --START--
INFO: Run Behavior\ShowPageTrace [ RunTime:0.001000s ]
INFO: [ app_end ] --END-- [ RunTime:0.003000s ]

[ 2016-09-05T19:42:36+08:00 ] ::1 /luntan/discuss/index.php?m=Home&c=Login&a=index
INFO: [ app_init ] --START--
INFO: [ app_init ] --END-- [ RunTime:0.002000s ]
INFO: [ app_begin ] --START--
INFO: Run Behavior\ReadHtmlCache [ RunTime:0.001000s ]
INFO: [ app_begin ] --END-- [ RunTime:0.002000s ]
INFO: [ action_begin ] --START--
INFO: [ action_begin ] --END-- [ RunTime:0.000000s ]
NOTIC: [8192] mysql_connect(): The mysql extension is deprecated and will be removed in the future: use mysqli or PDO instead F:\orange\luntan\ThinkPHP\Library\Think\Db\Driver\Mysql.class.php 第 52 行.
SQL: SHOW COLUMNS FROM `user` [ RunTime:0.009001s ]
INFO: [ view_begin ] --START--
INFO: [ view_begin ] --END-- [ RunTime:0.000000s ]
INFO: [ view_parse ] --START--
INFO: Run Behavior\ParseTemplate [ RunTime:0.036002s ]
INFO: [ view_parse ] --END-- [ RunTime:0.037002s ]
INFO: [ view_filter ] --START--
INFO: Run Behavior\WriteHtmlCache [ RunTime:0.000000s ]
INFO: [ view_filter ] --END-- [ RunTime:0.001000s ]
INFO: [ view_end ] --START--
INFO: [ view_end ] --END-- [ RunTime:0.000000s ]
INFO: [ app_end ] --START--
INFO: Run Behavior\ShowPageTrace [ RunTime:0.001000s ]
INFO: [ app_end ] --END-- [ RunTime:0.001000s ]

[ 2016-09-05T19:42:55+08:00 ] ::1 /luntan/discuss/index.php/Home/Article/detail?id=2
INFO: [ app_init ] --START--
INFO: [ app_init ] --END-- [ RunTime:0.002000s ]
INFO: [ path_info ] --START--
INFO: [ path_info ] --END-- [ RunTime:0.000000s ]
INFO: [ app_begin ] --START--
INFO: Run Behavior\ReadHtmlCache [ RunTime:0.001000s ]
INFO: [ app_begin ] --END-- [ RunTime:0.002000s ]
INFO: [ action_begin ] --START--
INFO: [ action_begin ] --END-- [ RunTime:0.000000s ]
NOTIC: [8192] mysql_connect(): The mysql extension is deprecated and will be removed in the future: use mysqli or PDO instead F:\orange\luntan\ThinkPHP\Library\Think\Db\Driver\Mysql.class.php 第 52 行.
SQL: SHOW COLUMNS FROM `article` [ RunTime:0.009000s ]
SQL: SHOW COLUMNS FROM `reply` [ RunTime:0.008000s ]
SQL: SHOW COLUMNS FROM `user` [ RunTime:0.009001s ]
SQL: SHOW COLUMNS FROM `picture` [ RunTime:0.009000s ]
SQL: SELECT * FROM `article` WHERE ( id=2 )  [ RunTime:0.001000s ]
SQL: SELECT COUNT(*) AS tp_count FROM `reply` WHERE ( a_id=2 and r_id =0 ) LIMIT 1   [ RunTime:0.001000s ]
SQL: SELECT * FROM `reply` WHERE ( a_id=2 and r_id =0 ) ORDER BY time desc  [ RunTime:0.002000s ]
SQL: SELECT * FROM `user` WHERE ( id=2 )  [ RunTime:0.002000s ]
SQL: SELECT * FROM `reply` WHERE ( a_id=2 and r_id!=0 ) ORDER BY time desc  [ RunTime:0.001000s ]
SQL: SELECT COUNT(*) AS tp_count FROM `reply` WHERE ( a_id=2 and r_id!=0 ) LIMIT 1   [ RunTime:0.001000s ]
SQL: SELECT * FROM `user` WHERE ( id=4 )  [ RunTime:0.002000s ]
INFO: [ view_begin ] --START--
INFO: [ view_begin ] --END-- [ RunTime:0.000000s ]
INFO: [ view_parse ] --START--
NOTIC: [8] Undefined index: pagelist F:\orange\luntan\discuss\Runtime\Cache\2167ef402be1945f1bdbc925f4ca71da30e26da2.file.detail.html.php 第 270 行.
NOTIC: [8] Trying to get property of non-object F:\orange\luntan\discuss\Runtime\Cache\2167ef402be1945f1bdbc925f4ca71da30e26da2.file.detail.html.php 第 270 行.
INFO: Run Behavior\ParseTemplate [ RunTime:0.038002s ]
INFO: [ view_parse ] --END-- [ RunTime:0.038002s ]
INFO: [ view_filter ] --START--
INFO: Run Behavior\WriteHtmlCache [ RunTime:0.000000s ]
INFO: [ view_filter ] --END-- [ RunTime:0.001000s ]
INFO: [ view_end ] --START--
INFO: [ view_end ] --END-- [ RunTime:0.000000s ]
INFO: [ app_end ] --START--
INFO: Run Behavior\ShowPageTrace [ RunTime:0.001001s ]
INFO: [ app_end ] --END-- [ RunTime:0.002001s ]

[ 2016-09-05T19:42:58+08:00 ] ::1 /luntan/discuss/index.php/Home/Index/index.html
INFO: [ app_init ] --START--
INFO: [ app_init ] --END-- [ RunTime:0.002000s ]
INFO: [ path_info ] --START--
INFO: [ path_info ] --END-- [ RunTime:0.000000s ]
INFO: [ app_begin ] --START--
INFO: Run Behavior\ReadHtmlCache [ RunTime:0.001000s ]
INFO: [ app_begin ] --END-- [ RunTime:0.002000s ]
INFO: [ action_begin ] --START--
INFO: [ action_begin ] --END-- [ RunTime:0.000000s ]
INFO: [ view_begin ] --START--
INFO: [ view_begin ] --END-- [ RunTime:0.000000s ]
INFO: [ view_parse ] --START--
INFO: Run Behavior\ParseTemplate [ RunTime:0.035002s ]
INFO: [ view_parse ] --END-- [ RunTime:0.036002s ]
INFO: [ view_filter ] --START--
INFO: Run Behavior\WriteHtmlCache [ RunTime:0.000000s ]
INFO: [ view_filter ] --END-- [ RunTime:0.001000s ]
INFO: [ view_end ] --START--
INFO: [ view_end ] --END-- [ RunTime:0.000000s ]
INFO: [ app_end ] --START--
INFO: Run Behavior\ShowPageTrace [ RunTime:0.001000s ]
INFO: [ app_end ] --END-- [ RunTime:0.002000s ]

[ 2016-09-05T19:42:59+08:00 ] ::1 /luntan/discuss/index.php/Home/Article/index?tag=1
INFO: [ app_init ] --START--
INFO: [ app_init ] --END-- [ RunTime:0.001000s ]
INFO: [ path_info ] --START--
INFO: [ path_info ] --END-- [ RunTime:0.001000s ]
INFO: [ app_begin ] --START--
INFO: Run Behavior\ReadHtmlCache [ RunTime:0.001000s ]
INFO: [ app_begin ] --END-- [ RunTime:0.002000s ]
INFO: [ action_begin ] --START--
INFO: [ action_begin ] --END-- [ RunTime:0.000000s ]
NOTIC: [8192] mysql_connect(): The mysql extension is deprecated and will be removed in the future: use mysqli or PDO instead F:\orange\luntan\ThinkPHP\Library\Think\Db\Driver\Mysql.class.php 第 52 行.
SQL: SHOW COLUMNS FROM `article` [ RunTime:0.009001s ]
SQL: SHOW COLUMNS FROM `reply` [ RunTime:0.009001s ]
SQL: SHOW COLUMNS FROM `user` [ RunTime:0.010000s ]
SQL: SELECT COUNT(*) AS tp_count FROM `article` WHERE ( states=1 and tag='1' ) LIMIT 1   [ RunTime:0.002000s ]
SQL: select * from article where ( states=1 and tag='1') order by time desc Limit 0, 8 [ RunTime:0.001000s ]
SQL: SELECT COUNT(*) AS tp_count FROM `reply` WHERE ( a_id=2 and r_id=0 ) LIMIT 1   [ RunTime:0.001000s ]
SQL: SELECT * FROM `user` WHERE ( id=2 )  [ RunTime:0.001000s ]
INFO: [ view_begin ] --START--
INFO: [ view_begin ] --END-- [ RunTime:0.001001s ]
INFO: [ view_parse ] --START--
NOTIC: [2] Illegal string offset 'session' F:\orange\luntan\discuss\Runtime\Cache\2bc625079edd772d2995a98a84b128e7370d40fd.file.index.html.php 第 116 行.
NOTIC: [2] Illegal string offset 'session' F:\orange\luntan\discuss\Runtime\Cache\2bc625079edd772d2995a98a84b128e7370d40fd.file.index.html.php 第 124 行.
NOTIC: [2] Illegal string offset 'session' F:\orange\luntan\discuss\Runtime\Cache\2bc625079edd772d2995a98a84b128e7370d40fd.file.index.html.php 第 132 行.
INFO: Run Behavior\ParseTemplate [ RunTime:0.037002s ]
INFO: [ view_parse ] --END-- [ RunTime:0.038002s ]
INFO: [ view_filter ] --START--
INFO: Run Behavior\WriteHtmlCache [ RunTime:0.000000s ]
INFO: [ view_filter ] --END-- [ RunTime:0.002000s ]
INFO: [ view_end ] --START--
INFO: [ view_end ] --END-- [ RunTime:0.001000s ]
INFO: [ app_end ] --START--
INFO: Run Behavior\ShowPageTrace [ RunTime:0.001000s ]
INFO: [ app_end ] --END-- [ RunTime:0.002000s ]

[ 2016-09-05T19:43:16+08:00 ] ::1 /luntan/discuss/index.php/Home/Register/index
INFO: [ app_init ] --START--
INFO: [ app_init ] --END-- [ RunTime:0.002000s ]
INFO: [ path_info ] --START--
INFO: [ path_info ] --END-- [ RunTime:0.000000s ]
INFO: [ app_begin ] --START--
INFO: Run Behavior\ReadHtmlCache [ RunTime:0.001000s ]
INFO: [ app_begin ] --END-- [ RunTime:0.001000s ]
INFO: [ action_begin ] --START--
INFO: [ action_begin ] --END-- [ RunTime:0.000000s ]
NOTIC: [8192] mysql_connect(): The mysql extension is deprecated and will be removed in the future: use mysqli or PDO instead F:\orange\luntan\ThinkPHP\Library\Think\Db\Driver\Mysql.class.php 第 52 行.
SQL: SHOW COLUMNS FROM `user` [ RunTime:0.009000s ]
INFO: [ view_begin ] --START--
INFO: [ view_begin ] --END-- [ RunTime:0.000000s ]
INFO: [ view_parse ] --START--
INFO: Run Behavior\ParseTemplate [ RunTime:0.036002s ]
INFO: [ view_parse ] --END-- [ RunTime:0.038002s ]
INFO: [ view_filter ] --START--
INFO: Run Behavior\WriteHtmlCache [ RunTime:0.001000s ]
INFO: [ view_filter ] --END-- [ RunTime:0.001000s ]
INFO: [ view_end ] --START--
INFO: [ view_end ] --END-- [ RunTime:0.000000s ]
INFO: [ app_end ] --START--
INFO: Run Behavior\ShowPageTrace [ RunTime:0.001000s ]
INFO: [ app_end ] --END-- [ RunTime:0.002000s ]

[ 2016-09-05T19:43:18+08:00 ] ::1 /luntan/discuss/index.php/Home/Login/index
INFO: [ app_init ] --START--
INFO: [ app_init ] --END-- [ RunTime:0.001000s ]
INFO: [ path_info ] --START--
INFO: [ path_info ] --END-- [ RunTime:0.000000s ]
INFO: [ app_begin ] --START--
INFO: Run Behavior\ReadHtmlCache [ RunTime:0.001000s ]
INFO: [ app_begin ] --END-- [ RunTime:0.001000s ]
INFO: [ action_begin ] --START--
INFO: [ action_begin ] --END-- [ RunTime:0.000000s ]
NOTIC: [8192] mysql_connect(): The mysql extension is deprecated and will be removed in the future: use mysqli or PDO instead F:\orange\luntan\ThinkPHP\Library\Think\Db\Driver\Mysql.class.php 第 52 行.
SQL: SHOW COLUMNS FROM `user` [ RunTime:0.012001s ]
INFO: [ view_begin ] --START--
INFO: [ view_begin ] --END-- [ RunTime:0.000000s ]
INFO: [ view_parse ] --START--
INFO: Run Behavior\ParseTemplate [ RunTime:0.037002s ]
INFO: [ view_parse ] --END-- [ RunTime:0.037002s ]
INFO: [ view_filter ] --START--
INFO: Run Behavior\WriteHtmlCache [ RunTime:0.001000s ]
INFO: [ view_filter ] --END-- [ RunTime:0.001000s ]
INFO: [ view_end ] --START--
INFO: [ view_end ] --END-- [ RunTime:0.000000s ]
INFO: [ app_end ] --START--
INFO: Run Behavior\ShowPageTrace [ RunTime:0.001000s ]
INFO: [ app_end ] --END-- [ RunTime:0.001000s ]

[ 2016-09-05T19:43:19+08:00 ] ::1 /luntan/discuss/index.php/Home/Login/index
INFO: [ app_init ] --START--
INFO: [ app_init ] --END-- [ RunTime:0.002000s ]
INFO: [ path_info ] --START--
INFO: [ path_info ] --END-- [ RunTime:0.001000s ]
INFO: [ app_begin ] --START--
INFO: Run Behavior\ReadHtmlCache [ RunTime:0.001000s ]
INFO: [ app_begin ] --END-- [ RunTime:0.001000s ]
INFO: [ action_begin ] --START--
INFO: [ action_begin ] --END-- [ RunTime:0.000000s ]
NOTIC: [8192] mysql_connect(): The mysql extension is deprecated and will be removed in the future: use mysqli or PDO instead F:\orange\luntan\ThinkPHP\Library\Think\Db\Driver\Mysql.class.php 第 52 行.
SQL: SHOW COLUMNS FROM `user` [ RunTime:0.010001s ]
SQL: SELECT * FROM `user` WHERE ( `username` = 'tmac' ) LIMIT 1   [ RunTime:0.001000s ]
NOTIC: [8] A session had already been started - ignoring session_start() F:\orange\luntan\ThinkPHP\Common\functions.php 第 1056 行.

[ 2016-09-05T19:43:19+08:00 ] ::1 /luntan/discuss/index.php?m=Home&c=Article&a=index&tag=1
INFO: [ app_init ] --START--
INFO: [ app_init ] --END-- [ RunTime:0.001000s ]
INFO: [ app_begin ] --START--
INFO: Run Behavior\ReadHtmlCache [ RunTime:0.001000s ]
INFO: [ app_begin ] --END-- [ RunTime:0.002000s ]
INFO: [ action_begin ] --START--
INFO: [ action_begin ] --END-- [ RunTime:0.000000s ]
NOTIC: [8192] mysql_connect(): The mysql extension is deprecated and will be removed in the future: use mysqli or PDO instead F:\orange\luntan\ThinkPHP\Library\Think\Db\Driver\Mysql.class.php 第 52 行.
SQL: SHOW COLUMNS FROM `article` [ RunTime:0.010001s ]
SQL: SHOW COLUMNS FROM `reply` [ RunTime:0.010001s ]
SQL: SHOW COLUMNS FROM `user` [ RunTime:0.011000s ]
SQL: SELECT COUNT(*) AS tp_count FROM `article` WHERE ( states=1 and tag='1' ) LIMIT 1   [ RunTime:0.001000s ]
SQL: select * from article where ( states=1 and tag='1') order by time desc Limit 0, 8 [ RunTime:0.002000s ]
SQL: SELECT COUNT(*) AS tp_count FROM `reply` WHERE ( a_id=2 and r_id=0 ) LIMIT 1   [ RunTime:0.001000s ]
SQL: SELECT * FROM `user` WHERE ( id=2 )  [ RunTime:0.001000s ]
INFO: [ view_begin ] --START--
INFO: [ view_begin ] --END-- [ RunTime:0.001000s ]
INFO: [ view_parse ] --START--
NOTIC: [2] Illegal string offset 'session' F:\orange\luntan\discuss\Runtime\Cache\2bc625079edd772d2995a98a84b128e7370d40fd.file.index.html.php 第 116 行.
NOTIC: [2] Illegal string offset 'session' F:\orange\luntan\discuss\Runtime\Cache\2bc625079edd772d2995a98a84b128e7370d40fd.file.index.html.php 第 124 行.
NOTIC: [2] Illegal string offset 'session' F:\orange\luntan\discuss\Runtime\Cache\2bc625079edd772d2995a98a84b128e7370d40fd.file.index.html.php 第 132 行.
INFO: Run Behavior\ParseTemplate [ RunTime:0.038002s ]
INFO: [ view_parse ] --END-- [ RunTime:0.040002s ]
INFO: [ view_filter ] --START--
INFO: Run Behavior\WriteHtmlCache [ RunTime:0.000000s ]
INFO: [ view_filter ] --END-- [ RunTime:0.001000s ]
INFO: [ view_end ] --START--
INFO: [ view_end ] --END-- [ RunTime:0.000000s ]
INFO: [ app_end ] --START--
INFO: Run Behavior\ShowPageTrace [ RunTime:0.001000s ]
INFO: [ app_end ] --END-- [ RunTime:0.001000s ]

